2025-02-14 11:21:36,686 [INFO] Activator:176 - 


2025-02-14 11:21:36,693 [INFO] Activator:177 - !SESSION log4j initialized
2025-02-14 11:21:43,041 [INFO] LogOutputStream:77 - [STDOUT_REDIRECT] 
2025-02-14 11:21:46,325 [INFO] ApplicationProperties:184 - Using Application install path: D:\STM32CubeIDE_1.17.0\STM32CubeIDE\plugins\com.st.stm32cube.common.mx_6.13.0.202411220809
2025-02-14 11:21:46,356 [INFO] DbMcusXml:78 - Set database path to: D:\STM32CubeIDE_1.17.0\STM32CubeIDE\plugins\com.st.stm32cube.common.mx_6.13.0.202411220809\\db\/mcu/
2025-02-14 11:21:46,356 [INFO] ApiDb:274 - Set plugin database path to: D:\STM32CubeIDE_1.17.0\STM32CubeIDE\plugins\com.st.stm32cube.common.mx_6.13.0.202411220809\\db\/plugins/boardmanager/
2025-02-14 11:21:46,365 [WARN] ApiDb:259 - Overriding images path with different value:  => D:\STM32CubeIDE_1.17.0\STM32CubeIDE\plugins\com.st.stm32cube.common.mx_6.13.0.202411220809\\db\/plugins/mcufinder/images/
2025-02-14 11:21:46,379 [INFO] ApiDb:250 - Set database path to: C:\Users\lemon\.stmcufinder\plugins\mcufinder//mcu/
2025-02-14 11:21:46,381 [INFO] DbMcusAds:125 - Set database path to: C:\Users\lemon\.stmcufinder\plugins\mcufinder//mcu/
2025-02-14 11:21:46,385 [INFO] CrossReferenceDbSqlite:203 - Set database path to: C:\Users\lemon\.stmcufinder\plugins\mcufinder//mcu/cs/
2025-02-14 11:21:46,523 [INFO] RulesReader:64 - Compatibility file has been processed (297 Rules)
2025-02-14 11:21:46,620 [INFO] DbMcusXml:78 - Set database path to: D:\STM32CubeIDE_1.17.0\STM32CubeIDE\plugins\com.st.stm32cube.common.mx_6.13.0.202411220809\\db\/mcu/
2025-02-14 11:21:46,620 [INFO] ApiDb:274 - Set plugin database path to: D:\STM32CubeIDE_1.17.0\STM32CubeIDE\plugins\com.st.stm32cube.common.mx_6.13.0.202411220809\\db\/plugins/boardmanager/
2025-02-14 11:21:46,620 [INFO] ApiDb:261 - Set plugin images path to: D:\STM32CubeIDE_1.17.0\STM32CubeIDE\plugins\com.st.stm32cube.common.mx_6.13.0.202411220809\\db\/plugins/mcufinder/images/
2025-02-14 11:21:46,621 [WARN] DbFile:41 - Overriding database path with different value: C:\Users\lemon\.stmcufinder\plugins\mcufinder/ => C:\Users\lemon\.stmcufinder\plugins\mcufinder
2025-02-14 11:21:46,621 [INFO] ApiDb:250 - Set database path to: C:\Users\lemon\.stmcufinder\plugins\mcufinder//mcu/
2025-02-14 11:21:46,621 [WARN] DbFile:41 - Overriding database path with different value: C:\Users\lemon\.stmcufinder\plugins\mcufinder/ => C:\Users\lemon\.stmcufinder\plugins\mcufinder
2025-02-14 11:21:46,621 [INFO] DbMcusAds:125 - Set database path to: C:\Users\lemon\.stmcufinder\plugins\mcufinder//mcu/
2025-02-14 11:21:46,621 [WARN] DbFile:41 - Overriding database path with different value: C:\Users\lemon\.stmcufinder\plugins\mcufinder/ => C:\Users\lemon\.stmcufinder\plugins\mcufinder
2025-02-14 11:21:46,621 [WARN] DbFile:41 - Overriding database path with different value: C:\Users\lemon\.stmcufinder\plugins\mcufinder/ => C:\Users\lemon\.stmcufinder\plugins\mcufinder
2025-02-14 11:21:46,621 [INFO] CrossReferenceDbSqlite:203 - Set database path to: C:\Users\lemon\.stmcufinder\plugins\mcufinder//mcu/cs/
2025-02-14 11:21:46,702 [INFO] MainPanel:272 - HeapMemory: 268435456
2025-02-14 11:21:46,930 [INFO] DbMcusXml:78 - Set database path to: D:\STM32CubeIDE_1.17.0\STM32CubeIDE\plugins\com.st.stm32cube.common.mx_6.13.0.202411220809\\db\/mcu/
2025-02-14 11:21:46,930 [INFO] ApiDb:274 - Set plugin database path to: D:\STM32CubeIDE_1.17.0\STM32CubeIDE\plugins\com.st.stm32cube.common.mx_6.13.0.202411220809\\db\/plugins/boardmanager/
2025-02-14 11:21:46,930 [INFO] ApiDb:261 - Set plugin images path to: D:\STM32CubeIDE_1.17.0\STM32CubeIDE\plugins\com.st.stm32cube.common.mx_6.13.0.202411220809\\db\/plugins/mcufinder/images/
2025-02-14 11:21:46,930 [WARN] DbFile:41 - Overriding database path with different value: C:\Users\lemon\.stmcufinder\plugins\mcufinder/ => C:\Users\lemon\.stmcufinder\plugins\mcufinder
2025-02-14 11:21:46,931 [INFO] ApiDb:250 - Set database path to: C:\Users\lemon\.stmcufinder\plugins\mcufinder//mcu/
2025-02-14 11:21:46,931 [WARN] DbFile:41 - Overriding database path with different value: C:\Users\lemon\.stmcufinder\plugins\mcufinder/ => C:\Users\lemon\.stmcufinder\plugins\mcufinder
2025-02-14 11:21:46,931 [INFO] DbMcusAds:125 - Set database path to: C:\Users\lemon\.stmcufinder\plugins\mcufinder//mcu/
2025-02-14 11:21:46,931 [WARN] DbFile:41 - Overriding database path with different value: C:\Users\lemon\.stmcufinder\plugins\mcufinder/ => C:\Users\lemon\.stmcufinder\plugins\mcufinder
2025-02-14 11:21:46,931 [WARN] DbFile:41 - Overriding database path with different value: C:\Users\lemon\.stmcufinder\plugins\mcufinder/ => C:\Users\lemon\.stmcufinder\plugins\mcufinder
2025-02-14 11:21:46,931 [INFO] CrossReferenceDbSqlite:203 - Set database path to: C:\Users\lemon\.stmcufinder\plugins\mcufinder//mcu/cs/
2025-02-14 11:21:46,963 [INFO] ApplicationProperties:184 - Using Application install path: D:\STM32CubeIDE_1.17.0\STM32CubeIDE\plugins\com.st.stm32cube.common.mx_6.13.0.202411220809
2025-02-14 11:21:46,967 [INFO] PluginManage:196 - Search for loadable plugins [exclusion list=, ]
2025-02-14 11:21:46,969 [INFO] PluginManage:310 - Check plugin analytics
2025-02-14 11:21:47,288 [INFO] AnalyticsPlugin:253 - Accepted Software Licenses: 
2025-02-14 11:21:47,288 [INFO] AnalyticsPlugin:255 - Accepted CMSIS Pack Licenses: 
2025-02-14 11:21:47,288 [INFO] AnalyticsPlugin:257 - Accepted Firmware Licenses: FW.G4.1.6.0
2025-02-14 11:21:47,293 [INFO] PluginManage:359 - Loaded plugin analytics (category:tool,tabindex:-1)
2025-02-14 11:21:47,294 [INFO] PluginManage:310 - Check plugin cadmodel
2025-02-14 11:21:47,301 [INFO] CADModel:105 - Init CAD model plugin
2025-02-14 11:21:47,302 [INFO] PluginManage:359 - Loaded plugin cadmodel (category:power,tabindex:5)
2025-02-14 11:21:47,302 [INFO] PluginManage:310 - Check plugin clock
2025-02-14 11:21:47,325 [INFO] PluginManage:359 - Loaded plugin clock (category:base,tabindex:2)
2025-02-14 11:21:47,325 [INFO] PluginManage:310 - Check plugin ddr
2025-02-14 11:21:47,328 [INFO] PluginManage:359 - Loaded plugin ddr (category:tool,tabindex:6)
2025-02-14 11:21:47,328 [INFO] PluginManage:310 - Check plugin filemanager
2025-02-14 11:21:47,523 [INFO] PluginManage:359 - Loaded plugin filemanager (category:base,tabindex:10)
2025-02-14 11:21:47,523 [INFO] PluginManage:310 - Check plugin ipmanager
2025-02-14 11:21:47,534 [INFO] PluginManage:359 - Loaded plugin ipmanager (category:base,tabindex:5)
2025-02-14 11:21:47,535 [INFO] PluginManage:310 - Check plugin lpbam
2025-02-14 11:21:47,551 [INFO] PluginManage:359 - Loaded plugin lpbam (category:base,tabindex:0)
2025-02-14 11:21:47,552 [INFO] PluginManage:310 - Check plugin memorymap
2025-02-14 11:21:47,575 [INFO] PluginManage:359 - Loaded plugin memorymap (category:base,tabindex:4)
2025-02-14 11:21:47,575 [INFO] PluginManage:310 - Check plugin pinoutandconfiguration
2025-02-14 11:21:47,587 [INFO] PluginManage:359 - Loaded plugin pinoutandconfiguration (category:base,tabindex:1)
2025-02-14 11:21:47,588 [INFO] PluginManage:310 - Check plugin pinoutconfig
2025-02-14 11:21:47,711 [WARN] SupportedApi:132 - Cannot load RTOS API schema: s4s-elt-must-match.1: The content of 'definitions' must match (annotation?, (simpleType | complexType)?, (unique | key | keyref)*)). A problem was found starting at: attribute.
2025-02-14 11:21:47,862 [INFO] PluginManage:359 - Loaded plugin pinoutconfig (category:base,tabindex:0)
2025-02-14 11:21:47,862 [INFO] PluginManage:310 - Check plugin power
2025-02-14 11:21:47,875 [INFO] PluginManage:359 - Loaded plugin power (category:power,tabindex:4)
2025-02-14 11:21:47,875 [INFO] PluginManage:310 - Check plugin projectmanager
2025-02-14 11:21:47,898 [INFO] PluginManage:359 - Loaded plugin projectmanager (category:projectmanager,tabindex:4)
2025-02-14 11:21:47,898 [INFO] PluginManage:310 - Check plugin rif
2025-02-14 11:21:47,910 [INFO] PluginManage:359 - Loaded plugin rif (category:base,tabindex:3)
2025-02-14 11:21:47,910 [INFO] PluginManage:310 - Check plugin thirdparty
2025-02-14 11:21:48,294 [WARN] IntegrityCheckThread:84 - waiting for thirdparty lock release [integrity check]
2025-02-14 11:21:48,294 [INFO] IntegrityCheckThread:86 - entering critical section [integrity check]
2025-02-14 11:21:48,295 [INFO] ThirdPartyUpdaterWithRetryManager:70 - Updater plugin not ready yet. [1/15]
2025-02-14 11:21:48,299 [INFO] PluginManage:359 - Loaded plugin thirdparty (category:base,tabindex:-1)
2025-02-14 11:21:48,299 [INFO] PluginManage:310 - Check plugin tools
2025-02-14 11:21:48,305 [INFO] PluginManage:359 - Loaded plugin tools (category:base,tabindex:7)
2025-02-14 11:21:48,305 [INFO] PluginManage:310 - Check plugin tutovideos
2025-02-14 11:21:48,751 [INFO] PluginManage:359 - Loaded plugin tutovideos (category:base,tabindex:-1)
2025-02-14 11:21:48,751 [INFO] PluginManage:310 - Check plugin updater
2025-02-14 11:21:48,778 [INFO] PluginManage:359 - Loaded plugin updater (category:base,tabindex:12)
2025-02-14 11:21:48,778 [INFO] PluginManage:310 - Check plugin userauth
2025-02-14 11:21:48,783 [INFO] UserAuth:118 - Init User Auth plugin
2025-02-14 11:21:48,784 [INFO] PluginManage:359 - Loaded plugin userauth (category:base,tabindex:14)
2025-02-14 11:21:48,785 [INFO] PluginManage:283 - PluginManage : Loaded plugins [18]
2025-02-14 11:21:49,016 [INFO] PinOutPanel:1589 - setPackage(No Configuration,No Configuration)
2025-02-14 11:21:49,104 [INFO] CADModel:165 - CPN selected for project level
2025-02-14 11:21:49,104 [INFO] CADModel:114 - Register for checkConnection events
2025-02-14 11:21:49,124 [INFO] IPUIPlugin:80 - create IPUIPlugin
2025-02-14 11:21:49,124 [INFO] PluginManager:220 - loadIPPluginJar : add adc
2025-02-14 11:21:49,126 [INFO] IPUIPlugin:80 - create IPUIPlugin
2025-02-14 11:21:49,126 [INFO] PluginManager:220 - loadIPPluginJar : add aes
2025-02-14 11:21:49,130 [INFO] IPUIPlugin:80 - create IPUIPlugin
2025-02-14 11:21:49,130 [INFO] PluginManager:220 - loadIPPluginJar : add can
2025-02-14 11:21:49,133 [INFO] IPUIPlugin:80 - create IPUIPlugin
2025-02-14 11:21:49,133 [INFO] PluginManager:220 - loadIPPluginJar : add comp
2025-02-14 11:21:49,135 [INFO] IPUIPlugin:80 - create IPUIPlugin
2025-02-14 11:21:49,135 [INFO] PluginManager:220 - loadIPPluginJar : add cryp
2025-02-14 11:21:49,141 [INFO] IPUIPlugin:80 - create IPUIPlugin
2025-02-14 11:21:49,141 [INFO] PluginManager:220 - loadIPPluginJar : add ddr_ctrl_phy
2025-02-14 11:21:49,144 [INFO] IPUIPlugin:80 - create IPUIPlugin
2025-02-14 11:21:49,145 [INFO] PluginManager:220 - loadIPPluginJar : add dfsdm
2025-02-14 11:21:49,151 [INFO] IPUIPlugin:80 - create IPUIPlugin
2025-02-14 11:21:49,151 [INFO] PluginManager:220 - loadIPPluginJar : add dma
2025-02-14 11:21:49,154 [INFO] IPUIPlugin:80 - create IPUIPlugin
2025-02-14 11:21:49,154 [INFO] PluginManager:220 - loadIPPluginJar : add dma3
2025-02-14 11:21:49,156 [INFO] IPUIPlugin:80 - create IPUIPlugin
2025-02-14 11:21:49,157 [INFO] PluginManager:220 - loadIPPluginJar : add extmemmanager
2025-02-14 11:21:49,158 [INFO] IPUIPlugin:80 - create IPUIPlugin
2025-02-14 11:21:49,158 [INFO] PluginManager:220 - loadIPPluginJar : add fatfs
2025-02-14 11:21:49,162 [INFO] IPUIPlugin:80 - create IPUIPlugin
2025-02-14 11:21:49,162 [INFO] PluginManager:220 - loadIPPluginJar : add fmc
2025-02-14 11:21:49,167 [INFO] IPUIPlugin:80 - create IPUIPlugin
2025-02-14 11:21:49,167 [INFO] PluginManager:220 - loadIPPluginJar : add freertos
2025-02-14 11:21:49,168 [INFO] IPUIPlugin:80 - create IPUIPlugin
2025-02-14 11:21:49,169 [INFO] PluginManager:220 - loadIPPluginJar : add genericplugin
2025-02-14 11:21:49,170 [INFO] IPUIPlugin:80 - create IPUIPlugin
2025-02-14 11:21:49,171 [INFO] PluginManager:220 - loadIPPluginJar : add gfxmmu
2025-02-14 11:21:49,175 [INFO] IPUIPlugin:80 - create IPUIPlugin
2025-02-14 11:21:49,175 [INFO] PluginManager:220 - loadIPPluginJar : add gic
2025-02-14 11:21:49,179 [INFO] IPUIPlugin:80 - create IPUIPlugin
2025-02-14 11:21:49,179 [INFO] PluginManager:220 - loadIPPluginJar : add gpio
2025-02-14 11:21:49,182 [INFO] IPUIPlugin:80 - create IPUIPlugin
2025-02-14 11:21:49,182 [INFO] PluginManager:220 - loadIPPluginJar : add gtzc
2025-02-14 11:21:49,184 [INFO] IPUIPlugin:80 - create IPUIPlugin
2025-02-14 11:21:49,184 [INFO] PluginManager:220 - loadIPPluginJar : add hash
2025-02-14 11:21:49,187 [INFO] IPUIPlugin:80 - create IPUIPlugin
2025-02-14 11:21:49,187 [INFO] PluginManager:220 - loadIPPluginJar : add i2c
2025-02-14 11:21:49,189 [INFO] IPUIPlugin:80 - create IPUIPlugin
2025-02-14 11:21:49,189 [INFO] PluginManager:220 - loadIPPluginJar : add i2s
2025-02-14 11:21:49,192 [INFO] IPUIPlugin:80 - create IPUIPlugin
2025-02-14 11:21:49,192 [INFO] PluginManager:220 - loadIPPluginJar : add i3c
2025-02-14 11:21:49,196 [INFO] IPUIPlugin:80 - create IPUIPlugin
2025-02-14 11:21:49,196 [INFO] PluginManager:220 - loadIPPluginJar : add ipddr
2025-02-14 11:21:49,204 [INFO] IPUIPlugin:80 - create IPUIPlugin
2025-02-14 11:21:49,204 [INFO] PluginManager:220 - loadIPPluginJar : add linkedlist
2025-02-14 11:21:49,210 [INFO] IPUIPlugin:80 - create IPUIPlugin
2025-02-14 11:21:49,210 [INFO] PluginManager:220 - loadIPPluginJar : add lorawan
2025-02-14 11:21:49,211 [INFO] IPUIPlugin:80 - create IPUIPlugin
2025-02-14 11:21:49,212 [INFO] PluginManager:220 - loadIPPluginJar : add ltdc
2025-02-14 11:21:49,217 [INFO] IPUIPlugin:80 - create IPUIPlugin
2025-02-14 11:21:49,217 [INFO] PluginManager:220 - loadIPPluginJar : add mdma
2025-02-14 11:21:49,221 [INFO] IPUIPlugin:80 - create IPUIPlugin
2025-02-14 11:21:49,221 [INFO] PluginManager:220 - loadIPPluginJar : add nvic
2025-02-14 11:21:49,224 [INFO] IPUIPlugin:80 - create IPUIPlugin
2025-02-14 11:21:49,224 [INFO] PluginManager:220 - loadIPPluginJar : add opamp
2025-02-14 11:21:49,228 [INFO] IPUIPlugin:80 - create IPUIPlugin
2025-02-14 11:21:49,228 [INFO] PluginManager:220 - loadIPPluginJar : add openamp
2025-02-14 11:21:49,232 [INFO] IPUIPlugin:80 - create IPUIPlugin
2025-02-14 11:21:49,232 [INFO] PluginManager:220 - loadIPPluginJar : add pdm2pcm
2025-02-14 11:21:49,238 [INFO] IPUIPlugin:80 - create IPUIPlugin
2025-02-14 11:21:49,240 [INFO] PluginManager:220 - loadIPPluginJar : add plateformsettings
2025-02-14 11:21:49,242 [INFO] IPUIPlugin:80 - create IPUIPlugin
2025-02-14 11:21:49,242 [INFO] PluginManager:220 - loadIPPluginJar : add quadspi
2025-02-14 11:21:49,246 [INFO] IPUIPlugin:80 - create IPUIPlugin
2025-02-14 11:21:49,247 [INFO] PluginManager:220 - loadIPPluginJar : add radio
2025-02-14 11:21:49,252 [INFO] IPUIPlugin:80 - create IPUIPlugin
2025-02-14 11:21:49,252 [INFO] PluginManager:220 - loadIPPluginJar : add resmgrutility
2025-02-14 11:21:49,261 [INFO] IPUIPlugin:80 - create IPUIPlugin
2025-02-14 11:21:49,261 [INFO] PluginManager:220 - loadIPPluginJar : add sai
2025-02-14 11:21:49,264 [INFO] IPUIPlugin:80 - create IPUIPlugin
2025-02-14 11:21:49,264 [INFO] PluginManager:220 - loadIPPluginJar : add spi
2025-02-14 11:21:49,271 [INFO] IPUIPlugin:80 - create IPUIPlugin
2025-02-14 11:21:49,271 [INFO] PluginManager:220 - loadIPPluginJar : add stm32_wpan
2025-02-14 11:21:49,272 [INFO] IPUIPlugin:80 - create IPUIPlugin
2025-02-14 11:21:49,272 [INFO] PluginManager:220 - loadIPPluginJar : add tim
2025-02-14 11:21:49,276 [INFO] IPUIPlugin:80 - create IPUIPlugin
2025-02-14 11:21:49,276 [INFO] PluginManager:220 - loadIPPluginJar : add touchsensing
2025-02-14 11:21:49,278 [INFO] IPUIPlugin:80 - create IPUIPlugin
2025-02-14 11:21:49,278 [INFO] PluginManager:220 - loadIPPluginJar : add tracer_emb
2025-02-14 11:21:49,280 [INFO] IPUIPlugin:80 - create IPUIPlugin
2025-02-14 11:21:49,280 [INFO] PluginManager:220 - loadIPPluginJar : add ts
2025-02-14 11:21:49,283 [INFO] IPUIPlugin:80 - create IPUIPlugin
2025-02-14 11:21:49,283 [INFO] PluginManager:220 - loadIPPluginJar : add tsc
2025-02-14 11:21:49,286 [INFO] IPUIPlugin:80 - create IPUIPlugin
2025-02-14 11:21:49,286 [INFO] PluginManager:220 - loadIPPluginJar : add ucpd
2025-02-14 11:21:49,289 [INFO] IPUIPlugin:80 - create IPUIPlugin
2025-02-14 11:21:49,289 [INFO] PluginManager:220 - loadIPPluginJar : add usart
2025-02-14 11:21:49,293 [INFO] IPUIPlugin:80 - create IPUIPlugin
2025-02-14 11:21:49,293 [INFO] PluginManager:220 - loadIPPluginJar : add usbx
2025-02-14 11:21:49,430 [FATAL] Updater:351 - Updater called before beeing initialized
2025-02-14 11:21:49,458 [INFO] RulesReader:64 - Compatibility file has been processed (297 Rules)
2025-02-14 11:21:49,477 [INFO] RulesReader:64 - Compatibility file has been processed (297 Rules)
2025-02-14 11:21:49,552 [INFO] CADModel:165 - CPN selected for project level
2025-02-14 11:21:49,552 [INFO] CADModel:114 - Register for checkConnection events
2025-02-14 11:21:49,552 [FATAL] Updater:351 - Updater called before beeing initialized
2025-02-14 11:21:49,552 [ERROR] CADModel:125 - Updater not yet initialized, retry later 
2025-02-14 11:21:49,909 [FATAL] Updater:351 - Updater called before beeing initialized
2025-02-14 11:21:49,913 [INFO] CADModel:165 - CPN selected for project level
2025-02-14 11:21:49,914 [INFO] CADModel:114 - Register for checkConnection events
2025-02-14 11:21:49,914 [FATAL] Updater:351 - Updater called before beeing initialized
2025-02-14 11:21:49,914 [ERROR] CADModel:125 - Updater not yet initialized, retry later 
2025-02-14 11:21:49,919 [FATAL] Updater:351 - Updater called before beeing initialized
2025-02-14 11:21:50,014 [FATAL] Updater:351 - Updater called before beeing initialized
2025-02-14 11:21:50,017 [INFO] DbMcusAds:53 - JSON generation date=Wed Dec 18 00:01:15 GMT+08:00 2024 (1734451275111)
2025-02-14 11:21:50,018 [FATAL] Updater:351 - Updater called before beeing initialized
2025-02-14 11:21:50,052 [WARN] DetailPanel:346 - Failed to get advertising image, set to default
2025-02-14 11:21:50,306 [FATAL] Updater:351 - Updater called before beeing initialized
2025-02-14 11:21:50,308 [FATAL] Updater:351 - Updater called before beeing initialized
2025-02-14 11:21:50,308 [FATAL] Updater:351 - Updater called before beeing initialized
2025-02-14 11:21:50,308 [WARN] DetailPanel:346 - Failed to get advertising image, set to default
2025-02-14 11:21:50,310 [FATAL] Updater:351 - Updater called before beeing initialized
2025-02-14 11:21:50,359 [ERROR] Updater:1198 - MainUpdater not yet initialized. External WinMGr cannot be set.
2025-02-14 11:21:50,361 [INFO] Updater:1134 - Updater Version found : 6.13.0
2025-02-14 11:21:50,380 [INFO] ApplicationProperties:184 - Using Application install path: D:\STM32CubeIDE_1.17.0\STM32CubeIDE\plugins\com.st.stm32cube.common.mx_6.13.0.202411220809
2025-02-14 11:21:51,296 [INFO] ThirdPartyUpdaterWithRetryManager:70 - Updater plugin not ready yet. [2/15]
2025-02-14 11:21:51,971 [ERROR] LogOutputStream:75 - [STDERR_REDIRECT] Feb 14, 2025 11:21:51 AM java.util.prefs.WindowsPreferences <init>
2025-02-14 11:21:51,973 [ERROR] LogOutputStream:75 - [STDERR_REDIRECT] WARNING: Could not open/create prefs root node Software\JavaSoft\Prefs at root 0xffffffff80000002. Windows RegCreateKeyEx(...) returned error code 5.
2025-02-14 11:21:51,974 [ERROR] LogOutputStream:75 - [STDERR_REDIRECT] 
2025-02-14 11:21:52,570 [INFO] MainUpdater:2872 - connection check result : 10
2025-02-14 11:21:52,570 [INFO] MainUpdater:3566 - Updater definition file requires update
2025-02-14 11:21:52,572 [INFO] MainUpdater:289 - Updater Check For Update Now.
2025-02-14 11:21:52,572 [INFO] MicroXplorer:498 - Change Database Version : DB.6.0.130
2025-02-14 11:21:52,584 [INFO] McuFinderGlobals:63 - Set McuFinder mode to 2 (CubeIDE integrated)
2025-02-14 11:21:52,587 [INFO] UserAuth:486 - Internet connection configuration mode: 1
2025-02-14 11:21:52,596 [INFO] ServerAccessManage:473 - Download File updaters.zip
2025-02-14 11:21:52,640 [INFO] JxBrowserEngine:152 - Initiate JxBrowser Engine with user profile folder
2025-02-14 11:21:52,667 [INFO] FileExtend:240 - Unzip File : updaters.zip
2025-02-14 11:21:52,667 [INFO] FileExtend:255 - Standard Zip Deflate
2025-02-14 11:21:52,966 [INFO] ServerAccessManage:473 - Download File PacksControlFlags.xml
2025-02-14 11:21:53,008 [INFO] ServerAccessManage:473 - Download File cubemx.pidx
2025-02-14 11:21:53,091 [INFO] LoadServerUpdatesThread:375 - End of LoadServerUpdate Thread
2025-02-14 11:21:53,236 [INFO] CheckServerUpdateThread:120 - End of CheckServer Thread
2025-02-14 11:21:53,497 [INFO] WebApp:168 - Instantiating new browser for Auth
2025-02-14 11:21:54,358 [INFO] WebApp:449 - Apply proxy settings
2025-02-14 11:21:54,358 [INFO] WebApp:534 - Chromium requires no authentication
2025-02-14 11:21:54,394 [INFO] WebApp:477 - Direct internet connection detected
2025-02-14 11:21:54,430 [INFO] WebApp:880 - Register for checkConnection events
2025-02-14 11:21:54,430 [INFO] WebApp:449 - Apply proxy settings
2025-02-14 11:21:54,430 [INFO] WebApp:534 - Chromium requires no authentication
2025-02-14 11:21:54,431 [INFO] WebApp:477 - Direct internet connection detected
2025-02-14 11:21:54,474 [WARN] PackLoader:240 - Cannot read IP mode file for STMicroelectronics.FP-SNS-MOTENVWB1.1.4.0
2025-02-14 11:21:54,485 [WARN] PackLoader:240 - Cannot read IP mode file for STMicroelectronics.X-CUBE-SMBUS.2.1.0
2025-02-14 11:21:54,495 [WARN] PackLoader:240 - Cannot read IP mode file for STMicroelectronics.X-CUBE-WB05N.1.1.0
2025-02-14 11:21:54,528 [WARN] PackLoader:240 - Cannot read IP mode file for STMicroelectronics.X-CUBE-AZRTOS-F7.1.1.0
2025-02-14 11:21:54,535 [WARN] PackLoader:240 - Cannot read IP mode file for STMicroelectronics.FP-SNS-FLIGHT1.5.0.2
2025-02-14 11:21:54,544 [WARN] PackLoader:240 - Cannot read IP mode file for STMicroelectronics.X-CUBE-DISPLAY.3.0.0
2025-02-14 11:21:54,552 [WARN] PackLoader:240 - Cannot read IP mode file for STMicroelectronics.X-CUBE-BLE1.7.0.0
2025-02-14 11:21:54,561 [WARN] PackLoader:240 - Cannot read IP mode file for STMicroelectronics.X-CUBE-NFC10.1.0.0
2025-02-14 11:21:54,570 [WARN] PackLoader:240 - Cannot read IP mode file for STMicroelectronics.X-CUBE-AI.10.0.0
2025-02-14 11:21:54,580 [WARN] PackLoader:240 - Cannot read IP mode file for STMicroelectronics.FP-SNS-SMARTAG2.1.2.0
2025-02-14 11:21:54,597 [INFO] LogOutputStream:77 - [STDOUT_REDIRECT] 1 : Invalid condition id : UX_CORESTACK_Condition cause : null
2025-02-14 11:21:54,599 [INFO] LogOutputStream:77 - [STDOUT_REDIRECT] 1 : Invalid condition id : UX_CORESTACK_Condition cause : null
2025-02-14 11:21:54,600 [INFO] LogOutputStream:77 - [STDOUT_REDIRECT] 1 : Invalid condition id : UX_CORESTACK_Condition cause : null
2025-02-14 11:21:54,602 [INFO] LogOutputStream:77 - [STDOUT_REDIRECT] 1 : Invalid condition id : UX_CORESTACK_Condition cause : null
2025-02-14 11:21:54,604 [INFO] LogOutputStream:77 - [STDOUT_REDIRECT] 1 : Invalid condition id : UX_CORESTACK_Condition cause : null
2025-02-14 11:21:54,608 [WARN] PackLoader:240 - Cannot read IP mode file for STMicroelectronics.X-CUBE-AZRTOS-WL.2.0.0
2025-02-14 11:21:54,615 [WARN] PackLoader:240 - Cannot read IP mode file for STMicroelectronics.FP-SNS-MOTENV1.5.0.0
2025-02-14 11:21:54,621 [WARN] PackLoader:240 - Cannot read IP mode file for wolfSSL.I-CUBE-wolfMQTT.1.19.0
2025-02-14 11:21:54,626 [WARN] PackLoader:240 - Cannot read IP mode file for STMicroelectronics.X-CUBE-BLE2.3.3.0
2025-02-14 11:21:54,634 [WARN] PackLoader:240 - Cannot read IP mode file for STMicroelectronics.X-CUBE-NFC9.1.0.0
2025-02-14 11:21:54,665 [WARN] PackLoader:240 - Cannot read IP mode file for STMicroelectronics.X-CUBE-AZRTOS-G0.1.1.0
2025-02-14 11:21:54,666 [INFO] WebApp:187 - Connection restablished
2025-02-14 11:21:54,672 [WARN] PackLoader:240 - Cannot read IP mode file for STMicroelectronics.X-CUBE-SAFEA1.1.2.2
2025-02-14 11:21:54,677 [WARN] PackLoader:240 - Cannot read IP mode file for STMicroelectronics.X-CUBE-NFC4.3.0.0
2025-02-14 11:21:54,689 [WARN] PackLoader:240 - Cannot read IP mode file for EmbeddedOffice.I-CUBE-FS-RTOS.1.0.1
2025-02-14 11:21:54,695 [WARN] PackLoader:240 - Cannot read IP mode file for RealThread.X-CUBE-RT-Thread_Nano.4.1.1
2025-02-14 11:21:54,699 [WARN] PackLoader:240 - Cannot read IP mode file for STMicroelectronics.FP-ATR-SIGFOX1.3.2.0
2025-02-14 11:21:54,704 [WARN] ConditionMgr:438 - getConditionDescription Invalid condition id : Cortex-A Device cause : null
2025-02-14 11:21:54,726 [WARN] ConditionMgr:1044 - genDependencies : Invalid condition id : Cortex-A Device cause : null
2025-02-14 11:21:54,726 [WARN] ConditionMgr:1044 - genDependencies : Invalid condition id : Cortex-A Device cause : null
2025-02-14 11:21:54,726 [WARN] ConditionMgr:1044 - genDependencies : Invalid condition id : Cortex-A Device cause : null
2025-02-14 11:21:54,731 [WARN] PackLoader:240 - Cannot read IP mode file for STMicroelectronics.X-CUBE-EEPRMA1.5.1.0
2025-02-14 11:21:54,780 [WARN] PackLoader:240 - Cannot read IP mode file for SEGGER.I-CUBE-embOS.1.3.1
2025-02-14 11:21:54,811 [WARN] PackLoader:240 - Cannot read IP mode file for STMicroelectronics.X-CUBE-ALGOBUILD.1.4.0
2025-02-14 11:21:54,815 [WARN] PackLoader:240 - Cannot read IP mode file for STMicroelectronics.X-CUBE-AI.9.1.0
2025-02-14 11:21:54,827 [WARN] PackLoader:240 - Cannot read IP mode file for STMicroelectronics.X-CUBE-AZRTOS-F4.1.1.0
2025-02-14 11:21:54,833 [WARN] PackLoader:240 - Cannot read IP mode file for STMicroelectronics.X-CUBE-ISPU.2.1.0
2025-02-14 11:21:54,844 [WARN] PackLoader:240 - Cannot read IP mode file for STMicroelectronics.X-CUBE-AZRTOS-L5.2.0.0
2025-02-14 11:21:54,858 [WARN] PackLoader:240 - Cannot read IP mode file for STMicroelectronics.X-CUBE-NFC6.3.1.0
2025-02-14 11:21:54,864 [WARN] PackLoader:240 - Cannot read IP mode file for STMicroelectronics.X-CUBE-DPower.1.2.0
2025-02-14 11:21:54,869 [WARN] PackLoader:240 - Cannot read IP mode file for STMicroelectronics.X-CUBE-NFC7.1.0.1
2025-02-14 11:21:54,882 [WARN] ConditionMgr:438 - getConditionDescription Invalid condition id : LAN8742 Phy interface Condition cause : null
2025-02-14 11:21:54,882 [WARN] PackLoader:240 - Cannot read IP mode file for STMicroelectronics.X-CUBE-AZRTOS-L4.2.0.0
2025-02-14 11:21:54,883 [WARN] ConditionMgr:1044 - genDependencies : Invalid condition id : LAN8742 Phy interface Condition cause : null
2025-02-14 11:21:54,883 [WARN] ConditionMgr:1044 - genDependencies : Invalid condition id : LAN8742 Phy interface Condition cause : null
2025-02-14 11:21:54,883 [WARN] ConditionMgr:1044 - genDependencies : Invalid condition id : LAN8742 Phy interface Condition cause : null
2025-02-14 11:21:54,890 [WARN] PackLoader:240 - Cannot read IP mode file for STMicroelectronics.X-CUBE-SFXS2LP1.4.0.0
2025-02-14 11:21:54,904 [WARN] PackLoader:240 - Cannot read IP mode file for STMicroelectronics.X-CUBE-AZRTOS-H7.3.3.0
2025-02-14 11:21:54,915 [WARN] ConditionMgr:438 - getConditionDescription Invalid condition id : UX DEVICE CLASS RTOS Condition cause : null
2025-02-14 11:21:54,915 [WARN] ConditionMgr:438 - getConditionDescription Invalid condition id : UX DEVICE CLASS RTOS Condition cause : null
2025-02-14 11:21:54,916 [WARN] PackLoader:240 - Cannot read IP mode file for STMicroelectronics.X-CUBE-AZRTOS-WB.2.0.0
2025-02-14 11:21:54,917 [WARN] ConditionMgr:1044 - genDependencies : Invalid condition id : UX DEVICE CLASS RTOS Condition cause : null
2025-02-14 11:21:54,917 [WARN] ConditionMgr:1044 - genDependencies : Invalid condition id : UX DEVICE CLASS RTOS Condition cause : null
2025-02-14 11:21:54,917 [WARN] ConditionMgr:1044 - genDependencies : Invalid condition id : UX DEVICE CLASS RTOS Condition cause : null
2025-02-14 11:21:54,917 [WARN] ConditionMgr:1044 - genDependencies : Invalid condition id : UX DEVICE CLASS RTOS Condition cause : null
2025-02-14 11:21:54,917 [WARN] ConditionMgr:1044 - genDependencies : Invalid condition id : UX DEVICE CLASS RTOS Condition cause : null
2025-02-14 11:21:54,923 [WARN] PackLoader:240 - Cannot read IP mode file for STMicroelectronics.FP-SNS-STBOX1.2.0.0
2025-02-14 11:21:54,931 [WARN] PackLoader:240 - Cannot read IP mode file for STMicroelectronics.X-CUBE-SUBG2.5.0.0
2025-02-14 11:21:54,948 [WARN] PackLoader:240 - Cannot read IP mode file for Cesanta.I-CUBE-Mongoose.7.13.0
2025-02-14 11:21:54,956 [WARN] PackLoader:240 - Cannot read IP mode file for STMicroelectronics.X-CUBE-AZRTOS-G4.2.0.0
2025-02-14 11:21:54,961 [WARN] PackLoader:240 - Cannot read IP mode file for STMicroelectronics.X-CUBE-ALS.1.0.2
2025-02-14 11:21:54,965 [WARN] PackLoader:240 - Cannot read IP mode file for portGmbH.I-Cube-SoM-uGOAL.1.1.0
2025-02-14 11:21:54,975 [WARN] PackLoader:240 - Cannot read IP mode file for STMicroelectronics.X-CUBE-AZRTOS-H7RS.1.0.0
2025-02-14 11:21:54,983 [WARN] PackLoader:240 - Cannot read IP mode file for STMicroelectronics.X-CUBE-TOF1.3.4.2
2025-02-14 11:21:54,993 [WARN] PackLoader:240 - Cannot read IP mode file for wolfSSL.I-CUBE-wolfSSH.1.4.17
2025-02-14 11:21:54,993 [INFO] ThirdParty:978 - Integrity check success = true
2025-02-14 11:21:54,993 [INFO] IntegrityCheckThread:100 - exiting critical section [integrity check]
2025-02-14 11:21:54,993 [INFO] IntegrityCheckThread:103 - End integrity checks thread
2025-02-14 11:21:55,510 [INFO] WebApp:221 - Starting web application
2025-02-14 11:21:55,510 [INFO] WebApp:579 - Web application path used D:\STM32CubeIDE_1.17.0\STM32CubeIDE\plugins\com.st.stm32cube.common.mx_6.13.0.202411220809\db\plugins\mcufinder\reactClient1\index.html
2025-02-14 11:21:55,636 [INFO] UserAuth:486 - Internet connection configuration mode: 1
