2025-02-19 19:41:12,420 [INFO] Activator:176 - 


2025-02-19 19:41:12,426 [INFO] Activator:177 - !SESSION log4j initialized
2025-02-19 19:41:17,085 [INFO] LogOutputStream:77 - [STDOUT_REDIRECT] 
2025-02-19 19:41:19,560 [INFO] ApplicationProperties:184 - Using Application install path: D:\STM32CubeIDE_1.17.0\STM32CubeIDE\plugins\com.st.stm32cube.common.mx_6.13.0.202411220809
2025-02-19 19:41:19,577 [INFO] DbMcusXml:78 - Set database path to: D:\STM32CubeIDE_1.17.0\STM32CubeIDE\plugins\com.st.stm32cube.common.mx_6.13.0.202411220809\\db\/mcu/
2025-02-19 19:41:19,578 [INFO] ApiDb:274 - Set plugin database path to: D:\STM32CubeIDE_1.17.0\STM32CubeIDE\plugins\com.st.stm32cube.common.mx_6.13.0.202411220809\\db\/plugins/boardmanager/
2025-02-19 19:41:19,579 [WARN] ApiDb:259 - Overriding images path with different value:  => D:\STM32CubeIDE_1.17.0\STM32CubeIDE\plugins\com.st.stm32cube.common.mx_6.13.0.202411220809\\db\/plugins/mcufinder/images/
2025-02-19 19:41:19,588 [INFO] ApiDb:250 - Set database path to: C:\Users\lemon\.stmcufinder\plugins\mcufinder//mcu/
2025-02-19 19:41:19,589 [INFO] DbMcusAds:125 - Set database path to: C:\Users\lemon\.stmcufinder\plugins\mcufinder//mcu/
2025-02-19 19:41:19,592 [INFO] CrossReferenceDbSqlite:203 - Set database path to: C:\Users\lemon\.stmcufinder\plugins\mcufinder//mcu/cs/
2025-02-19 19:41:19,728 [INFO] RulesReader:64 - Compatibility file has been processed (297 Rules)
2025-02-19 19:41:19,810 [INFO] DbMcusXml:78 - Set database path to: D:\STM32CubeIDE_1.17.0\STM32CubeIDE\plugins\com.st.stm32cube.common.mx_6.13.0.202411220809\\db\/mcu/
2025-02-19 19:41:19,810 [INFO] ApiDb:274 - Set plugin database path to: D:\STM32CubeIDE_1.17.0\STM32CubeIDE\plugins\com.st.stm32cube.common.mx_6.13.0.202411220809\\db\/plugins/boardmanager/
2025-02-19 19:41:19,811 [INFO] ApiDb:261 - Set plugin images path to: D:\STM32CubeIDE_1.17.0\STM32CubeIDE\plugins\com.st.stm32cube.common.mx_6.13.0.202411220809\\db\/plugins/mcufinder/images/
2025-02-19 19:41:19,811 [WARN] DbFile:41 - Overriding database path with different value: C:\Users\lemon\.stmcufinder\plugins\mcufinder/ => C:\Users\lemon\.stmcufinder\plugins\mcufinder
2025-02-19 19:41:19,811 [INFO] ApiDb:250 - Set database path to: C:\Users\lemon\.stmcufinder\plugins\mcufinder//mcu/
2025-02-19 19:41:19,811 [WARN] DbFile:41 - Overriding database path with different value: C:\Users\lemon\.stmcufinder\plugins\mcufinder/ => C:\Users\lemon\.stmcufinder\plugins\mcufinder
2025-02-19 19:41:19,811 [INFO] DbMcusAds:125 - Set database path to: C:\Users\lemon\.stmcufinder\plugins\mcufinder//mcu/
2025-02-19 19:41:19,811 [WARN] DbFile:41 - Overriding database path with different value: C:\Users\lemon\.stmcufinder\plugins\mcufinder/ => C:\Users\lemon\.stmcufinder\plugins\mcufinder
2025-02-19 19:41:19,811 [WARN] DbFile:41 - Overriding database path with different value: C:\Users\lemon\.stmcufinder\plugins\mcufinder/ => C:\Users\lemon\.stmcufinder\plugins\mcufinder
2025-02-19 19:41:19,812 [INFO] CrossReferenceDbSqlite:203 - Set database path to: C:\Users\lemon\.stmcufinder\plugins\mcufinder//mcu/cs/
2025-02-19 19:41:19,889 [INFO] MainPanel:272 - HeapMemory: 268435456
2025-02-19 19:41:19,994 [INFO] DbMcusXml:78 - Set database path to: D:\STM32CubeIDE_1.17.0\STM32CubeIDE\plugins\com.st.stm32cube.common.mx_6.13.0.202411220809\\db\/mcu/
2025-02-19 19:41:19,994 [INFO] ApiDb:274 - Set plugin database path to: D:\STM32CubeIDE_1.17.0\STM32CubeIDE\plugins\com.st.stm32cube.common.mx_6.13.0.202411220809\\db\/plugins/boardmanager/
2025-02-19 19:41:19,994 [INFO] ApiDb:261 - Set plugin images path to: D:\STM32CubeIDE_1.17.0\STM32CubeIDE\plugins\com.st.stm32cube.common.mx_6.13.0.202411220809\\db\/plugins/mcufinder/images/
2025-02-19 19:41:19,995 [WARN] DbFile:41 - Overriding database path with different value: C:\Users\lemon\.stmcufinder\plugins\mcufinder/ => C:\Users\lemon\.stmcufinder\plugins\mcufinder
2025-02-19 19:41:19,995 [INFO] ApiDb:250 - Set database path to: C:\Users\lemon\.stmcufinder\plugins\mcufinder//mcu/
2025-02-19 19:41:19,995 [WARN] DbFile:41 - Overriding database path with different value: C:\Users\lemon\.stmcufinder\plugins\mcufinder/ => C:\Users\lemon\.stmcufinder\plugins\mcufinder
2025-02-19 19:41:19,995 [INFO] DbMcusAds:125 - Set database path to: C:\Users\lemon\.stmcufinder\plugins\mcufinder//mcu/
2025-02-19 19:41:19,995 [WARN] DbFile:41 - Overriding database path with different value: C:\Users\lemon\.stmcufinder\plugins\mcufinder/ => C:\Users\lemon\.stmcufinder\plugins\mcufinder
2025-02-19 19:41:19,995 [WARN] DbFile:41 - Overriding database path with different value: C:\Users\lemon\.stmcufinder\plugins\mcufinder/ => C:\Users\lemon\.stmcufinder\plugins\mcufinder
2025-02-19 19:41:19,995 [INFO] CrossReferenceDbSqlite:203 - Set database path to: C:\Users\lemon\.stmcufinder\plugins\mcufinder//mcu/cs/
2025-02-19 19:41:20,018 [INFO] ApplicationProperties:184 - Using Application install path: D:\STM32CubeIDE_1.17.0\STM32CubeIDE\plugins\com.st.stm32cube.common.mx_6.13.0.202411220809
2025-02-19 19:41:20,019 [INFO] PluginManage:196 - Search for loadable plugins [exclusion list=, ]
2025-02-19 19:41:20,021 [INFO] PluginManage:310 - Check plugin analytics
2025-02-19 19:41:20,298 [INFO] AnalyticsPlugin:253 - Accepted Software Licenses: 
2025-02-19 19:41:20,298 [INFO] AnalyticsPlugin:255 - Accepted CMSIS Pack Licenses: 
2025-02-19 19:41:20,298 [INFO] AnalyticsPlugin:257 - Accepted Firmware Licenses: FW.G4.1.6.0
2025-02-19 19:41:20,304 [INFO] PluginManage:359 - Loaded plugin analytics (category:tool,tabindex:-1)
2025-02-19 19:41:20,305 [INFO] PluginManage:310 - Check plugin cadmodel
2025-02-19 19:41:20,317 [INFO] CADModel:105 - Init CAD model plugin
2025-02-19 19:41:20,317 [INFO] PluginManage:359 - Loaded plugin cadmodel (category:power,tabindex:5)
2025-02-19 19:41:20,317 [INFO] PluginManage:310 - Check plugin clock
2025-02-19 19:41:20,338 [INFO] PluginManage:359 - Loaded plugin clock (category:base,tabindex:2)
2025-02-19 19:41:20,338 [INFO] PluginManage:310 - Check plugin ddr
2025-02-19 19:41:20,343 [INFO] PluginManage:359 - Loaded plugin ddr (category:tool,tabindex:6)
2025-02-19 19:41:20,343 [INFO] PluginManage:310 - Check plugin filemanager
2025-02-19 19:41:20,495 [INFO] PluginManage:359 - Loaded plugin filemanager (category:base,tabindex:10)
2025-02-19 19:41:20,495 [INFO] PluginManage:310 - Check plugin ipmanager
2025-02-19 19:41:20,502 [INFO] PluginManage:359 - Loaded plugin ipmanager (category:base,tabindex:5)
2025-02-19 19:41:20,502 [INFO] PluginManage:310 - Check plugin lpbam
2025-02-19 19:41:20,510 [INFO] PluginManage:359 - Loaded plugin lpbam (category:base,tabindex:0)
2025-02-19 19:41:20,510 [INFO] PluginManage:310 - Check plugin memorymap
2025-02-19 19:41:20,525 [INFO] PluginManage:359 - Loaded plugin memorymap (category:base,tabindex:4)
2025-02-19 19:41:20,525 [INFO] PluginManage:310 - Check plugin pinoutandconfiguration
2025-02-19 19:41:20,533 [INFO] PluginManage:359 - Loaded plugin pinoutandconfiguration (category:base,tabindex:1)
2025-02-19 19:41:20,533 [INFO] PluginManage:310 - Check plugin pinoutconfig
2025-02-19 19:41:20,615 [WARN] SupportedApi:132 - Cannot load RTOS API schema: s4s-elt-must-match.1: The content of 'definitions' must match (annotation?, (simpleType | complexType)?, (unique | key | keyref)*)). A problem was found starting at: attribute.
2025-02-19 19:41:20,733 [INFO] PluginManage:359 - Loaded plugin pinoutconfig (category:base,tabindex:0)
2025-02-19 19:41:20,733 [INFO] PluginManage:310 - Check plugin power
2025-02-19 19:41:20,741 [INFO] PluginManage:359 - Loaded plugin power (category:power,tabindex:4)
2025-02-19 19:41:20,741 [INFO] PluginManage:310 - Check plugin projectmanager
2025-02-19 19:41:20,757 [INFO] PluginManage:359 - Loaded plugin projectmanager (category:projectmanager,tabindex:4)
2025-02-19 19:41:20,757 [INFO] PluginManage:310 - Check plugin rif
2025-02-19 19:41:20,764 [INFO] PluginManage:359 - Loaded plugin rif (category:base,tabindex:3)
2025-02-19 19:41:20,764 [INFO] PluginManage:310 - Check plugin thirdparty
2025-02-19 19:41:20,919 [INFO] PluginManage:359 - Loaded plugin thirdparty (category:base,tabindex:-1)
2025-02-19 19:41:20,918 [WARN] IntegrityCheckThread:84 - waiting for thirdparty lock release [integrity check]
2025-02-19 19:41:20,919 [INFO] PluginManage:310 - Check plugin tools
2025-02-19 19:41:20,919 [INFO] IntegrityCheckThread:86 - entering critical section [integrity check]
2025-02-19 19:41:20,919 [INFO] ThirdPartyUpdaterWithRetryManager:70 - Updater plugin not ready yet. [1/15]
2025-02-19 19:41:20,922 [INFO] PluginManage:359 - Loaded plugin tools (category:base,tabindex:7)
2025-02-19 19:41:20,922 [INFO] PluginManage:310 - Check plugin tutovideos
2025-02-19 19:41:21,104 [INFO] PluginManage:359 - Loaded plugin tutovideos (category:base,tabindex:-1)
2025-02-19 19:41:21,104 [INFO] PluginManage:310 - Check plugin updater
2025-02-19 19:41:21,126 [INFO] PluginManage:359 - Loaded plugin updater (category:base,tabindex:12)
2025-02-19 19:41:21,126 [INFO] PluginManage:310 - Check plugin userauth
2025-02-19 19:41:21,132 [INFO] UserAuth:118 - Init User Auth plugin
2025-02-19 19:41:21,133 [INFO] PluginManage:359 - Loaded plugin userauth (category:base,tabindex:14)
2025-02-19 19:41:21,133 [INFO] PluginManage:283 - PluginManage : Loaded plugins [18]
2025-02-19 19:41:21,319 [INFO] PinOutPanel:1589 - setPackage(No Configuration,No Configuration)
2025-02-19 19:41:21,395 [INFO] CADModel:165 - CPN selected for project level
2025-02-19 19:41:21,395 [INFO] CADModel:114 - Register for checkConnection events
2025-02-19 19:41:21,412 [INFO] IPUIPlugin:80 - create IPUIPlugin
2025-02-19 19:41:21,413 [INFO] PluginManager:220 - loadIPPluginJar : add adc
2025-02-19 19:41:21,415 [INFO] IPUIPlugin:80 - create IPUIPlugin
2025-02-19 19:41:21,415 [INFO] PluginManager:220 - loadIPPluginJar : add aes
2025-02-19 19:41:21,418 [INFO] IPUIPlugin:80 - create IPUIPlugin
2025-02-19 19:41:21,418 [INFO] PluginManager:220 - loadIPPluginJar : add can
2025-02-19 19:41:21,420 [INFO] IPUIPlugin:80 - create IPUIPlugin
2025-02-19 19:41:21,420 [INFO] PluginManager:220 - loadIPPluginJar : add comp
2025-02-19 19:41:21,424 [INFO] IPUIPlugin:80 - create IPUIPlugin
2025-02-19 19:41:21,424 [INFO] PluginManager:220 - loadIPPluginJar : add cryp
2025-02-19 19:41:21,427 [INFO] IPUIPlugin:80 - create IPUIPlugin
2025-02-19 19:41:21,427 [INFO] PluginManager:220 - loadIPPluginJar : add ddr_ctrl_phy
2025-02-19 19:41:21,429 [INFO] IPUIPlugin:80 - create IPUIPlugin
2025-02-19 19:41:21,429 [INFO] PluginManager:220 - loadIPPluginJar : add dfsdm
2025-02-19 19:41:21,437 [INFO] IPUIPlugin:80 - create IPUIPlugin
2025-02-19 19:41:21,438 [INFO] PluginManager:220 - loadIPPluginJar : add dma
2025-02-19 19:41:21,443 [INFO] IPUIPlugin:80 - create IPUIPlugin
2025-02-19 19:41:21,443 [INFO] PluginManager:220 - loadIPPluginJar : add dma3
2025-02-19 19:41:21,447 [INFO] IPUIPlugin:80 - create IPUIPlugin
2025-02-19 19:41:21,447 [INFO] PluginManager:220 - loadIPPluginJar : add extmemmanager
2025-02-19 19:41:21,450 [INFO] IPUIPlugin:80 - create IPUIPlugin
2025-02-19 19:41:21,450 [INFO] PluginManager:220 - loadIPPluginJar : add fatfs
2025-02-19 19:41:21,455 [INFO] IPUIPlugin:80 - create IPUIPlugin
2025-02-19 19:41:21,455 [INFO] PluginManager:220 - loadIPPluginJar : add fmc
2025-02-19 19:41:21,467 [INFO] IPUIPlugin:80 - create IPUIPlugin
2025-02-19 19:41:21,467 [INFO] PluginManager:220 - loadIPPluginJar : add freertos
2025-02-19 19:41:21,469 [INFO] IPUIPlugin:80 - create IPUIPlugin
2025-02-19 19:41:21,469 [INFO] PluginManager:220 - loadIPPluginJar : add genericplugin
2025-02-19 19:41:21,471 [INFO] IPUIPlugin:80 - create IPUIPlugin
2025-02-19 19:41:21,472 [INFO] PluginManager:220 - loadIPPluginJar : add gfxmmu
2025-02-19 19:41:21,476 [INFO] IPUIPlugin:80 - create IPUIPlugin
2025-02-19 19:41:21,476 [INFO] PluginManager:220 - loadIPPluginJar : add gic
2025-02-19 19:41:21,480 [INFO] IPUIPlugin:80 - create IPUIPlugin
2025-02-19 19:41:21,480 [INFO] PluginManager:220 - loadIPPluginJar : add gpio
2025-02-19 19:41:21,482 [INFO] IPUIPlugin:80 - create IPUIPlugin
2025-02-19 19:41:21,482 [INFO] PluginManager:220 - loadIPPluginJar : add gtzc
2025-02-19 19:41:21,484 [INFO] IPUIPlugin:80 - create IPUIPlugin
2025-02-19 19:41:21,484 [INFO] PluginManager:220 - loadIPPluginJar : add hash
2025-02-19 19:41:21,487 [INFO] IPUIPlugin:80 - create IPUIPlugin
2025-02-19 19:41:21,487 [INFO] PluginManager:220 - loadIPPluginJar : add i2c
2025-02-19 19:41:21,489 [INFO] IPUIPlugin:80 - create IPUIPlugin
2025-02-19 19:41:21,490 [INFO] PluginManager:220 - loadIPPluginJar : add i2s
2025-02-19 19:41:21,492 [INFO] IPUIPlugin:80 - create IPUIPlugin
2025-02-19 19:41:21,493 [INFO] PluginManager:220 - loadIPPluginJar : add i3c
2025-02-19 19:41:21,497 [INFO] IPUIPlugin:80 - create IPUIPlugin
2025-02-19 19:41:21,497 [INFO] PluginManager:220 - loadIPPluginJar : add ipddr
2025-02-19 19:41:21,504 [INFO] IPUIPlugin:80 - create IPUIPlugin
2025-02-19 19:41:21,505 [INFO] PluginManager:220 - loadIPPluginJar : add linkedlist
2025-02-19 19:41:21,508 [INFO] IPUIPlugin:80 - create IPUIPlugin
2025-02-19 19:41:21,508 [INFO] PluginManager:220 - loadIPPluginJar : add lorawan
2025-02-19 19:41:21,511 [INFO] IPUIPlugin:80 - create IPUIPlugin
2025-02-19 19:41:21,511 [INFO] PluginManager:220 - loadIPPluginJar : add ltdc
2025-02-19 19:41:21,517 [INFO] IPUIPlugin:80 - create IPUIPlugin
2025-02-19 19:41:21,517 [INFO] PluginManager:220 - loadIPPluginJar : add mdma
2025-02-19 19:41:21,521 [INFO] IPUIPlugin:80 - create IPUIPlugin
2025-02-19 19:41:21,521 [INFO] PluginManager:220 - loadIPPluginJar : add nvic
2025-02-19 19:41:21,524 [INFO] IPUIPlugin:80 - create IPUIPlugin
2025-02-19 19:41:21,525 [INFO] PluginManager:220 - loadIPPluginJar : add opamp
2025-02-19 19:41:21,527 [INFO] IPUIPlugin:80 - create IPUIPlugin
2025-02-19 19:41:21,528 [INFO] PluginManager:220 - loadIPPluginJar : add openamp
2025-02-19 19:41:21,532 [INFO] IPUIPlugin:80 - create IPUIPlugin
2025-02-19 19:41:21,532 [INFO] PluginManager:220 - loadIPPluginJar : add pdm2pcm
2025-02-19 19:41:21,538 [INFO] IPUIPlugin:80 - create IPUIPlugin
2025-02-19 19:41:21,540 [INFO] PluginManager:220 - loadIPPluginJar : add plateformsettings
2025-02-19 19:41:21,541 [INFO] IPUIPlugin:80 - create IPUIPlugin
2025-02-19 19:41:21,542 [INFO] PluginManager:220 - loadIPPluginJar : add quadspi
2025-02-19 19:41:21,543 [INFO] IPUIPlugin:80 - create IPUIPlugin
2025-02-19 19:41:21,544 [INFO] PluginManager:220 - loadIPPluginJar : add radio
2025-02-19 19:41:21,549 [INFO] IPUIPlugin:80 - create IPUIPlugin
2025-02-19 19:41:21,549 [INFO] PluginManager:220 - loadIPPluginJar : add resmgrutility
2025-02-19 19:41:21,622 [INFO] IPUIPlugin:80 - create IPUIPlugin
2025-02-19 19:41:21,622 [INFO] PluginManager:220 - loadIPPluginJar : add sai
2025-02-19 19:41:21,625 [INFO] IPUIPlugin:80 - create IPUIPlugin
2025-02-19 19:41:21,625 [INFO] PluginManager:220 - loadIPPluginJar : add spi
2025-02-19 19:41:21,632 [INFO] IPUIPlugin:80 - create IPUIPlugin
2025-02-19 19:41:21,632 [INFO] PluginManager:220 - loadIPPluginJar : add stm32_wpan
2025-02-19 19:41:21,636 [INFO] IPUIPlugin:80 - create IPUIPlugin
2025-02-19 19:41:21,636 [INFO] PluginManager:220 - loadIPPluginJar : add tim
2025-02-19 19:41:21,641 [INFO] IPUIPlugin:80 - create IPUIPlugin
2025-02-19 19:41:21,641 [INFO] PluginManager:220 - loadIPPluginJar : add touchsensing
2025-02-19 19:41:21,644 [INFO] IPUIPlugin:80 - create IPUIPlugin
2025-02-19 19:41:21,644 [INFO] PluginManager:220 - loadIPPluginJar : add tracer_emb
2025-02-19 19:41:21,647 [INFO] IPUIPlugin:80 - create IPUIPlugin
2025-02-19 19:41:21,647 [INFO] PluginManager:220 - loadIPPluginJar : add ts
2025-02-19 19:41:21,650 [INFO] IPUIPlugin:80 - create IPUIPlugin
2025-02-19 19:41:21,650 [INFO] PluginManager:220 - loadIPPluginJar : add tsc
2025-02-19 19:41:21,654 [INFO] IPUIPlugin:80 - create IPUIPlugin
2025-02-19 19:41:21,654 [INFO] PluginManager:220 - loadIPPluginJar : add ucpd
2025-02-19 19:41:21,658 [INFO] IPUIPlugin:80 - create IPUIPlugin
2025-02-19 19:41:21,659 [INFO] PluginManager:220 - loadIPPluginJar : add usart
2025-02-19 19:41:21,662 [INFO] IPUIPlugin:80 - create IPUIPlugin
2025-02-19 19:41:21,662 [INFO] PluginManager:220 - loadIPPluginJar : add usbx
2025-02-19 19:41:21,816 [FATAL] Updater:351 - Updater called before beeing initialized
2025-02-19 19:41:21,861 [INFO] RulesReader:64 - Compatibility file has been processed (297 Rules)
2025-02-19 19:41:21,872 [INFO] RulesReader:64 - Compatibility file has been processed (297 Rules)
2025-02-19 19:41:21,881 [INFO] CADModel:165 - CPN selected for project level
2025-02-19 19:41:21,881 [INFO] CADModel:114 - Register for checkConnection events
2025-02-19 19:41:21,881 [FATAL] Updater:351 - Updater called before beeing initialized
2025-02-19 19:41:21,881 [ERROR] CADModel:125 - Updater not yet initialized, retry later 
2025-02-19 19:41:22,034 [FATAL] Updater:351 - Updater called before beeing initialized
2025-02-19 19:41:22,036 [INFO] CADModel:165 - CPN selected for project level
2025-02-19 19:41:22,036 [INFO] CADModel:114 - Register for checkConnection events
2025-02-19 19:41:22,036 [FATAL] Updater:351 - Updater called before beeing initialized
2025-02-19 19:41:22,036 [ERROR] CADModel:125 - Updater not yet initialized, retry later 
2025-02-19 19:41:22,038 [FATAL] Updater:351 - Updater called before beeing initialized
2025-02-19 19:41:22,130 [FATAL] Updater:351 - Updater called before beeing initialized
2025-02-19 19:41:22,133 [INFO] DbMcusAds:53 - JSON generation date=Wed Dec 18 00:01:15 GMT+08:00 2024 (1734451275111)
2025-02-19 19:41:22,133 [FATAL] Updater:351 - Updater called before beeing initialized
2025-02-19 19:41:22,167 [WARN] DetailPanel:346 - Failed to get advertising image, set to default
2025-02-19 19:41:22,398 [FATAL] Updater:351 - Updater called before beeing initialized
2025-02-19 19:41:22,401 [FATAL] Updater:351 - Updater called before beeing initialized
2025-02-19 19:41:22,402 [FATAL] Updater:351 - Updater called before beeing initialized
2025-02-19 19:41:22,402 [WARN] DetailPanel:346 - Failed to get advertising image, set to default
2025-02-19 19:41:22,405 [FATAL] Updater:351 - Updater called before beeing initialized
2025-02-19 19:41:22,458 [ERROR] Updater:1198 - MainUpdater not yet initialized. External WinMGr cannot be set.
2025-02-19 19:41:22,460 [INFO] Updater:1134 - Updater Version found : 6.13.0
2025-02-19 19:41:22,478 [INFO] ApplicationProperties:184 - Using Application install path: D:\STM32CubeIDE_1.17.0\STM32CubeIDE\plugins\com.st.stm32cube.common.mx_6.13.0.202411220809
2025-02-19 19:41:23,921 [INFO] ThirdPartyUpdaterWithRetryManager:70 - Updater plugin not ready yet. [2/15]
2025-02-19 19:41:24,062 [ERROR] LogOutputStream:75 - [STDERR_REDIRECT] Feb 19, 2025 7:41:24 PM java.util.prefs.WindowsPreferences <init>
2025-02-19 19:41:24,064 [ERROR] LogOutputStream:75 - [STDERR_REDIRECT] WARNING: Could not open/create prefs root node Software\JavaSoft\Prefs at root 0xffffffff80000002. Windows RegCreateKeyEx(...) returned error code 5.
2025-02-19 19:41:24,065 [ERROR] LogOutputStream:75 - [STDERR_REDIRECT] 
2025-02-19 19:41:24,585 [INFO] MainUpdater:2872 - connection check result : 10
2025-02-19 19:41:24,585 [INFO] MainUpdater:3566 - Updater definition file requires update
2025-02-19 19:41:24,585 [INFO] MainUpdater:289 - Updater Check For Update Now.
2025-02-19 19:41:24,585 [INFO] MicroXplorer:498 - Change Database Version : DB.6.0.130
2025-02-19 19:41:24,593 [INFO] McuFinderGlobals:63 - Set McuFinder mode to 2 (CubeIDE integrated)
2025-02-19 19:41:24,594 [INFO] UserAuth:486 - Internet connection configuration mode: 1
2025-02-19 19:41:24,613 [INFO] JxBrowserEngine:152 - Initiate JxBrowser Engine with user profile folder
2025-02-19 19:41:24,651 [INFO] ServerAccessManage:473 - Download File updaters.zip
2025-02-19 19:41:24,804 [INFO] FileExtend:240 - Unzip File : updaters.zip
2025-02-19 19:41:24,804 [INFO] FileExtend:255 - Standard Zip Deflate
2025-02-19 19:41:25,163 [INFO] ServerAccessManage:473 - Download File PacksControlFlags.xml
2025-02-19 19:41:25,254 [INFO] ServerAccessManage:473 - Download File cubemx.pidx
2025-02-19 19:41:25,365 [INFO] LoadServerUpdatesThread:375 - End of LoadServerUpdate Thread
2025-02-19 19:41:25,524 [INFO] CheckServerUpdateThread:120 - End of CheckServer Thread
2025-02-19 19:41:25,620 [INFO] WebApp:168 - Instantiating new browser for Auth
2025-02-19 19:41:26,343 [INFO] WebApp:449 - Apply proxy settings
2025-02-19 19:41:26,343 [INFO] WebApp:534 - Chromium requires no authentication
2025-02-19 19:41:26,352 [INFO] WebApp:477 - Direct internet connection detected
2025-02-19 19:41:26,376 [INFO] WebApp:880 - Register for checkConnection events
2025-02-19 19:41:26,377 [INFO] WebApp:449 - Apply proxy settings
2025-02-19 19:41:26,377 [INFO] WebApp:534 - Chromium requires no authentication
2025-02-19 19:41:26,377 [INFO] WebApp:477 - Direct internet connection detected
2025-02-19 19:41:26,527 [INFO] WebApp:221 - Starting web application
2025-02-19 19:41:26,527 [INFO] WebApp:579 - Web application path used D:\STM32CubeIDE_1.17.0\STM32CubeIDE\plugins\com.st.stm32cube.common.mx_6.13.0.202411220809\db\plugins\mcufinder\reactClient1\index.html
2025-02-19 19:41:26,555 [INFO] WebApp:187 - Connection restablished
2025-02-19 19:41:26,609 [INFO] UserAuth:486 - Internet connection configuration mode: 1
2025-02-19 19:41:27,077 [WARN] PackLoader:240 - Cannot read IP mode file for STMicroelectronics.FP-SNS-MOTENVWB1.1.4.0
2025-02-19 19:41:27,087 [WARN] PackLoader:240 - Cannot read IP mode file for STMicroelectronics.X-CUBE-SMBUS.2.1.0
2025-02-19 19:41:27,095 [WARN] PackLoader:240 - Cannot read IP mode file for STMicroelectronics.X-CUBE-WB05N.1.1.0
2025-02-19 19:41:27,125 [WARN] PackLoader:240 - Cannot read IP mode file for STMicroelectronics.X-CUBE-AZRTOS-F7.1.1.0
2025-02-19 19:41:27,134 [WARN] PackLoader:240 - Cannot read IP mode file for STMicroelectronics.FP-SNS-FLIGHT1.5.0.2
2025-02-19 19:41:27,143 [WARN] PackLoader:240 - Cannot read IP mode file for STMicroelectronics.X-CUBE-DISPLAY.3.0.0
2025-02-19 19:41:27,152 [WARN] PackLoader:240 - Cannot read IP mode file for STMicroelectronics.X-CUBE-BLE1.7.0.0
2025-02-19 19:41:27,159 [WARN] PackLoader:240 - Cannot read IP mode file for STMicroelectronics.X-CUBE-NFC10.1.0.0
2025-02-19 19:41:27,165 [WARN] PackLoader:240 - Cannot read IP mode file for STMicroelectronics.X-CUBE-AI.10.0.0
2025-02-19 19:41:27,171 [WARN] PackLoader:240 - Cannot read IP mode file for STMicroelectronics.FP-SNS-SMARTAG2.1.2.0
2025-02-19 19:41:27,180 [INFO] LogOutputStream:77 - [STDOUT_REDIRECT] 1 : Invalid condition id : UX_CORESTACK_Condition cause : null
2025-02-19 19:41:27,180 [INFO] LogOutputStream:77 - [STDOUT_REDIRECT] 1 : Invalid condition id : UX_CORESTACK_Condition cause : null
2025-02-19 19:41:27,181 [INFO] LogOutputStream:77 - [STDOUT_REDIRECT] 1 : Invalid condition id : UX_CORESTACK_Condition cause : null
2025-02-19 19:41:27,182 [INFO] LogOutputStream:77 - [STDOUT_REDIRECT] 1 : Invalid condition id : UX_CORESTACK_Condition cause : null
2025-02-19 19:41:27,182 [INFO] LogOutputStream:77 - [STDOUT_REDIRECT] 1 : Invalid condition id : UX_CORESTACK_Condition cause : null
2025-02-19 19:41:27,185 [WARN] PackLoader:240 - Cannot read IP mode file for STMicroelectronics.X-CUBE-AZRTOS-WL.2.0.0
2025-02-19 19:41:27,191 [WARN] PackLoader:240 - Cannot read IP mode file for STMicroelectronics.FP-SNS-MOTENV1.5.0.0
2025-02-19 19:41:27,195 [WARN] PackLoader:240 - Cannot read IP mode file for wolfSSL.I-CUBE-wolfMQTT.1.19.0
2025-02-19 19:41:27,199 [WARN] PackLoader:240 - Cannot read IP mode file for STMicroelectronics.X-CUBE-BLE2.3.3.0
2025-02-19 19:41:27,205 [WARN] PackLoader:240 - Cannot read IP mode file for STMicroelectronics.X-CUBE-NFC9.1.0.0
2025-02-19 19:41:27,218 [WARN] PackLoader:240 - Cannot read IP mode file for STMicroelectronics.X-CUBE-AZRTOS-G0.1.1.0
2025-02-19 19:41:27,226 [WARN] PackLoader:240 - Cannot read IP mode file for STMicroelectronics.X-CUBE-SAFEA1.1.2.2
2025-02-19 19:41:27,230 [WARN] PackLoader:240 - Cannot read IP mode file for STMicroelectronics.X-CUBE-NFC4.3.0.0
2025-02-19 19:41:27,240 [WARN] PackLoader:240 - Cannot read IP mode file for EmbeddedOffice.I-CUBE-FS-RTOS.1.0.1
2025-02-19 19:41:27,244 [WARN] PackLoader:240 - Cannot read IP mode file for RealThread.X-CUBE-RT-Thread_Nano.4.1.1
2025-02-19 19:41:27,248 [WARN] PackLoader:240 - Cannot read IP mode file for STMicroelectronics.FP-ATR-SIGFOX1.3.2.0
2025-02-19 19:41:27,251 [WARN] ConditionMgr:438 - getConditionDescription Invalid condition id : Cortex-A Device cause : null
2025-02-19 19:41:27,261 [WARN] ConditionMgr:1044 - genDependencies : Invalid condition id : Cortex-A Device cause : null
2025-02-19 19:41:27,261 [WARN] ConditionMgr:1044 - genDependencies : Invalid condition id : Cortex-A Device cause : null
2025-02-19 19:41:27,261 [WARN] ConditionMgr:1044 - genDependencies : Invalid condition id : Cortex-A Device cause : null
2025-02-19 19:41:27,265 [WARN] PackLoader:240 - Cannot read IP mode file for STMicroelectronics.X-CUBE-EEPRMA1.5.1.0
2025-02-19 19:41:27,288 [WARN] PackLoader:240 - Cannot read IP mode file for SEGGER.I-CUBE-embOS.1.3.1
2025-02-19 19:41:27,329 [WARN] PackLoader:240 - Cannot read IP mode file for STMicroelectronics.X-CUBE-ALGOBUILD.1.4.0
2025-02-19 19:41:27,332 [WARN] PackLoader:240 - Cannot read IP mode file for STMicroelectronics.X-CUBE-AI.9.1.0
2025-02-19 19:41:27,345 [WARN] PackLoader:240 - Cannot read IP mode file for STMicroelectronics.X-CUBE-AZRTOS-F4.1.1.0
2025-02-19 19:41:27,350 [WARN] PackLoader:240 - Cannot read IP mode file for STMicroelectronics.X-CUBE-ISPU.2.1.0
2025-02-19 19:41:27,361 [WARN] PackLoader:240 - Cannot read IP mode file for STMicroelectronics.X-CUBE-AZRTOS-L5.2.0.0
2025-02-19 19:41:27,369 [WARN] PackLoader:240 - Cannot read IP mode file for STMicroelectronics.X-CUBE-NFC6.3.1.0
2025-02-19 19:41:27,375 [WARN] PackLoader:240 - Cannot read IP mode file for STMicroelectronics.X-CUBE-DPower.1.2.0
2025-02-19 19:41:27,381 [WARN] PackLoader:240 - Cannot read IP mode file for STMicroelectronics.X-CUBE-NFC7.1.0.1
2025-02-19 19:41:27,393 [WARN] ConditionMgr:438 - getConditionDescription Invalid condition id : LAN8742 Phy interface Condition cause : null
2025-02-19 19:41:27,393 [WARN] PackLoader:240 - Cannot read IP mode file for STMicroelectronics.X-CUBE-AZRTOS-L4.2.0.0
2025-02-19 19:41:27,394 [WARN] ConditionMgr:1044 - genDependencies : Invalid condition id : LAN8742 Phy interface Condition cause : null
2025-02-19 19:41:27,394 [WARN] ConditionMgr:1044 - genDependencies : Invalid condition id : LAN8742 Phy interface Condition cause : null
2025-02-19 19:41:27,394 [WARN] ConditionMgr:1044 - genDependencies : Invalid condition id : LAN8742 Phy interface Condition cause : null
2025-02-19 19:41:27,400 [WARN] PackLoader:240 - Cannot read IP mode file for STMicroelectronics.X-CUBE-SFXS2LP1.4.0.0
2025-02-19 19:41:27,416 [WARN] PackLoader:240 - Cannot read IP mode file for STMicroelectronics.X-CUBE-AZRTOS-H7.3.3.0
2025-02-19 19:41:27,426 [WARN] ConditionMgr:438 - getConditionDescription Invalid condition id : UX DEVICE CLASS RTOS Condition cause : null
2025-02-19 19:41:27,426 [WARN] ConditionMgr:438 - getConditionDescription Invalid condition id : UX DEVICE CLASS RTOS Condition cause : null
2025-02-19 19:41:27,427 [WARN] PackLoader:240 - Cannot read IP mode file for STMicroelectronics.X-CUBE-AZRTOS-WB.2.0.0
2025-02-19 19:41:27,427 [WARN] ConditionMgr:1044 - genDependencies : Invalid condition id : UX DEVICE CLASS RTOS Condition cause : null
2025-02-19 19:41:27,427 [WARN] ConditionMgr:1044 - genDependencies : Invalid condition id : UX DEVICE CLASS RTOS Condition cause : null
2025-02-19 19:41:27,428 [WARN] ConditionMgr:1044 - genDependencies : Invalid condition id : UX DEVICE CLASS RTOS Condition cause : null
2025-02-19 19:41:27,428 [WARN] ConditionMgr:1044 - genDependencies : Invalid condition id : UX DEVICE CLASS RTOS Condition cause : null
2025-02-19 19:41:27,428 [WARN] ConditionMgr:1044 - genDependencies : Invalid condition id : UX DEVICE CLASS RTOS Condition cause : null
2025-02-19 19:41:27,434 [WARN] PackLoader:240 - Cannot read IP mode file for STMicroelectronics.FP-SNS-STBOX1.2.0.0
2025-02-19 19:41:27,444 [WARN] PackLoader:240 - Cannot read IP mode file for STMicroelectronics.X-CUBE-SUBG2.5.0.0
2025-02-19 19:41:27,450 [WARN] PackLoader:240 - Cannot read IP mode file for Cesanta.I-CUBE-Mongoose.7.13.0
2025-02-19 19:41:27,460 [WARN] PackLoader:240 - Cannot read IP mode file for STMicroelectronics.X-CUBE-AZRTOS-G4.2.0.0
2025-02-19 19:41:27,464 [WARN] PackLoader:240 - Cannot read IP mode file for STMicroelectronics.X-CUBE-ALS.1.0.2
2025-02-19 19:41:27,469 [WARN] PackLoader:240 - Cannot read IP mode file for portGmbH.I-Cube-SoM-uGOAL.1.1.0
2025-02-19 19:41:27,480 [WARN] PackLoader:240 - Cannot read IP mode file for STMicroelectronics.X-CUBE-AZRTOS-H7RS.1.0.0
2025-02-19 19:41:27,489 [WARN] PackLoader:240 - Cannot read IP mode file for STMicroelectronics.X-CUBE-TOF1.3.4.2
2025-02-19 19:41:27,499 [WARN] PackLoader:240 - Cannot read IP mode file for wolfSSL.I-CUBE-wolfSSH.1.4.17
2025-02-19 19:41:27,499 [INFO] ThirdParty:978 - Integrity check success = true
2025-02-19 19:41:27,499 [INFO] IntegrityCheckThread:100 - exiting critical section [integrity check]
2025-02-19 19:41:27,499 [INFO] IntegrityCheckThread:103 - End integrity checks thread
2025-02-19 23:16:36,444 [ERROR] LogOutputStream:75 - [STDERR_REDIRECT] 
2025-02-19 23:31:54,686 [INFO] Activator:176 - 


2025-02-19 23:31:54,686 [INFO] Activator:177 - !SESSION log4j initialized
2025-02-19 23:32:00,199 [INFO] LogOutputStream:77 - [STDOUT_REDIRECT] 
2025-02-19 23:32:03,586 [INFO] ApplicationProperties:184 - Using Application install path: D:\STM32CubeIDE_1.17.0\STM32CubeIDE\plugins\com.st.stm32cube.common.mx_6.13.0.202411220809
2025-02-19 23:32:03,637 [INFO] DbMcusXml:78 - Set database path to: D:\STM32CubeIDE_1.17.0\STM32CubeIDE\plugins\com.st.stm32cube.common.mx_6.13.0.202411220809\\db\/mcu/
2025-02-19 23:32:03,637 [INFO] ApiDb:274 - Set plugin database path to: D:\STM32CubeIDE_1.17.0\STM32CubeIDE\plugins\com.st.stm32cube.common.mx_6.13.0.202411220809\\db\/plugins/boardmanager/
2025-02-19 23:32:03,637 [WARN] ApiDb:259 - Overriding images path with different value:  => D:\STM32CubeIDE_1.17.0\STM32CubeIDE\plugins\com.st.stm32cube.common.mx_6.13.0.202411220809\\db\/plugins/mcufinder/images/
2025-02-19 23:32:03,656 [INFO] ApiDb:250 - Set database path to: C:\Users\lemon\.stmcufinder\plugins\mcufinder//mcu/
2025-02-19 23:32:03,666 [INFO] DbMcusAds:125 - Set database path to: C:\Users\lemon\.stmcufinder\plugins\mcufinder//mcu/
2025-02-19 23:32:03,666 [INFO] CrossReferenceDbSqlite:203 - Set database path to: C:\Users\lemon\.stmcufinder\plugins\mcufinder//mcu/cs/
2025-02-19 23:32:03,926 [INFO] RulesReader:64 - Compatibility file has been processed (297 Rules)
2025-02-19 23:32:04,198 [INFO] DbMcusXml:78 - Set database path to: D:\STM32CubeIDE_1.17.0\STM32CubeIDE\plugins\com.st.stm32cube.common.mx_6.13.0.202411220809\\db\/mcu/
2025-02-19 23:32:04,198 [INFO] ApiDb:274 - Set plugin database path to: D:\STM32CubeIDE_1.17.0\STM32CubeIDE\plugins\com.st.stm32cube.common.mx_6.13.0.202411220809\\db\/plugins/boardmanager/
2025-02-19 23:32:04,198 [INFO] ApiDb:261 - Set plugin images path to: D:\STM32CubeIDE_1.17.0\STM32CubeIDE\plugins\com.st.stm32cube.common.mx_6.13.0.202411220809\\db\/plugins/mcufinder/images/
2025-02-19 23:32:04,198 [WARN] DbFile:41 - Overriding database path with different value: C:\Users\lemon\.stmcufinder\plugins\mcufinder/ => C:\Users\lemon\.stmcufinder\plugins\mcufinder
2025-02-19 23:32:04,198 [INFO] ApiDb:250 - Set database path to: C:\Users\lemon\.stmcufinder\plugins\mcufinder//mcu/
2025-02-19 23:32:04,198 [WARN] DbFile:41 - Overriding database path with different value: C:\Users\lemon\.stmcufinder\plugins\mcufinder/ => C:\Users\lemon\.stmcufinder\plugins\mcufinder
2025-02-19 23:32:04,198 [INFO] DbMcusAds:125 - Set database path to: C:\Users\lemon\.stmcufinder\plugins\mcufinder//mcu/
2025-02-19 23:32:04,206 [WARN] DbFile:41 - Overriding database path with different value: C:\Users\lemon\.stmcufinder\plugins\mcufinder/ => C:\Users\lemon\.stmcufinder\plugins\mcufinder
2025-02-19 23:32:04,206 [WARN] DbFile:41 - Overriding database path with different value: C:\Users\lemon\.stmcufinder\plugins\mcufinder/ => C:\Users\lemon\.stmcufinder\plugins\mcufinder
2025-02-19 23:32:04,206 [INFO] CrossReferenceDbSqlite:203 - Set database path to: C:\Users\lemon\.stmcufinder\plugins\mcufinder//mcu/cs/
2025-02-19 23:32:04,416 [INFO] MainPanel:272 - HeapMemory: 268435456
2025-02-19 23:32:04,721 [INFO] DbMcusXml:78 - Set database path to: D:\STM32CubeIDE_1.17.0\STM32CubeIDE\plugins\com.st.stm32cube.common.mx_6.13.0.202411220809\\db\/mcu/
2025-02-19 23:32:04,721 [INFO] ApiDb:274 - Set plugin database path to: D:\STM32CubeIDE_1.17.0\STM32CubeIDE\plugins\com.st.stm32cube.common.mx_6.13.0.202411220809\\db\/plugins/boardmanager/
2025-02-19 23:32:04,721 [INFO] ApiDb:261 - Set plugin images path to: D:\STM32CubeIDE_1.17.0\STM32CubeIDE\plugins\com.st.stm32cube.common.mx_6.13.0.202411220809\\db\/plugins/mcufinder/images/
2025-02-19 23:32:04,721 [WARN] DbFile:41 - Overriding database path with different value: C:\Users\lemon\.stmcufinder\plugins\mcufinder/ => C:\Users\lemon\.stmcufinder\plugins\mcufinder
2025-02-19 23:32:04,721 [INFO] ApiDb:250 - Set database path to: C:\Users\lemon\.stmcufinder\plugins\mcufinder//mcu/
2025-02-19 23:32:04,726 [WARN] DbFile:41 - Overriding database path with different value: C:\Users\lemon\.stmcufinder\plugins\mcufinder/ => C:\Users\lemon\.stmcufinder\plugins\mcufinder
2025-02-19 23:32:04,726 [INFO] DbMcusAds:125 - Set database path to: C:\Users\lemon\.stmcufinder\plugins\mcufinder//mcu/
2025-02-19 23:32:04,726 [WARN] DbFile:41 - Overriding database path with different value: C:\Users\lemon\.stmcufinder\plugins\mcufinder/ => C:\Users\lemon\.stmcufinder\plugins\mcufinder
2025-02-19 23:32:04,726 [WARN] DbFile:41 - Overriding database path with different value: C:\Users\lemon\.stmcufinder\plugins\mcufinder/ => C:\Users\lemon\.stmcufinder\plugins\mcufinder
2025-02-19 23:32:04,726 [INFO] CrossReferenceDbSqlite:203 - Set database path to: C:\Users\lemon\.stmcufinder\plugins\mcufinder//mcu/cs/
2025-02-19 23:32:04,799 [INFO] ApplicationProperties:184 - Using Application install path: D:\STM32CubeIDE_1.17.0\STM32CubeIDE\plugins\com.st.stm32cube.common.mx_6.13.0.202411220809
2025-02-19 23:32:04,799 [INFO] PluginManage:196 - Search for loadable plugins [exclusion list=, ]
2025-02-19 23:32:04,806 [INFO] PluginManage:310 - Check plugin analytics
2025-02-19 23:32:05,542 [INFO] AnalyticsPlugin:253 - Accepted Software Licenses: 
2025-02-19 23:32:05,542 [INFO] AnalyticsPlugin:255 - Accepted CMSIS Pack Licenses: 
2025-02-19 23:32:05,542 [INFO] AnalyticsPlugin:257 - Accepted Firmware Licenses: FW.G4.1.6.0
2025-02-19 23:32:05,546 [INFO] PluginManage:359 - Loaded plugin analytics (category:tool,tabindex:-1)
2025-02-19 23:32:05,546 [INFO] PluginManage:310 - Check plugin cadmodel
2025-02-19 23:32:05,586 [INFO] CADModel:105 - Init CAD model plugin
2025-02-19 23:32:05,586 [INFO] PluginManage:359 - Loaded plugin cadmodel (category:power,tabindex:5)
2025-02-19 23:32:05,586 [INFO] PluginManage:310 - Check plugin clock
2025-02-19 23:32:05,623 [INFO] PluginManage:359 - Loaded plugin clock (category:base,tabindex:2)
2025-02-19 23:32:05,626 [INFO] PluginManage:310 - Check plugin ddr
2025-02-19 23:32:05,636 [INFO] PluginManage:359 - Loaded plugin ddr (category:tool,tabindex:6)
2025-02-19 23:32:05,636 [INFO] PluginManage:310 - Check plugin filemanager
2025-02-19 23:32:06,048 [INFO] PluginManage:359 - Loaded plugin filemanager (category:base,tabindex:10)
2025-02-19 23:32:06,054 [INFO] PluginManage:310 - Check plugin ipmanager
2025-02-19 23:32:06,066 [INFO] PluginManage:359 - Loaded plugin ipmanager (category:base,tabindex:5)
2025-02-19 23:32:06,069 [INFO] PluginManage:310 - Check plugin lpbam
2025-02-19 23:32:06,080 [INFO] PluginManage:359 - Loaded plugin lpbam (category:base,tabindex:0)
2025-02-19 23:32:06,086 [INFO] PluginManage:310 - Check plugin memorymap
2025-02-19 23:32:06,110 [INFO] PluginManage:359 - Loaded plugin memorymap (category:base,tabindex:4)
2025-02-19 23:32:06,110 [INFO] PluginManage:310 - Check plugin pinoutandconfiguration
2025-02-19 23:32:06,126 [INFO] PluginManage:359 - Loaded plugin pinoutandconfiguration (category:base,tabindex:1)
2025-02-19 23:32:06,126 [INFO] PluginManage:310 - Check plugin pinoutconfig
2025-02-19 23:32:06,677 [WARN] SupportedApi:132 - Cannot load RTOS API schema: s4s-elt-must-match.1: The content of 'definitions' must match (annotation?, (simpleType | complexType)?, (unique | key | keyref)*)). A problem was found starting at: attribute.
2025-02-19 23:32:07,102 [INFO] PluginManage:359 - Loaded plugin pinoutconfig (category:base,tabindex:0)
2025-02-19 23:32:07,102 [INFO] PluginManage:310 - Check plugin power
2025-02-19 23:32:07,126 [INFO] PluginManage:359 - Loaded plugin power (category:power,tabindex:4)
2025-02-19 23:32:07,126 [INFO] PluginManage:310 - Check plugin projectmanager
2025-02-19 23:32:07,176 [INFO] PluginManage:359 - Loaded plugin projectmanager (category:projectmanager,tabindex:4)
2025-02-19 23:32:07,176 [INFO] PluginManage:310 - Check plugin rif
2025-02-19 23:32:07,191 [INFO] PluginManage:359 - Loaded plugin rif (category:base,tabindex:3)
2025-02-19 23:32:07,191 [INFO] PluginManage:310 - Check plugin thirdparty
2025-02-19 23:32:07,616 [INFO] PluginManage:359 - Loaded plugin thirdparty (category:base,tabindex:-1)
2025-02-19 23:32:07,616 [INFO] PluginManage:310 - Check plugin tools
2025-02-19 23:32:07,616 [WARN] IntegrityCheckThread:84 - waiting for thirdparty lock release [integrity check]
2025-02-19 23:32:07,616 [INFO] IntegrityCheckThread:86 - entering critical section [integrity check]
2025-02-19 23:32:07,616 [INFO] ThirdPartyUpdaterWithRetryManager:70 - Updater plugin not ready yet. [1/15]
2025-02-19 23:32:07,636 [INFO] PluginManage:359 - Loaded plugin tools (category:base,tabindex:7)
2025-02-19 23:32:07,636 [INFO] PluginManage:310 - Check plugin tutovideos
2025-02-19 23:32:08,216 [INFO] PluginManage:359 - Loaded plugin tutovideos (category:base,tabindex:-1)
2025-02-19 23:32:08,216 [INFO] PluginManage:310 - Check plugin updater
2025-02-19 23:32:08,262 [INFO] PluginManage:359 - Loaded plugin updater (category:base,tabindex:12)
2025-02-19 23:32:08,262 [INFO] PluginManage:310 - Check plugin userauth
2025-02-19 23:32:08,266 [INFO] UserAuth:118 - Init User Auth plugin
2025-02-19 23:32:08,266 [INFO] PluginManage:359 - Loaded plugin userauth (category:base,tabindex:14)
2025-02-19 23:32:08,266 [INFO] PluginManage:283 - PluginManage : Loaded plugins [18]
2025-02-19 23:32:08,836 [INFO] PinOutPanel:1589 - setPackage(No Configuration,No Configuration)
2025-02-19 23:32:09,046 [INFO] CADModel:165 - CPN selected for project level
2025-02-19 23:32:09,046 [INFO] CADModel:114 - Register for checkConnection events
2025-02-19 23:32:09,086 [INFO] IPUIPlugin:80 - create IPUIPlugin
2025-02-19 23:32:09,086 [INFO] PluginManager:220 - loadIPPluginJar : add adc
2025-02-19 23:32:09,086 [INFO] IPUIPlugin:80 - create IPUIPlugin
2025-02-19 23:32:09,086 [INFO] PluginManager:220 - loadIPPluginJar : add aes
2025-02-19 23:32:09,095 [INFO] IPUIPlugin:80 - create IPUIPlugin
2025-02-19 23:32:09,100 [INFO] PluginManager:220 - loadIPPluginJar : add can
2025-02-19 23:32:09,100 [INFO] IPUIPlugin:80 - create IPUIPlugin
2025-02-19 23:32:09,100 [INFO] PluginManager:220 - loadIPPluginJar : add comp
2025-02-19 23:32:09,106 [INFO] IPUIPlugin:80 - create IPUIPlugin
2025-02-19 23:32:09,106 [INFO] PluginManager:220 - loadIPPluginJar : add cryp
2025-02-19 23:32:09,111 [INFO] IPUIPlugin:80 - create IPUIPlugin
2025-02-19 23:32:09,111 [INFO] PluginManager:220 - loadIPPluginJar : add ddr_ctrl_phy
2025-02-19 23:32:09,116 [INFO] IPUIPlugin:80 - create IPUIPlugin
2025-02-19 23:32:09,116 [INFO] PluginManager:220 - loadIPPluginJar : add dfsdm
2025-02-19 23:32:09,127 [INFO] IPUIPlugin:80 - create IPUIPlugin
2025-02-19 23:32:09,127 [INFO] PluginManager:220 - loadIPPluginJar : add dma
2025-02-19 23:32:09,131 [INFO] IPUIPlugin:80 - create IPUIPlugin
2025-02-19 23:32:09,131 [INFO] PluginManager:220 - loadIPPluginJar : add dma3
2025-02-19 23:32:09,136 [INFO] IPUIPlugin:80 - create IPUIPlugin
2025-02-19 23:32:09,136 [INFO] PluginManager:220 - loadIPPluginJar : add extmemmanager
2025-02-19 23:32:09,136 [INFO] IPUIPlugin:80 - create IPUIPlugin
2025-02-19 23:32:09,136 [INFO] PluginManager:220 - loadIPPluginJar : add fatfs
2025-02-19 23:32:09,146 [INFO] IPUIPlugin:80 - create IPUIPlugin
2025-02-19 23:32:09,146 [INFO] PluginManager:220 - loadIPPluginJar : add fmc
2025-02-19 23:32:09,161 [INFO] IPUIPlugin:80 - create IPUIPlugin
2025-02-19 23:32:09,161 [INFO] PluginManager:220 - loadIPPluginJar : add freertos
2025-02-19 23:32:09,162 [INFO] IPUIPlugin:80 - create IPUIPlugin
2025-02-19 23:32:09,162 [INFO] PluginManager:220 - loadIPPluginJar : add genericplugin
2025-02-19 23:32:09,166 [INFO] IPUIPlugin:80 - create IPUIPlugin
2025-02-19 23:32:09,166 [INFO] PluginManager:220 - loadIPPluginJar : add gfxmmu
2025-02-19 23:32:09,176 [INFO] IPUIPlugin:80 - create IPUIPlugin
2025-02-19 23:32:09,176 [INFO] PluginManager:220 - loadIPPluginJar : add gic
2025-02-19 23:32:09,176 [INFO] IPUIPlugin:80 - create IPUIPlugin
2025-02-19 23:32:09,176 [INFO] PluginManager:220 - loadIPPluginJar : add gpio
2025-02-19 23:32:09,186 [INFO] IPUIPlugin:80 - create IPUIPlugin
2025-02-19 23:32:09,186 [INFO] PluginManager:220 - loadIPPluginJar : add gtzc
2025-02-19 23:32:09,186 [INFO] IPUIPlugin:80 - create IPUIPlugin
2025-02-19 23:32:09,186 [INFO] PluginManager:220 - loadIPPluginJar : add hash
2025-02-19 23:32:09,195 [INFO] IPUIPlugin:80 - create IPUIPlugin
2025-02-19 23:32:09,195 [INFO] PluginManager:220 - loadIPPluginJar : add i2c
2025-02-19 23:32:09,204 [INFO] IPUIPlugin:80 - create IPUIPlugin
2025-02-19 23:32:09,204 [INFO] PluginManager:220 - loadIPPluginJar : add i2s
2025-02-19 23:32:09,209 [INFO] IPUIPlugin:80 - create IPUIPlugin
2025-02-19 23:32:09,209 [INFO] PluginManager:220 - loadIPPluginJar : add i3c
2025-02-19 23:32:09,217 [INFO] IPUIPlugin:80 - create IPUIPlugin
2025-02-19 23:32:09,217 [INFO] PluginManager:220 - loadIPPluginJar : add ipddr
2025-02-19 23:32:09,226 [INFO] IPUIPlugin:80 - create IPUIPlugin
2025-02-19 23:32:09,226 [INFO] PluginManager:220 - loadIPPluginJar : add linkedlist
2025-02-19 23:32:09,235 [INFO] IPUIPlugin:80 - create IPUIPlugin
2025-02-19 23:32:09,235 [INFO] PluginManager:220 - loadIPPluginJar : add lorawan
2025-02-19 23:32:09,235 [INFO] IPUIPlugin:80 - create IPUIPlugin
2025-02-19 23:32:09,235 [INFO] PluginManager:220 - loadIPPluginJar : add ltdc
2025-02-19 23:32:09,251 [INFO] IPUIPlugin:80 - create IPUIPlugin
2025-02-19 23:32:09,251 [INFO] PluginManager:220 - loadIPPluginJar : add mdma
2025-02-19 23:32:09,256 [INFO] IPUIPlugin:80 - create IPUIPlugin
2025-02-19 23:32:09,256 [INFO] PluginManager:220 - loadIPPluginJar : add nvic
2025-02-19 23:32:09,263 [INFO] IPUIPlugin:80 - create IPUIPlugin
2025-02-19 23:32:09,263 [INFO] PluginManager:220 - loadIPPluginJar : add opamp
2025-02-19 23:32:09,266 [INFO] IPUIPlugin:80 - create IPUIPlugin
2025-02-19 23:32:09,266 [INFO] PluginManager:220 - loadIPPluginJar : add openamp
2025-02-19 23:32:09,276 [INFO] IPUIPlugin:80 - create IPUIPlugin
2025-02-19 23:32:09,276 [INFO] PluginManager:220 - loadIPPluginJar : add pdm2pcm
2025-02-19 23:32:09,291 [INFO] IPUIPlugin:80 - create IPUIPlugin
2025-02-19 23:32:09,296 [INFO] PluginManager:220 - loadIPPluginJar : add plateformsettings
2025-02-19 23:32:09,301 [INFO] IPUIPlugin:80 - create IPUIPlugin
2025-02-19 23:32:09,301 [INFO] PluginManager:220 - loadIPPluginJar : add quadspi
2025-02-19 23:32:09,306 [INFO] IPUIPlugin:80 - create IPUIPlugin
2025-02-19 23:32:09,306 [INFO] PluginManager:220 - loadIPPluginJar : add radio
2025-02-19 23:32:09,306 [INFO] IPUIPlugin:80 - create IPUIPlugin
2025-02-19 23:32:09,306 [INFO] PluginManager:220 - loadIPPluginJar : add resmgrutility
2025-02-19 23:32:09,315 [INFO] IPUIPlugin:80 - create IPUIPlugin
2025-02-19 23:32:09,315 [INFO] PluginManager:220 - loadIPPluginJar : add sai
2025-02-19 23:32:09,326 [INFO] IPUIPlugin:80 - create IPUIPlugin
2025-02-19 23:32:09,326 [INFO] PluginManager:220 - loadIPPluginJar : add spi
2025-02-19 23:32:09,336 [INFO] IPUIPlugin:80 - create IPUIPlugin
2025-02-19 23:32:09,336 [INFO] PluginManager:220 - loadIPPluginJar : add stm32_wpan
2025-02-19 23:32:09,356 [INFO] IPUIPlugin:80 - create IPUIPlugin
2025-02-19 23:32:09,356 [INFO] PluginManager:220 - loadIPPluginJar : add tim
2025-02-19 23:32:09,363 [INFO] IPUIPlugin:80 - create IPUIPlugin
2025-02-19 23:32:09,363 [INFO] PluginManager:220 - loadIPPluginJar : add touchsensing
2025-02-19 23:32:09,366 [INFO] IPUIPlugin:80 - create IPUIPlugin
2025-02-19 23:32:09,366 [INFO] PluginManager:220 - loadIPPluginJar : add tracer_emb
2025-02-19 23:32:09,371 [INFO] IPUIPlugin:80 - create IPUIPlugin
2025-02-19 23:32:09,371 [INFO] PluginManager:220 - loadIPPluginJar : add ts
2025-02-19 23:32:09,371 [INFO] IPUIPlugin:80 - create IPUIPlugin
2025-02-19 23:32:09,376 [INFO] PluginManager:220 - loadIPPluginJar : add tsc
2025-02-19 23:32:09,376 [INFO] IPUIPlugin:80 - create IPUIPlugin
2025-02-19 23:32:09,376 [INFO] PluginManager:220 - loadIPPluginJar : add ucpd
2025-02-19 23:32:09,386 [INFO] IPUIPlugin:80 - create IPUIPlugin
2025-02-19 23:32:09,386 [INFO] PluginManager:220 - loadIPPluginJar : add usart
2025-02-19 23:32:09,396 [INFO] IPUIPlugin:80 - create IPUIPlugin
2025-02-19 23:32:09,401 [INFO] PluginManager:220 - loadIPPluginJar : add usbx
2025-02-19 23:32:09,638 [FATAL] Updater:351 - Updater called before beeing initialized
2025-02-19 23:32:09,759 [INFO] RulesReader:64 - Compatibility file has been processed (297 Rules)
2025-02-19 23:32:09,786 [INFO] RulesReader:64 - Compatibility file has been processed (297 Rules)
2025-02-19 23:32:09,806 [INFO] CADModel:165 - CPN selected for project level
2025-02-19 23:32:09,810 [INFO] CADModel:114 - Register for checkConnection events
2025-02-19 23:32:09,810 [FATAL] Updater:351 - Updater called before beeing initialized
2025-02-19 23:32:09,810 [ERROR] CADModel:125 - Updater not yet initialized, retry later 
2025-02-19 23:32:10,327 [FATAL] Updater:351 - Updater called before beeing initialized
2025-02-19 23:32:10,331 [INFO] CADModel:165 - CPN selected for project level
2025-02-19 23:32:10,331 [INFO] CADModel:114 - Register for checkConnection events
2025-02-19 23:32:10,331 [FATAL] Updater:351 - Updater called before beeing initialized
2025-02-19 23:32:10,332 [ERROR] CADModel:125 - Updater not yet initialized, retry later 
2025-02-19 23:32:10,340 [FATAL] Updater:351 - Updater called before beeing initialized
2025-02-19 23:32:10,628 [INFO] ThirdPartyUpdaterWithRetryManager:70 - Updater plugin not ready yet. [2/15]
2025-02-19 23:32:10,756 [FATAL] Updater:351 - Updater called before beeing initialized
2025-02-19 23:32:10,796 [INFO] DbMcusAds:53 - JSON generation date=Wed Dec 18 00:01:15 GMT+08:00 2024 (1734451275111)
2025-02-19 23:32:10,796 [FATAL] Updater:351 - Updater called before beeing initialized
2025-02-19 23:32:10,891 [WARN] DetailPanel:346 - Failed to get advertising image, set to default
2025-02-19 23:32:11,536 [FATAL] Updater:351 - Updater called before beeing initialized
2025-02-19 23:32:11,546 [FATAL] Updater:351 - Updater called before beeing initialized
2025-02-19 23:32:11,546 [FATAL] Updater:351 - Updater called before beeing initialized
2025-02-19 23:32:11,546 [WARN] DetailPanel:346 - Failed to get advertising image, set to default
2025-02-19 23:32:11,546 [FATAL] Updater:351 - Updater called before beeing initialized
2025-02-19 23:32:11,731 [ERROR] Updater:1198 - MainUpdater not yet initialized. External WinMGr cannot be set.
2025-02-19 23:32:11,736 [INFO] Updater:1134 - Updater Version found : 6.13.0
2025-02-19 23:32:11,756 [INFO] ApplicationProperties:184 - Using Application install path: D:\STM32CubeIDE_1.17.0\STM32CubeIDE\plugins\com.st.stm32cube.common.mx_6.13.0.202411220809
2025-02-19 23:32:13,367 [ERROR] LogOutputStream:75 - [STDERR_REDIRECT] Feb 19, 2025 11:32:13 PM java.util.prefs.WindowsPreferences <init>
2025-02-19 23:32:13,376 [ERROR] LogOutputStream:75 - [STDERR_REDIRECT] WARNING: Could not open/create prefs root node Software\JavaSoft\Prefs at root 0xffffffff80000002. Windows RegCreateKeyEx(...) returned error code 5.
2025-02-19 23:32:13,386 [ERROR] LogOutputStream:75 - [STDERR_REDIRECT] 
2025-02-19 23:32:13,641 [FATAL] Updater:351 - Updater called before beeing initialized
2025-02-19 23:32:13,641 [ERROR] IntegrityCheckThread:130 - Cannot retrieve database content from updater: error 21
2025-02-19 23:32:13,641 [INFO] ThirdParty:978 - Integrity check success = false
2025-02-19 23:32:13,641 [INFO] IntegrityCheckThread:100 - exiting critical section [integrity check]
2025-02-19 23:32:13,641 [INFO] IntegrityCheckThread:103 - End integrity checks thread
2025-02-19 23:32:14,486 [INFO] MainUpdater:2872 - connection check result : 10
2025-02-19 23:32:14,486 [INFO] MainUpdater:289 - Updater Check For Update Now.
2025-02-19 23:32:14,491 [INFO] MicroXplorer:498 - Change Database Version : DB.6.0.130
2025-02-19 23:32:14,516 [INFO] McuFinderGlobals:63 - Set McuFinder mode to 2 (CubeIDE integrated)
2025-02-19 23:32:14,526 [INFO] UserAuth:486 - Internet connection configuration mode: 1
2025-02-19 23:32:14,606 [INFO] JxBrowserEngine:152 - Initiate JxBrowser Engine with user profile folder
2025-02-19 23:32:14,825 [INFO] CheckServerUpdateThread:120 - End of CheckServer Thread
2025-02-19 23:32:16,175 [INFO] WebApp:168 - Instantiating new browser for Auth
2025-02-19 23:32:17,499 [INFO] WebApp:449 - Apply proxy settings
2025-02-19 23:32:17,499 [INFO] WebApp:534 - Chromium requires no authentication
2025-02-19 23:32:17,523 [INFO] WebApp:477 - Direct internet connection detected
2025-02-19 23:32:17,574 [INFO] WebApp:880 - Register for checkConnection events
2025-02-19 23:32:17,574 [INFO] WebApp:449 - Apply proxy settings
2025-02-19 23:32:17,574 [INFO] WebApp:534 - Chromium requires no authentication
2025-02-19 23:32:17,575 [INFO] WebApp:477 - Direct internet connection detected
2025-02-19 23:32:17,797 [INFO] WebApp:187 - Connection restablished
2025-02-19 23:32:18,065 [INFO] WebApp:221 - Starting web application
2025-02-19 23:32:18,065 [INFO] WebApp:579 - Web application path used D:\STM32CubeIDE_1.17.0\STM32CubeIDE\plugins\com.st.stm32cube.common.mx_6.13.0.202411220809\db\plugins\mcufinder\reactClient1\index.html
2025-02-19 23:32:18,235 [INFO] UserAuth:486 - Internet connection configuration mode: 1
2025-02-19 23:54:11,931 [ERROR] LogOutputStream:75 - [STDERR_REDIRECT] 
