2025-01-20 09:04:50,504 [INFO] Activator:176 - 


2025-01-20 09:04:50,504 [INFO] Activator:177 - !SESSION log4j initialized
2025-01-20 09:04:55,931 [INFO] LogOutputStream:77 - [STDOUT_REDIRECT] 
2025-01-20 09:04:57,296 [INFO] ApplicationProperties:184 - Using Application install path: D:\STM32CubeIDE_1.17.0\STM32CubeIDE\plugins\com.st.stm32cube.common.mx_6.13.0.202411220809
2025-01-20 09:04:57,312 [INFO] DbMcusXml:78 - Set database path to: D:\STM32CubeIDE_1.17.0\STM32CubeIDE\plugins\com.st.stm32cube.common.mx_6.13.0.202411220809\\db\/mcu/
2025-01-20 09:04:57,312 [INFO] ApiDb:274 - Set plugin database path to: D:\STM32CubeIDE_1.17.0\STM32CubeIDE\plugins\com.st.stm32cube.common.mx_6.13.0.202411220809\\db\/plugins/boardmanager/
2025-01-20 09:04:57,313 [WARN] ApiDb:259 - Overriding images path with different value:  => D:\STM32CubeIDE_1.17.0\STM32CubeIDE\plugins\com.st.stm32cube.common.mx_6.13.0.202411220809\\db\/plugins/mcufinder/images/
2025-01-20 09:04:57,321 [INFO] ApiDb:250 - Set database path to: C:\Users\lemon\.stmcufinder\plugins\mcufinder//mcu/
2025-01-20 09:04:57,322 [INFO] DbMcusAds:125 - Set database path to: C:\Users\lemon\.stmcufinder\plugins\mcufinder//mcu/
2025-01-20 09:04:57,325 [INFO] CrossReferenceDbSqlite:203 - Set database path to: C:\Users\lemon\.stmcufinder\plugins\mcufinder//mcu/cs/
2025-01-20 09:04:57,452 [INFO] RulesReader:64 - Compatibility file has been processed (297 Rules)
2025-01-20 09:04:57,558 [INFO] DbMcusXml:78 - Set database path to: D:\STM32CubeIDE_1.17.0\STM32CubeIDE\plugins\com.st.stm32cube.common.mx_6.13.0.202411220809\\db\/mcu/
2025-01-20 09:04:57,558 [INFO] ApiDb:274 - Set plugin database path to: D:\STM32CubeIDE_1.17.0\STM32CubeIDE\plugins\com.st.stm32cube.common.mx_6.13.0.202411220809\\db\/plugins/boardmanager/
2025-01-20 09:04:57,558 [INFO] ApiDb:261 - Set plugin images path to: D:\STM32CubeIDE_1.17.0\STM32CubeIDE\plugins\com.st.stm32cube.common.mx_6.13.0.202411220809\\db\/plugins/mcufinder/images/
2025-01-20 09:04:57,558 [WARN] DbFile:41 - Overriding database path with different value: C:\Users\lemon\.stmcufinder\plugins\mcufinder/ => C:\Users\lemon\.stmcufinder\plugins\mcufinder
2025-01-20 09:04:57,559 [INFO] ApiDb:250 - Set database path to: C:\Users\lemon\.stmcufinder\plugins\mcufinder//mcu/
2025-01-20 09:04:57,559 [WARN] DbFile:41 - Overriding database path with different value: C:\Users\lemon\.stmcufinder\plugins\mcufinder/ => C:\Users\lemon\.stmcufinder\plugins\mcufinder
2025-01-20 09:04:57,559 [INFO] DbMcusAds:125 - Set database path to: C:\Users\lemon\.stmcufinder\plugins\mcufinder//mcu/
2025-01-20 09:04:57,559 [WARN] DbFile:41 - Overriding database path with different value: C:\Users\lemon\.stmcufinder\plugins\mcufinder/ => C:\Users\lemon\.stmcufinder\plugins\mcufinder
2025-01-20 09:04:57,559 [WARN] DbFile:41 - Overriding database path with different value: C:\Users\lemon\.stmcufinder\plugins\mcufinder/ => C:\Users\lemon\.stmcufinder\plugins\mcufinder
2025-01-20 09:04:57,559 [INFO] CrossReferenceDbSqlite:203 - Set database path to: C:\Users\lemon\.stmcufinder\plugins\mcufinder//mcu/cs/
2025-01-20 09:04:57,621 [INFO] MainPanel:272 - HeapMemory: 268435456
2025-01-20 09:04:57,737 [INFO] DbMcusXml:78 - Set database path to: D:\STM32CubeIDE_1.17.0\STM32CubeIDE\plugins\com.st.stm32cube.common.mx_6.13.0.202411220809\\db\/mcu/
2025-01-20 09:04:57,737 [INFO] ApiDb:274 - Set plugin database path to: D:\STM32CubeIDE_1.17.0\STM32CubeIDE\plugins\com.st.stm32cube.common.mx_6.13.0.202411220809\\db\/plugins/boardmanager/
2025-01-20 09:04:57,738 [INFO] ApiDb:261 - Set plugin images path to: D:\STM32CubeIDE_1.17.0\STM32CubeIDE\plugins\com.st.stm32cube.common.mx_6.13.0.202411220809\\db\/plugins/mcufinder/images/
2025-01-20 09:04:57,738 [WARN] DbFile:41 - Overriding database path with different value: C:\Users\lemon\.stmcufinder\plugins\mcufinder/ => C:\Users\lemon\.stmcufinder\plugins\mcufinder
2025-01-20 09:04:57,738 [INFO] ApiDb:250 - Set database path to: C:\Users\lemon\.stmcufinder\plugins\mcufinder//mcu/
2025-01-20 09:04:57,738 [WARN] DbFile:41 - Overriding database path with different value: C:\Users\lemon\.stmcufinder\plugins\mcufinder/ => C:\Users\lemon\.stmcufinder\plugins\mcufinder
2025-01-20 09:04:57,738 [INFO] DbMcusAds:125 - Set database path to: C:\Users\lemon\.stmcufinder\plugins\mcufinder//mcu/
2025-01-20 09:04:57,738 [WARN] DbFile:41 - Overriding database path with different value: C:\Users\lemon\.stmcufinder\plugins\mcufinder/ => C:\Users\lemon\.stmcufinder\plugins\mcufinder
2025-01-20 09:04:57,738 [WARN] DbFile:41 - Overriding database path with different value: C:\Users\lemon\.stmcufinder\plugins\mcufinder/ => C:\Users\lemon\.stmcufinder\plugins\mcufinder
2025-01-20 09:04:57,738 [INFO] CrossReferenceDbSqlite:203 - Set database path to: C:\Users\lemon\.stmcufinder\plugins\mcufinder//mcu/cs/
2025-01-20 09:04:57,755 [INFO] ApplicationProperties:184 - Using Application install path: D:\STM32CubeIDE_1.17.0\STM32CubeIDE\plugins\com.st.stm32cube.common.mx_6.13.0.202411220809
2025-01-20 09:04:57,756 [INFO] PluginManage:196 - Search for loadable plugins [exclusion list=, ]
2025-01-20 09:04:57,757 [INFO] PluginManage:310 - Check plugin analytics
2025-01-20 09:04:57,979 [INFO] AnalyticsPlugin:253 - Accepted Software Licenses: 
2025-01-20 09:04:57,979 [INFO] AnalyticsPlugin:255 - Accepted CMSIS Pack Licenses: 
2025-01-20 09:04:57,979 [INFO] AnalyticsPlugin:257 - Accepted Firmware Licenses: FW.G4.1.6.0
2025-01-20 09:04:57,985 [INFO] PluginManage:359 - Loaded plugin analytics (category:tool,tabindex:-1)
2025-01-20 09:04:57,985 [INFO] PluginManage:310 - Check plugin cadmodel
2025-01-20 09:04:57,993 [INFO] CADModel:105 - Init CAD model plugin
2025-01-20 09:04:57,993 [INFO] PluginManage:359 - Loaded plugin cadmodel (category:power,tabindex:5)
2025-01-20 09:04:57,994 [INFO] PluginManage:310 - Check plugin clock
2025-01-20 09:04:58,009 [INFO] PluginManage:359 - Loaded plugin clock (category:base,tabindex:2)
2025-01-20 09:04:58,009 [INFO] PluginManage:310 - Check plugin ddr
2025-01-20 09:04:58,014 [INFO] PluginManage:359 - Loaded plugin ddr (category:tool,tabindex:6)
2025-01-20 09:04:58,014 [INFO] PluginManage:310 - Check plugin filemanager
2025-01-20 09:04:58,155 [INFO] PluginManage:359 - Loaded plugin filemanager (category:base,tabindex:10)
2025-01-20 09:04:58,155 [INFO] PluginManage:310 - Check plugin ipmanager
2025-01-20 09:04:58,161 [INFO] PluginManage:359 - Loaded plugin ipmanager (category:base,tabindex:5)
2025-01-20 09:04:58,161 [INFO] PluginManage:310 - Check plugin lpbam
2025-01-20 09:04:58,169 [INFO] PluginManage:359 - Loaded plugin lpbam (category:base,tabindex:0)
2025-01-20 09:04:58,169 [INFO] PluginManage:310 - Check plugin memorymap
2025-01-20 09:04:58,184 [INFO] PluginManage:359 - Loaded plugin memorymap (category:base,tabindex:4)
2025-01-20 09:04:58,184 [INFO] PluginManage:310 - Check plugin pinoutandconfiguration
2025-01-20 09:04:58,193 [INFO] PluginManage:359 - Loaded plugin pinoutandconfiguration (category:base,tabindex:1)
2025-01-20 09:04:58,194 [INFO] PluginManage:310 - Check plugin pinoutconfig
2025-01-20 09:04:58,308 [WARN] SupportedApi:132 - Cannot load RTOS API schema: s4s-elt-must-match.1: The content of 'definitions' must match (annotation?, (simpleType | complexType)?, (unique | key | keyref)*)). A problem was found starting at: attribute.
2025-01-20 09:04:58,451 [INFO] PluginManage:359 - Loaded plugin pinoutconfig (category:base,tabindex:0)
2025-01-20 09:04:58,451 [INFO] PluginManage:310 - Check plugin power
2025-01-20 09:04:58,459 [INFO] PluginManage:359 - Loaded plugin power (category:power,tabindex:4)
2025-01-20 09:04:58,460 [INFO] PluginManage:310 - Check plugin projectmanager
2025-01-20 09:04:58,474 [INFO] PluginManage:359 - Loaded plugin projectmanager (category:projectmanager,tabindex:4)
2025-01-20 09:04:58,474 [INFO] PluginManage:310 - Check plugin rif
2025-01-20 09:04:58,484 [INFO] PluginManage:359 - Loaded plugin rif (category:base,tabindex:3)
2025-01-20 09:04:58,484 [INFO] PluginManage:310 - Check plugin thirdparty
2025-01-20 09:04:58,628 [WARN] IntegrityCheckThread:84 - waiting for thirdparty lock release [integrity check]
2025-01-20 09:04:58,628 [INFO] IntegrityCheckThread:86 - entering critical section [integrity check]
2025-01-20 09:04:58,628 [INFO] ThirdPartyUpdaterWithRetryManager:70 - Updater plugin not ready yet. [1/15]
2025-01-20 09:04:58,629 [INFO] PluginManage:359 - Loaded plugin thirdparty (category:base,tabindex:-1)
2025-01-20 09:04:58,629 [INFO] PluginManage:310 - Check plugin tools
2025-01-20 09:04:58,634 [INFO] PluginManage:359 - Loaded plugin tools (category:base,tabindex:7)
2025-01-20 09:04:58,634 [INFO] PluginManage:310 - Check plugin tutovideos
2025-01-20 09:04:58,801 [INFO] PluginManage:359 - Loaded plugin tutovideos (category:base,tabindex:-1)
2025-01-20 09:04:58,802 [INFO] PluginManage:310 - Check plugin updater
2025-01-20 09:04:58,822 [INFO] PluginManage:359 - Loaded plugin updater (category:base,tabindex:12)
2025-01-20 09:04:58,822 [INFO] PluginManage:310 - Check plugin userauth
2025-01-20 09:04:58,827 [INFO] UserAuth:118 - Init User Auth plugin
2025-01-20 09:04:58,828 [INFO] PluginManage:359 - Loaded plugin userauth (category:base,tabindex:14)
2025-01-20 09:04:58,828 [INFO] PluginManage:283 - PluginManage : Loaded plugins [18]
2025-01-20 09:04:59,041 [INFO] PinOutPanel:1589 - setPackage(No Configuration,No Configuration)
2025-01-20 09:04:59,117 [INFO] CADModel:165 - CPN selected for project level
2025-01-20 09:04:59,117 [INFO] CADModel:114 - Register for checkConnection events
2025-01-20 09:04:59,136 [INFO] IPUIPlugin:80 - create IPUIPlugin
2025-01-20 09:04:59,136 [INFO] PluginManager:220 - loadIPPluginJar : add adc
2025-01-20 09:04:59,139 [INFO] IPUIPlugin:80 - create IPUIPlugin
2025-01-20 09:04:59,139 [INFO] PluginManager:220 - loadIPPluginJar : add aes
2025-01-20 09:04:59,142 [INFO] IPUIPlugin:80 - create IPUIPlugin
2025-01-20 09:04:59,142 [INFO] PluginManager:220 - loadIPPluginJar : add can
2025-01-20 09:04:59,145 [INFO] IPUIPlugin:80 - create IPUIPlugin
2025-01-20 09:04:59,145 [INFO] PluginManager:220 - loadIPPluginJar : add comp
2025-01-20 09:04:59,147 [INFO] IPUIPlugin:80 - create IPUIPlugin
2025-01-20 09:04:59,147 [INFO] PluginManager:220 - loadIPPluginJar : add cryp
2025-01-20 09:04:59,150 [INFO] IPUIPlugin:80 - create IPUIPlugin
2025-01-20 09:04:59,150 [INFO] PluginManager:220 - loadIPPluginJar : add ddr_ctrl_phy
2025-01-20 09:04:59,151 [INFO] IPUIPlugin:80 - create IPUIPlugin
2025-01-20 09:04:59,151 [INFO] PluginManager:220 - loadIPPluginJar : add dfsdm
2025-01-20 09:04:59,155 [INFO] IPUIPlugin:80 - create IPUIPlugin
2025-01-20 09:04:59,156 [INFO] PluginManager:220 - loadIPPluginJar : add dma
2025-01-20 09:04:59,157 [INFO] IPUIPlugin:80 - create IPUIPlugin
2025-01-20 09:04:59,157 [INFO] PluginManager:220 - loadIPPluginJar : add dma3
2025-01-20 09:04:59,159 [INFO] IPUIPlugin:80 - create IPUIPlugin
2025-01-20 09:04:59,160 [INFO] PluginManager:220 - loadIPPluginJar : add extmemmanager
2025-01-20 09:04:59,160 [INFO] IPUIPlugin:80 - create IPUIPlugin
2025-01-20 09:04:59,161 [INFO] PluginManager:220 - loadIPPluginJar : add fatfs
2025-01-20 09:04:59,164 [INFO] IPUIPlugin:80 - create IPUIPlugin
2025-01-20 09:04:59,164 [INFO] PluginManager:220 - loadIPPluginJar : add fmc
2025-01-20 09:04:59,170 [INFO] IPUIPlugin:80 - create IPUIPlugin
2025-01-20 09:04:59,170 [INFO] PluginManager:220 - loadIPPluginJar : add freertos
2025-01-20 09:04:59,171 [INFO] IPUIPlugin:80 - create IPUIPlugin
2025-01-20 09:04:59,171 [INFO] PluginManager:220 - loadIPPluginJar : add genericplugin
2025-01-20 09:04:59,174 [INFO] IPUIPlugin:80 - create IPUIPlugin
2025-01-20 09:04:59,174 [INFO] PluginManager:220 - loadIPPluginJar : add gfxmmu
2025-01-20 09:04:59,187 [INFO] IPUIPlugin:80 - create IPUIPlugin
2025-01-20 09:04:59,187 [INFO] PluginManager:220 - loadIPPluginJar : add gic
2025-01-20 09:04:59,191 [INFO] IPUIPlugin:80 - create IPUIPlugin
2025-01-20 09:04:59,191 [INFO] PluginManager:220 - loadIPPluginJar : add gpio
2025-01-20 09:04:59,193 [INFO] IPUIPlugin:80 - create IPUIPlugin
2025-01-20 09:04:59,193 [INFO] PluginManager:220 - loadIPPluginJar : add gtzc
2025-01-20 09:04:59,195 [INFO] IPUIPlugin:80 - create IPUIPlugin
2025-01-20 09:04:59,195 [INFO] PluginManager:220 - loadIPPluginJar : add hash
2025-01-20 09:04:59,198 [INFO] IPUIPlugin:80 - create IPUIPlugin
2025-01-20 09:04:59,198 [INFO] PluginManager:220 - loadIPPluginJar : add i2c
2025-01-20 09:04:59,203 [INFO] IPUIPlugin:80 - create IPUIPlugin
2025-01-20 09:04:59,203 [INFO] PluginManager:220 - loadIPPluginJar : add i2s
2025-01-20 09:04:59,205 [INFO] IPUIPlugin:80 - create IPUIPlugin
2025-01-20 09:04:59,205 [INFO] PluginManager:220 - loadIPPluginJar : add i3c
2025-01-20 09:04:59,208 [INFO] IPUIPlugin:80 - create IPUIPlugin
2025-01-20 09:04:59,208 [INFO] PluginManager:220 - loadIPPluginJar : add ipddr
2025-01-20 09:04:59,214 [INFO] IPUIPlugin:80 - create IPUIPlugin
2025-01-20 09:04:59,214 [INFO] PluginManager:220 - loadIPPluginJar : add linkedlist
2025-01-20 09:04:59,222 [INFO] IPUIPlugin:80 - create IPUIPlugin
2025-01-20 09:04:59,222 [INFO] PluginManager:220 - loadIPPluginJar : add lorawan
2025-01-20 09:04:59,223 [INFO] IPUIPlugin:80 - create IPUIPlugin
2025-01-20 09:04:59,223 [INFO] PluginManager:220 - loadIPPluginJar : add ltdc
2025-01-20 09:04:59,229 [INFO] IPUIPlugin:80 - create IPUIPlugin
2025-01-20 09:04:59,229 [INFO] PluginManager:220 - loadIPPluginJar : add mdma
2025-01-20 09:04:59,233 [INFO] IPUIPlugin:80 - create IPUIPlugin
2025-01-20 09:04:59,233 [INFO] PluginManager:220 - loadIPPluginJar : add nvic
2025-01-20 09:04:59,236 [INFO] IPUIPlugin:80 - create IPUIPlugin
2025-01-20 09:04:59,236 [INFO] PluginManager:220 - loadIPPluginJar : add opamp
2025-01-20 09:04:59,239 [INFO] IPUIPlugin:80 - create IPUIPlugin
2025-01-20 09:04:59,239 [INFO] PluginManager:220 - loadIPPluginJar : add openamp
2025-01-20 09:04:59,241 [INFO] IPUIPlugin:80 - create IPUIPlugin
2025-01-20 09:04:59,242 [INFO] PluginManager:220 - loadIPPluginJar : add pdm2pcm
2025-01-20 09:04:59,247 [INFO] IPUIPlugin:80 - create IPUIPlugin
2025-01-20 09:04:59,248 [INFO] PluginManager:220 - loadIPPluginJar : add plateformsettings
2025-01-20 09:04:59,249 [INFO] IPUIPlugin:80 - create IPUIPlugin
2025-01-20 09:04:59,249 [INFO] PluginManager:220 - loadIPPluginJar : add quadspi
2025-01-20 09:04:59,254 [INFO] IPUIPlugin:80 - create IPUIPlugin
2025-01-20 09:04:59,255 [INFO] PluginManager:220 - loadIPPluginJar : add radio
2025-01-20 09:04:59,260 [INFO] IPUIPlugin:80 - create IPUIPlugin
2025-01-20 09:04:59,260 [INFO] PluginManager:220 - loadIPPluginJar : add resmgrutility
2025-01-20 09:04:59,263 [INFO] IPUIPlugin:80 - create IPUIPlugin
2025-01-20 09:04:59,263 [INFO] PluginManager:220 - loadIPPluginJar : add sai
2025-01-20 09:04:59,264 [INFO] IPUIPlugin:80 - create IPUIPlugin
2025-01-20 09:04:59,264 [INFO] PluginManager:220 - loadIPPluginJar : add spi
2025-01-20 09:04:59,268 [INFO] IPUIPlugin:80 - create IPUIPlugin
2025-01-20 09:04:59,269 [INFO] PluginManager:220 - loadIPPluginJar : add stm32_wpan
2025-01-20 09:04:59,271 [INFO] IPUIPlugin:80 - create IPUIPlugin
2025-01-20 09:04:59,271 [INFO] PluginManager:220 - loadIPPluginJar : add tim
2025-01-20 09:04:59,273 [INFO] IPUIPlugin:80 - create IPUIPlugin
2025-01-20 09:04:59,274 [INFO] PluginManager:220 - loadIPPluginJar : add touchsensing
2025-01-20 09:04:59,275 [INFO] IPUIPlugin:80 - create IPUIPlugin
2025-01-20 09:04:59,275 [INFO] PluginManager:220 - loadIPPluginJar : add tracer_emb
2025-01-20 09:04:59,277 [INFO] IPUIPlugin:80 - create IPUIPlugin
2025-01-20 09:04:59,277 [INFO] PluginManager:220 - loadIPPluginJar : add ts
2025-01-20 09:04:59,279 [INFO] IPUIPlugin:80 - create IPUIPlugin
2025-01-20 09:04:59,279 [INFO] PluginManager:220 - loadIPPluginJar : add tsc
2025-01-20 09:04:59,283 [INFO] IPUIPlugin:80 - create IPUIPlugin
2025-01-20 09:04:59,283 [INFO] PluginManager:220 - loadIPPluginJar : add ucpd
2025-01-20 09:04:59,286 [INFO] IPUIPlugin:80 - create IPUIPlugin
2025-01-20 09:04:59,286 [INFO] PluginManager:220 - loadIPPluginJar : add usart
2025-01-20 09:04:59,289 [INFO] IPUIPlugin:80 - create IPUIPlugin
2025-01-20 09:04:59,289 [INFO] PluginManager:220 - loadIPPluginJar : add usbx
2025-01-20 09:04:59,403 [FATAL] Updater:351 - Updater called before beeing initialized
2025-01-20 09:04:59,428 [INFO] RulesReader:64 - Compatibility file has been processed (297 Rules)
2025-01-20 09:04:59,436 [INFO] RulesReader:64 - Compatibility file has been processed (297 Rules)
2025-01-20 09:04:59,448 [INFO] CADModel:165 - CPN selected for project level
2025-01-20 09:04:59,448 [INFO] CADModel:114 - Register for checkConnection events
2025-01-20 09:04:59,448 [FATAL] Updater:351 - Updater called before beeing initialized
2025-01-20 09:04:59,448 [ERROR] CADModel:125 - Updater not yet initialized, retry later 
2025-01-20 09:04:59,610 [FATAL] Updater:351 - Updater called before beeing initialized
2025-01-20 09:04:59,612 [INFO] CADModel:165 - CPN selected for project level
2025-01-20 09:04:59,612 [INFO] CADModel:114 - Register for checkConnection events
2025-01-20 09:04:59,612 [FATAL] Updater:351 - Updater called before beeing initialized
2025-01-20 09:04:59,612 [ERROR] CADModel:125 - Updater not yet initialized, retry later 
2025-01-20 09:04:59,614 [FATAL] Updater:351 - Updater called before beeing initialized
2025-01-20 09:04:59,713 [FATAL] Updater:351 - Updater called before beeing initialized
2025-01-20 09:04:59,719 [INFO] DbMcusAds:53 - JSON generation date=Wed Dec 18 00:01:15 GMT+08:00 2024 (1734451275143)
2025-01-20 09:04:59,719 [FATAL] Updater:351 - Updater called before beeing initialized
2025-01-20 09:04:59,753 [WARN] DetailPanel:346 - Failed to get advertising image, set to default
2025-01-20 09:04:59,947 [FATAL] Updater:351 - Updater called before beeing initialized
2025-01-20 09:04:59,950 [FATAL] Updater:351 - Updater called before beeing initialized
2025-01-20 09:04:59,950 [FATAL] Updater:351 - Updater called before beeing initialized
2025-01-20 09:04:59,950 [WARN] DetailPanel:346 - Failed to get advertising image, set to default
2025-01-20 09:04:59,951 [FATAL] Updater:351 - Updater called before beeing initialized
2025-01-20 09:05:00,000 [ERROR] Updater:1198 - MainUpdater not yet initialized. External WinMGr cannot be set.
2025-01-20 09:05:00,007 [INFO] Updater:1134 - Updater Version found : 6.13.0
2025-01-20 09:05:00,026 [INFO] ApplicationProperties:184 - Using Application install path: D:\STM32CubeIDE_1.17.0\STM32CubeIDE\plugins\com.st.stm32cube.common.mx_6.13.0.202411220809
2025-01-20 09:05:01,614 [ERROR] LogOutputStream:75 - [STDERR_REDIRECT] Jan 20, 2025 9:05:01 AM java.util.prefs.WindowsPreferences <init>
2025-01-20 09:05:01,615 [ERROR] LogOutputStream:75 - [STDERR_REDIRECT] WARNING: Could not open/create prefs root node Software\JavaSoft\Prefs at root 0xffffffff80000002. Windows RegCreateKeyEx(...) returned error code 5.
2025-01-20 09:05:01,615 [ERROR] LogOutputStream:75 - [STDERR_REDIRECT] 
2025-01-20 09:05:01,629 [INFO] ThirdPartyUpdaterWithRetryManager:70 - Updater plugin not ready yet. [2/15]
2025-01-20 09:05:02,109 [INFO] MainUpdater:2872 - connection check result : 10
2025-01-20 09:05:02,110 [INFO] MainUpdater:289 - Updater Check For Update Now.
2025-01-20 09:05:02,110 [INFO] MicroXplorer:498 - Change Database Version : DB.6.0.130
2025-01-20 09:05:02,134 [INFO] McuFinderGlobals:63 - Set McuFinder mode to 2 (CubeIDE integrated)
2025-01-20 09:05:02,134 [INFO] UserAuth:486 - Internet connection configuration mode: 1
2025-01-20 09:05:02,180 [INFO] JxBrowserEngine:152 - Initiate JxBrowser Engine with user profile folder
2025-01-20 09:05:02,277 [INFO] CheckServerUpdateThread:120 - End of CheckServer Thread
2025-01-20 09:05:02,830 [INFO] WebApp:168 - Instantiating new browser for Auth
2025-01-20 09:05:03,447 [INFO] WebApp:449 - Apply proxy settings
2025-01-20 09:05:03,447 [INFO] WebApp:534 - Chromium requires no authentication
2025-01-20 09:05:03,457 [INFO] WebApp:477 - Direct internet connection detected
2025-01-20 09:05:03,480 [INFO] WebApp:880 - Register for checkConnection events
2025-01-20 09:05:03,480 [INFO] WebApp:449 - Apply proxy settings
2025-01-20 09:05:03,480 [INFO] WebApp:534 - Chromium requires no authentication
2025-01-20 09:05:03,480 [INFO] WebApp:477 - Direct internet connection detected
2025-01-20 09:05:03,626 [INFO] WebApp:221 - Starting web application
2025-01-20 09:05:03,627 [INFO] WebApp:579 - Web application path used D:\STM32CubeIDE_1.17.0\STM32CubeIDE\plugins\com.st.stm32cube.common.mx_6.13.0.202411220809\db\plugins\mcufinder\reactClient1\index.html
2025-01-20 09:05:03,690 [INFO] UserAuth:486 - Internet connection configuration mode: 1
2025-01-20 09:05:03,752 [INFO] WebApp:187 - Connection restablished
2025-01-20 09:05:04,766 [WARN] PackLoader:240 - Cannot read IP mode file for STMicroelectronics.FP-SNS-MOTENVWB1.1.4.0
2025-01-20 09:05:04,776 [WARN] PackLoader:240 - Cannot read IP mode file for STMicroelectronics.X-CUBE-SMBUS.2.1.0
2025-01-20 09:05:04,783 [WARN] PackLoader:240 - Cannot read IP mode file for STMicroelectronics.X-CUBE-WB05N.1.1.0
2025-01-20 09:05:04,810 [WARN] PackLoader:240 - Cannot read IP mode file for STMicroelectronics.X-CUBE-AZRTOS-F7.1.1.0
2025-01-20 09:05:04,816 [WARN] PackLoader:240 - Cannot read IP mode file for STMicroelectronics.FP-SNS-FLIGHT1.5.0.2
2025-01-20 09:05:04,823 [WARN] PackLoader:240 - Cannot read IP mode file for STMicroelectronics.X-CUBE-DISPLAY.3.0.0
2025-01-20 09:05:04,831 [WARN] PackLoader:240 - Cannot read IP mode file for STMicroelectronics.X-CUBE-BLE1.7.0.0
2025-01-20 09:05:04,836 [WARN] PackLoader:240 - Cannot read IP mode file for STMicroelectronics.X-CUBE-NFC10.1.0.0
2025-01-20 09:05:04,841 [WARN] PackLoader:240 - Cannot read IP mode file for STMicroelectronics.FP-SNS-SMARTAG2.1.2.0
2025-01-20 09:05:04,849 [INFO] LogOutputStream:77 - [STDOUT_REDIRECT] 1 : Invalid condition id : UX_CORESTACK_Condition cause : null
2025-01-20 09:05:04,851 [INFO] LogOutputStream:77 - [STDOUT_REDIRECT] 1 : Invalid condition id : UX_CORESTACK_Condition cause : null
2025-01-20 09:05:04,852 [INFO] LogOutputStream:77 - [STDOUT_REDIRECT] 1 : Invalid condition id : UX_CORESTACK_Condition cause : null
2025-01-20 09:05:04,854 [INFO] LogOutputStream:77 - [STDOUT_REDIRECT] 1 : Invalid condition id : UX_CORESTACK_Condition cause : null
2025-01-20 09:05:04,855 [INFO] LogOutputStream:77 - [STDOUT_REDIRECT] 1 : Invalid condition id : UX_CORESTACK_Condition cause : null
2025-01-20 09:05:04,860 [WARN] PackLoader:240 - Cannot read IP mode file for STMicroelectronics.X-CUBE-AZRTOS-WL.2.0.0
2025-01-20 09:05:04,866 [WARN] PackLoader:240 - Cannot read IP mode file for STMicroelectronics.FP-SNS-MOTENV1.5.0.0
2025-01-20 09:05:04,870 [WARN] PackLoader:240 - Cannot read IP mode file for wolfSSL.I-CUBE-wolfMQTT.1.19.0
2025-01-20 09:05:04,874 [WARN] PackLoader:240 - Cannot read IP mode file for STMicroelectronics.X-CUBE-BLE2.3.3.0
2025-01-20 09:05:04,879 [WARN] PackLoader:240 - Cannot read IP mode file for STMicroelectronics.X-CUBE-NFC9.1.0.0
2025-01-20 09:05:04,891 [WARN] PackLoader:240 - Cannot read IP mode file for STMicroelectronics.X-CUBE-AZRTOS-G0.1.1.0
2025-01-20 09:05:04,899 [WARN] PackLoader:240 - Cannot read IP mode file for STMicroelectronics.X-CUBE-SAFEA1.1.2.2
2025-01-20 09:05:04,903 [WARN] PackLoader:240 - Cannot read IP mode file for STMicroelectronics.X-CUBE-NFC4.3.0.0
2025-01-20 09:05:04,908 [WARN] PackLoader:240 - Cannot read IP mode file for RealThread.X-CUBE-RT-Thread_Nano.4.1.1
2025-01-20 09:05:04,913 [WARN] PackLoader:240 - Cannot read IP mode file for STMicroelectronics.FP-ATR-SIGFOX1.3.2.0
2025-01-20 09:05:04,918 [WARN] PackLoader:240 - Cannot read IP mode file for STMicroelectronics.X-CUBE-EEPRMA1.5.1.0
2025-01-20 09:05:04,947 [WARN] PackLoader:240 - Cannot read IP mode file for SEGGER.I-CUBE-embOS.1.3.1
2025-01-20 09:05:04,981 [WARN] PackLoader:240 - Cannot read IP mode file for STMicroelectronics.X-CUBE-ALGOBUILD.1.4.0
2025-01-20 09:05:04,986 [WARN] PackLoader:240 - Cannot read IP mode file for STMicroelectronics.X-CUBE-AI.9.1.0
2025-01-20 09:05:04,995 [WARN] PackLoader:240 - Cannot read IP mode file for STMicroelectronics.X-CUBE-AZRTOS-F4.1.1.0
2025-01-20 09:05:05,000 [WARN] PackLoader:240 - Cannot read IP mode file for STMicroelectronics.X-CUBE-ISPU.2.1.0
2025-01-20 09:05:05,011 [WARN] PackLoader:240 - Cannot read IP mode file for STMicroelectronics.X-CUBE-AZRTOS-L5.2.0.0
2025-01-20 09:05:05,018 [WARN] PackLoader:240 - Cannot read IP mode file for STMicroelectronics.X-CUBE-NFC6.3.1.0
2025-01-20 09:05:05,023 [WARN] PackLoader:240 - Cannot read IP mode file for STMicroelectronics.X-CUBE-DPower.1.2.0
2025-01-20 09:05:05,028 [WARN] PackLoader:240 - Cannot read IP mode file for STMicroelectronics.X-CUBE-NFC7.1.0.1
2025-01-20 09:05:05,038 [WARN] ConditionMgr:438 - getConditionDescription Invalid condition id : LAN8742 Phy interface Condition cause : null
2025-01-20 09:05:05,038 [WARN] PackLoader:240 - Cannot read IP mode file for STMicroelectronics.X-CUBE-AZRTOS-L4.2.0.0
2025-01-20 09:05:05,039 [WARN] ConditionMgr:1044 - genDependencies : Invalid condition id : LAN8742 Phy interface Condition cause : null
2025-01-20 09:05:05,039 [WARN] ConditionMgr:1044 - genDependencies : Invalid condition id : LAN8742 Phy interface Condition cause : null
2025-01-20 09:05:05,039 [WARN] ConditionMgr:1044 - genDependencies : Invalid condition id : LAN8742 Phy interface Condition cause : null
2025-01-20 09:05:05,045 [WARN] PackLoader:240 - Cannot read IP mode file for STMicroelectronics.X-CUBE-SFXS2LP1.4.0.0
2025-01-20 09:05:05,057 [WARN] PackLoader:240 - Cannot read IP mode file for STMicroelectronics.X-CUBE-AZRTOS-H7.3.3.0
2025-01-20 09:05:05,066 [WARN] ConditionMgr:438 - getConditionDescription Invalid condition id : UX DEVICE CLASS RTOS Condition cause : null
2025-01-20 09:05:05,066 [WARN] ConditionMgr:438 - getConditionDescription Invalid condition id : UX DEVICE CLASS RTOS Condition cause : null
2025-01-20 09:05:05,068 [WARN] PackLoader:240 - Cannot read IP mode file for STMicroelectronics.X-CUBE-AZRTOS-WB.2.0.0
2025-01-20 09:05:05,068 [WARN] ConditionMgr:1044 - genDependencies : Invalid condition id : UX DEVICE CLASS RTOS Condition cause : null
2025-01-20 09:05:05,068 [WARN] ConditionMgr:1044 - genDependencies : Invalid condition id : UX DEVICE CLASS RTOS Condition cause : null
2025-01-20 09:05:05,069 [WARN] ConditionMgr:1044 - genDependencies : Invalid condition id : UX DEVICE CLASS RTOS Condition cause : null
2025-01-20 09:05:05,069 [WARN] ConditionMgr:1044 - genDependencies : Invalid condition id : UX DEVICE CLASS RTOS Condition cause : null
2025-01-20 09:05:05,069 [WARN] ConditionMgr:1044 - genDependencies : Invalid condition id : UX DEVICE CLASS RTOS Condition cause : null
2025-01-20 09:05:05,074 [WARN] PackLoader:240 - Cannot read IP mode file for STMicroelectronics.FP-SNS-STBOX1.2.0.0
2025-01-20 09:05:05,082 [WARN] PackLoader:240 - Cannot read IP mode file for STMicroelectronics.X-CUBE-SUBG2.5.0.0
2025-01-20 09:05:05,093 [WARN] PackLoader:240 - Cannot read IP mode file for Cesanta.I-CUBE-Mongoose.7.13.0
2025-01-20 09:05:05,102 [WARN] PackLoader:240 - Cannot read IP mode file for STMicroelectronics.X-CUBE-AZRTOS-G4.2.0.0
2025-01-20 09:05:05,107 [WARN] PackLoader:240 - Cannot read IP mode file for STMicroelectronics.X-CUBE-ALS.1.0.2
2025-01-20 09:05:05,112 [WARN] PackLoader:240 - Cannot read IP mode file for portGmbH.I-Cube-SoM-uGOAL.1.1.0
2025-01-20 09:05:05,148 [WARN] PackLoader:240 - Cannot read IP mode file for STMicroelectronics.X-CUBE-AZRTOS-H7RS.1.0.0
2025-01-20 09:05:05,158 [WARN] PackLoader:240 - Cannot read IP mode file for STMicroelectronics.X-CUBE-TOF1.3.4.2
2025-01-20 09:05:05,169 [WARN] PackLoader:240 - Cannot read IP mode file for wolfSSL.I-CUBE-wolfSSH.1.4.17
2025-01-20 09:05:05,170 [INFO] ThirdParty:978 - Integrity check success = true
2025-01-20 09:05:05,170 [INFO] IntegrityCheckThread:100 - exiting critical section [integrity check]
2025-01-20 09:05:05,170 [INFO] IntegrityCheckThread:103 - End integrity checks thread
2025-01-20 09:06:50,127 [INFO] WebApp:190 - Connection lost
2025-01-20 09:06:50,278 [INFO] WebApp:187 - Connection restablished
2025-01-20 09:29:52,237 [INFO] WebApp:190 - Connection lost
2025-01-20 09:29:52,357 [INFO] WebApp:187 - Connection restablished
2025-01-20 09:41:57,633 [INFO] WebApp:190 - Connection lost
2025-01-20 09:41:57,795 [INFO] WebApp:187 - Connection restablished
2025-01-20 09:50:47,146 [INFO] WebApp:190 - Connection lost
2025-01-20 09:50:53,270 [INFO] WebApp:187 - Connection restablished
2025-01-20 09:53:49,131 [INFO] WebApp:190 - Connection lost
2025-01-20 09:53:49,492 [INFO] WebApp:187 - Connection restablished
2025-01-20 10:10:09,146 [INFO] WebApp:190 - Connection lost
2025-01-20 10:10:09,307 [INFO] WebApp:187 - Connection restablished
2025-01-20 10:10:11,264 [ERROR] LogOutputStream:75 - [STDERR_REDIRECT] 
2025-01-20 10:10:11,267 [ERROR] LogOutputStream:75 - [STDERR_REDIRECT] 
