2025-02-07 09:36:15,776 [INFO] Activator:176 - 


2025-02-07 09:36:15,780 [INFO] Activator:177 - !SESSION log4j initialized
2025-02-07 09:36:21,124 [INFO] LogOutputStream:77 - [STDOUT_REDIRECT] 
2025-02-07 09:36:23,667 [INFO] ApplicationProperties:184 - Using Application install path: D:\STM32CubeIDE_1.17.0\STM32CubeIDE\plugins\com.st.stm32cube.common.mx_6.13.0.202411220809
2025-02-07 09:36:23,688 [INFO] DbMcusXml:78 - Set database path to: D:\STM32CubeIDE_1.17.0\STM32CubeIDE\plugins\com.st.stm32cube.common.mx_6.13.0.202411220809\\db\/mcu/
2025-02-07 09:36:23,688 [INFO] ApiDb:274 - Set plugin database path to: D:\STM32CubeIDE_1.17.0\STM32CubeIDE\plugins\com.st.stm32cube.common.mx_6.13.0.202411220809\\db\/plugins/boardmanager/
2025-02-07 09:36:23,689 [WARN] ApiDb:259 - Overriding images path with different value:  => D:\STM32CubeIDE_1.17.0\STM32CubeIDE\plugins\com.st.stm32cube.common.mx_6.13.0.202411220809\\db\/plugins/mcufinder/images/
2025-02-07 09:36:23,698 [INFO] ApiDb:250 - Set database path to: C:\Users\lemon\.stmcufinder\plugins\mcufinder//mcu/
2025-02-07 09:36:23,699 [INFO] DbMcusAds:125 - Set database path to: C:\Users\lemon\.stmcufinder\plugins\mcufinder//mcu/
2025-02-07 09:36:23,702 [INFO] CrossReferenceDbSqlite:203 - Set database path to: C:\Users\lemon\.stmcufinder\plugins\mcufinder//mcu/cs/
2025-02-07 09:36:23,820 [INFO] RulesReader:64 - Compatibility file has been processed (297 Rules)
2025-02-07 09:36:23,926 [INFO] DbMcusXml:78 - Set database path to: D:\STM32CubeIDE_1.17.0\STM32CubeIDE\plugins\com.st.stm32cube.common.mx_6.13.0.202411220809\\db\/mcu/
2025-02-07 09:36:23,926 [INFO] ApiDb:274 - Set plugin database path to: D:\STM32CubeIDE_1.17.0\STM32CubeIDE\plugins\com.st.stm32cube.common.mx_6.13.0.202411220809\\db\/plugins/boardmanager/
2025-02-07 09:36:23,926 [INFO] ApiDb:261 - Set plugin images path to: D:\STM32CubeIDE_1.17.0\STM32CubeIDE\plugins\com.st.stm32cube.common.mx_6.13.0.202411220809\\db\/plugins/mcufinder/images/
2025-02-07 09:36:23,926 [WARN] DbFile:41 - Overriding database path with different value: C:\Users\lemon\.stmcufinder\plugins\mcufinder/ => C:\Users\lemon\.stmcufinder\plugins\mcufinder
2025-02-07 09:36:23,926 [INFO] ApiDb:250 - Set database path to: C:\Users\lemon\.stmcufinder\plugins\mcufinder//mcu/
2025-02-07 09:36:23,926 [WARN] DbFile:41 - Overriding database path with different value: C:\Users\lemon\.stmcufinder\plugins\mcufinder/ => C:\Users\lemon\.stmcufinder\plugins\mcufinder
2025-02-07 09:36:23,927 [INFO] DbMcusAds:125 - Set database path to: C:\Users\lemon\.stmcufinder\plugins\mcufinder//mcu/
2025-02-07 09:36:23,927 [WARN] DbFile:41 - Overriding database path with different value: C:\Users\lemon\.stmcufinder\plugins\mcufinder/ => C:\Users\lemon\.stmcufinder\plugins\mcufinder
2025-02-07 09:36:23,927 [WARN] DbFile:41 - Overriding database path with different value: C:\Users\lemon\.stmcufinder\plugins\mcufinder/ => C:\Users\lemon\.stmcufinder\plugins\mcufinder
2025-02-07 09:36:23,927 [INFO] CrossReferenceDbSqlite:203 - Set database path to: C:\Users\lemon\.stmcufinder\plugins\mcufinder//mcu/cs/
2025-02-07 09:36:24,004 [INFO] MainPanel:272 - HeapMemory: 268435456
2025-02-07 09:36:24,153 [INFO] DbMcusXml:78 - Set database path to: D:\STM32CubeIDE_1.17.0\STM32CubeIDE\plugins\com.st.stm32cube.common.mx_6.13.0.202411220809\\db\/mcu/
2025-02-07 09:36:24,153 [INFO] ApiDb:274 - Set plugin database path to: D:\STM32CubeIDE_1.17.0\STM32CubeIDE\plugins\com.st.stm32cube.common.mx_6.13.0.202411220809\\db\/plugins/boardmanager/
2025-02-07 09:36:24,153 [INFO] ApiDb:261 - Set plugin images path to: D:\STM32CubeIDE_1.17.0\STM32CubeIDE\plugins\com.st.stm32cube.common.mx_6.13.0.202411220809\\db\/plugins/mcufinder/images/
2025-02-07 09:36:24,154 [WARN] DbFile:41 - Overriding database path with different value: C:\Users\lemon\.stmcufinder\plugins\mcufinder/ => C:\Users\lemon\.stmcufinder\plugins\mcufinder
2025-02-07 09:36:24,154 [INFO] ApiDb:250 - Set database path to: C:\Users\lemon\.stmcufinder\plugins\mcufinder//mcu/
2025-02-07 09:36:24,154 [WARN] DbFile:41 - Overriding database path with different value: C:\Users\lemon\.stmcufinder\plugins\mcufinder/ => C:\Users\lemon\.stmcufinder\plugins\mcufinder
2025-02-07 09:36:24,154 [INFO] DbMcusAds:125 - Set database path to: C:\Users\lemon\.stmcufinder\plugins\mcufinder//mcu/
2025-02-07 09:36:24,154 [WARN] DbFile:41 - Overriding database path with different value: C:\Users\lemon\.stmcufinder\plugins\mcufinder/ => C:\Users\lemon\.stmcufinder\plugins\mcufinder
2025-02-07 09:36:24,154 [WARN] DbFile:41 - Overriding database path with different value: C:\Users\lemon\.stmcufinder\plugins\mcufinder/ => C:\Users\lemon\.stmcufinder\plugins\mcufinder
2025-02-07 09:36:24,155 [INFO] CrossReferenceDbSqlite:203 - Set database path to: C:\Users\lemon\.stmcufinder\plugins\mcufinder//mcu/cs/
2025-02-07 09:36:24,177 [INFO] ApplicationProperties:184 - Using Application install path: D:\STM32CubeIDE_1.17.0\STM32CubeIDE\plugins\com.st.stm32cube.common.mx_6.13.0.202411220809
2025-02-07 09:36:24,178 [INFO] PluginManage:196 - Search for loadable plugins [exclusion list=, ]
2025-02-07 09:36:24,179 [INFO] PluginManage:310 - Check plugin analytics
2025-02-07 09:36:29,401 [INFO] AnalyticsPlugin:253 - Accepted Software Licenses: 
2025-02-07 09:36:29,401 [INFO] AnalyticsPlugin:255 - Accepted CMSIS Pack Licenses: 
2025-02-07 09:36:29,401 [INFO] AnalyticsPlugin:257 - Accepted Firmware Licenses: FW.G4.1.6.0
2025-02-07 09:36:29,403 [INFO] PluginManage:359 - Loaded plugin analytics (category:tool,tabindex:-1)
2025-02-07 09:36:29,404 [INFO] PluginManage:310 - Check plugin cadmodel
2025-02-07 09:36:29,410 [INFO] CADModel:105 - Init CAD model plugin
2025-02-07 09:36:29,410 [INFO] PluginManage:359 - Loaded plugin cadmodel (category:power,tabindex:5)
2025-02-07 09:36:29,411 [INFO] PluginManage:310 - Check plugin clock
2025-02-07 09:36:29,422 [INFO] PluginManage:359 - Loaded plugin clock (category:base,tabindex:2)
2025-02-07 09:36:29,422 [INFO] PluginManage:310 - Check plugin ddr
2025-02-07 09:36:29,425 [INFO] PluginManage:359 - Loaded plugin ddr (category:tool,tabindex:6)
2025-02-07 09:36:29,425 [INFO] PluginManage:310 - Check plugin filemanager
2025-02-07 09:36:29,588 [INFO] PluginManage:359 - Loaded plugin filemanager (category:base,tabindex:10)
2025-02-07 09:36:29,588 [INFO] PluginManage:310 - Check plugin ipmanager
2025-02-07 09:36:29,596 [INFO] PluginManage:359 - Loaded plugin ipmanager (category:base,tabindex:5)
2025-02-07 09:36:29,596 [INFO] PluginManage:310 - Check plugin lpbam
2025-02-07 09:36:29,606 [INFO] PluginManage:359 - Loaded plugin lpbam (category:base,tabindex:0)
2025-02-07 09:36:29,606 [INFO] PluginManage:310 - Check plugin memorymap
2025-02-07 09:36:29,621 [INFO] PluginManage:359 - Loaded plugin memorymap (category:base,tabindex:4)
2025-02-07 09:36:29,621 [INFO] PluginManage:310 - Check plugin pinoutandconfiguration
2025-02-07 09:36:29,630 [INFO] PluginManage:359 - Loaded plugin pinoutandconfiguration (category:base,tabindex:1)
2025-02-07 09:36:29,630 [INFO] PluginManage:310 - Check plugin pinoutconfig
2025-02-07 09:36:29,731 [WARN] SupportedApi:132 - Cannot load RTOS API schema: s4s-elt-must-match.1: The content of 'definitions' must match (annotation?, (simpleType | complexType)?, (unique | key | keyref)*)). A problem was found starting at: attribute.
2025-02-07 09:36:29,874 [INFO] PluginManage:359 - Loaded plugin pinoutconfig (category:base,tabindex:0)
2025-02-07 09:36:29,874 [INFO] PluginManage:310 - Check plugin power
2025-02-07 09:36:29,885 [INFO] PluginManage:359 - Loaded plugin power (category:power,tabindex:4)
2025-02-07 09:36:29,886 [INFO] PluginManage:310 - Check plugin projectmanager
2025-02-07 09:36:29,903 [INFO] PluginManage:359 - Loaded plugin projectmanager (category:projectmanager,tabindex:4)
2025-02-07 09:36:29,903 [INFO] PluginManage:310 - Check plugin rif
2025-02-07 09:36:29,911 [INFO] PluginManage:359 - Loaded plugin rif (category:base,tabindex:3)
2025-02-07 09:36:29,911 [INFO] PluginManage:310 - Check plugin thirdparty
2025-02-07 09:36:30,059 [INFO] PluginManage:359 - Loaded plugin thirdparty (category:base,tabindex:-1)
2025-02-07 09:36:30,059 [WARN] IntegrityCheckThread:84 - waiting for thirdparty lock release [integrity check]
2025-02-07 09:36:30,059 [INFO] PluginManage:310 - Check plugin tools
2025-02-07 09:36:30,059 [INFO] IntegrityCheckThread:86 - entering critical section [integrity check]
2025-02-07 09:36:30,060 [INFO] ThirdPartyUpdaterWithRetryManager:70 - Updater plugin not ready yet. [1/15]
2025-02-07 09:36:30,062 [INFO] PluginManage:359 - Loaded plugin tools (category:base,tabindex:7)
2025-02-07 09:36:30,062 [INFO] PluginManage:310 - Check plugin tutovideos
2025-02-07 09:36:30,278 [INFO] PluginManage:359 - Loaded plugin tutovideos (category:base,tabindex:-1)
2025-02-07 09:36:30,278 [INFO] PluginManage:310 - Check plugin updater
2025-02-07 09:36:30,305 [INFO] PluginManage:359 - Loaded plugin updater (category:base,tabindex:12)
2025-02-07 09:36:30,306 [INFO] PluginManage:310 - Check plugin userauth
2025-02-07 09:36:30,311 [INFO] UserAuth:118 - Init User Auth plugin
2025-02-07 09:36:30,311 [INFO] PluginManage:359 - Loaded plugin userauth (category:base,tabindex:14)
2025-02-07 09:36:30,312 [INFO] PluginManage:283 - PluginManage : Loaded plugins [18]
2025-02-07 09:36:30,553 [INFO] PinOutPanel:1589 - setPackage(No Configuration,No Configuration)
2025-02-07 09:36:30,652 [INFO] CADModel:165 - CPN selected for project level
2025-02-07 09:36:30,653 [INFO] CADModel:114 - Register for checkConnection events
2025-02-07 09:36:30,673 [INFO] IPUIPlugin:80 - create IPUIPlugin
2025-02-07 09:36:30,674 [INFO] PluginManager:220 - loadIPPluginJar : add adc
2025-02-07 09:36:30,676 [INFO] IPUIPlugin:80 - create IPUIPlugin
2025-02-07 09:36:30,676 [INFO] PluginManager:220 - loadIPPluginJar : add aes
2025-02-07 09:36:30,680 [INFO] IPUIPlugin:80 - create IPUIPlugin
2025-02-07 09:36:30,680 [INFO] PluginManager:220 - loadIPPluginJar : add can
2025-02-07 09:36:30,682 [INFO] IPUIPlugin:80 - create IPUIPlugin
2025-02-07 09:36:30,683 [INFO] PluginManager:220 - loadIPPluginJar : add comp
2025-02-07 09:36:30,684 [INFO] IPUIPlugin:80 - create IPUIPlugin
2025-02-07 09:36:30,684 [INFO] PluginManager:220 - loadIPPluginJar : add cryp
2025-02-07 09:36:30,689 [INFO] IPUIPlugin:80 - create IPUIPlugin
2025-02-07 09:36:30,689 [INFO] PluginManager:220 - loadIPPluginJar : add ddr_ctrl_phy
2025-02-07 09:36:30,691 [INFO] IPUIPlugin:80 - create IPUIPlugin
2025-02-07 09:36:30,691 [INFO] PluginManager:220 - loadIPPluginJar : add dfsdm
2025-02-07 09:36:30,697 [INFO] IPUIPlugin:80 - create IPUIPlugin
2025-02-07 09:36:30,698 [INFO] PluginManager:220 - loadIPPluginJar : add dma
2025-02-07 09:36:30,700 [INFO] IPUIPlugin:80 - create IPUIPlugin
2025-02-07 09:36:30,700 [INFO] PluginManager:220 - loadIPPluginJar : add dma3
2025-02-07 09:36:30,703 [INFO] IPUIPlugin:80 - create IPUIPlugin
2025-02-07 09:36:30,703 [INFO] PluginManager:220 - loadIPPluginJar : add extmemmanager
2025-02-07 09:36:30,705 [INFO] IPUIPlugin:80 - create IPUIPlugin
2025-02-07 09:36:30,705 [INFO] PluginManager:220 - loadIPPluginJar : add fatfs
2025-02-07 09:36:30,710 [INFO] IPUIPlugin:80 - create IPUIPlugin
2025-02-07 09:36:30,710 [INFO] PluginManager:220 - loadIPPluginJar : add fmc
2025-02-07 09:36:30,715 [INFO] IPUIPlugin:80 - create IPUIPlugin
2025-02-07 09:36:30,715 [INFO] PluginManager:220 - loadIPPluginJar : add freertos
2025-02-07 09:36:30,716 [INFO] IPUIPlugin:80 - create IPUIPlugin
2025-02-07 09:36:30,716 [INFO] PluginManager:220 - loadIPPluginJar : add genericplugin
2025-02-07 09:36:30,718 [INFO] IPUIPlugin:80 - create IPUIPlugin
2025-02-07 09:36:30,718 [INFO] PluginManager:220 - loadIPPluginJar : add gfxmmu
2025-02-07 09:36:30,722 [INFO] IPUIPlugin:80 - create IPUIPlugin
2025-02-07 09:36:30,723 [INFO] PluginManager:220 - loadIPPluginJar : add gic
2025-02-07 09:36:30,726 [INFO] IPUIPlugin:80 - create IPUIPlugin
2025-02-07 09:36:30,726 [INFO] PluginManager:220 - loadIPPluginJar : add gpio
2025-02-07 09:36:30,729 [INFO] IPUIPlugin:80 - create IPUIPlugin
2025-02-07 09:36:30,729 [INFO] PluginManager:220 - loadIPPluginJar : add gtzc
2025-02-07 09:36:30,731 [INFO] IPUIPlugin:80 - create IPUIPlugin
2025-02-07 09:36:30,731 [INFO] PluginManager:220 - loadIPPluginJar : add hash
2025-02-07 09:36:30,735 [INFO] IPUIPlugin:80 - create IPUIPlugin
2025-02-07 09:36:30,735 [INFO] PluginManager:220 - loadIPPluginJar : add i2c
2025-02-07 09:36:30,738 [INFO] IPUIPlugin:80 - create IPUIPlugin
2025-02-07 09:36:30,738 [INFO] PluginManager:220 - loadIPPluginJar : add i2s
2025-02-07 09:36:30,740 [INFO] IPUIPlugin:80 - create IPUIPlugin
2025-02-07 09:36:30,741 [INFO] PluginManager:220 - loadIPPluginJar : add i3c
2025-02-07 09:36:30,744 [INFO] IPUIPlugin:80 - create IPUIPlugin
2025-02-07 09:36:30,744 [INFO] PluginManager:220 - loadIPPluginJar : add ipddr
2025-02-07 09:36:30,751 [INFO] IPUIPlugin:80 - create IPUIPlugin
2025-02-07 09:36:30,751 [INFO] PluginManager:220 - loadIPPluginJar : add linkedlist
2025-02-07 09:36:30,755 [INFO] IPUIPlugin:80 - create IPUIPlugin
2025-02-07 09:36:30,755 [INFO] PluginManager:220 - loadIPPluginJar : add lorawan
2025-02-07 09:36:30,756 [INFO] IPUIPlugin:80 - create IPUIPlugin
2025-02-07 09:36:30,756 [INFO] PluginManager:220 - loadIPPluginJar : add ltdc
2025-02-07 09:36:30,764 [INFO] IPUIPlugin:80 - create IPUIPlugin
2025-02-07 09:36:30,765 [INFO] PluginManager:220 - loadIPPluginJar : add mdma
2025-02-07 09:36:30,768 [INFO] IPUIPlugin:80 - create IPUIPlugin
2025-02-07 09:36:30,768 [INFO] PluginManager:220 - loadIPPluginJar : add nvic
2025-02-07 09:36:30,771 [INFO] IPUIPlugin:80 - create IPUIPlugin
2025-02-07 09:36:30,771 [INFO] PluginManager:220 - loadIPPluginJar : add opamp
2025-02-07 09:36:30,775 [INFO] IPUIPlugin:80 - create IPUIPlugin
2025-02-07 09:36:30,775 [INFO] PluginManager:220 - loadIPPluginJar : add openamp
2025-02-07 09:36:30,779 [INFO] IPUIPlugin:80 - create IPUIPlugin
2025-02-07 09:36:30,779 [INFO] PluginManager:220 - loadIPPluginJar : add pdm2pcm
2025-02-07 09:36:30,786 [INFO] IPUIPlugin:80 - create IPUIPlugin
2025-02-07 09:36:30,789 [INFO] PluginManager:220 - loadIPPluginJar : add plateformsettings
2025-02-07 09:36:30,791 [INFO] IPUIPlugin:80 - create IPUIPlugin
2025-02-07 09:36:30,791 [INFO] PluginManager:220 - loadIPPluginJar : add quadspi
2025-02-07 09:36:30,793 [INFO] IPUIPlugin:80 - create IPUIPlugin
2025-02-07 09:36:30,794 [INFO] PluginManager:220 - loadIPPluginJar : add radio
2025-02-07 09:36:30,800 [INFO] IPUIPlugin:80 - create IPUIPlugin
2025-02-07 09:36:30,800 [INFO] PluginManager:220 - loadIPPluginJar : add resmgrutility
2025-02-07 09:36:30,804 [INFO] IPUIPlugin:80 - create IPUIPlugin
2025-02-07 09:36:30,804 [INFO] PluginManager:220 - loadIPPluginJar : add sai
2025-02-07 09:36:30,807 [INFO] IPUIPlugin:80 - create IPUIPlugin
2025-02-07 09:36:30,808 [INFO] PluginManager:220 - loadIPPluginJar : add spi
2025-02-07 09:36:30,814 [INFO] IPUIPlugin:80 - create IPUIPlugin
2025-02-07 09:36:30,814 [INFO] PluginManager:220 - loadIPPluginJar : add stm32_wpan
2025-02-07 09:36:30,816 [INFO] IPUIPlugin:80 - create IPUIPlugin
2025-02-07 09:36:30,816 [INFO] PluginManager:220 - loadIPPluginJar : add tim
2025-02-07 09:36:30,820 [INFO] IPUIPlugin:80 - create IPUIPlugin
2025-02-07 09:36:30,821 [INFO] PluginManager:220 - loadIPPluginJar : add touchsensing
2025-02-07 09:36:30,823 [INFO] IPUIPlugin:80 - create IPUIPlugin
2025-02-07 09:36:30,823 [INFO] PluginManager:220 - loadIPPluginJar : add tracer_emb
2025-02-07 09:36:30,825 [INFO] IPUIPlugin:80 - create IPUIPlugin
2025-02-07 09:36:30,825 [INFO] PluginManager:220 - loadIPPluginJar : add ts
2025-02-07 09:36:30,827 [INFO] IPUIPlugin:80 - create IPUIPlugin
2025-02-07 09:36:30,827 [INFO] PluginManager:220 - loadIPPluginJar : add tsc
2025-02-07 09:36:30,830 [INFO] IPUIPlugin:80 - create IPUIPlugin
2025-02-07 09:36:30,830 [INFO] PluginManager:220 - loadIPPluginJar : add ucpd
2025-02-07 09:36:30,833 [INFO] IPUIPlugin:80 - create IPUIPlugin
2025-02-07 09:36:30,833 [INFO] PluginManager:220 - loadIPPluginJar : add usart
2025-02-07 09:36:30,838 [INFO] IPUIPlugin:80 - create IPUIPlugin
2025-02-07 09:36:30,838 [INFO] PluginManager:220 - loadIPPluginJar : add usbx
2025-02-07 09:36:30,972 [FATAL] Updater:351 - Updater called before beeing initialized
2025-02-07 09:36:31,011 [INFO] RulesReader:64 - Compatibility file has been processed (297 Rules)
2025-02-07 09:36:31,024 [INFO] RulesReader:64 - Compatibility file has been processed (297 Rules)
2025-02-07 09:36:31,035 [INFO] CADModel:165 - CPN selected for project level
2025-02-07 09:36:31,035 [INFO] CADModel:114 - Register for checkConnection events
2025-02-07 09:36:31,035 [FATAL] Updater:351 - Updater called before beeing initialized
2025-02-07 09:36:31,035 [ERROR] CADModel:125 - Updater not yet initialized, retry later 
2025-02-07 09:36:31,207 [FATAL] Updater:351 - Updater called before beeing initialized
2025-02-07 09:36:31,209 [INFO] CADModel:165 - CPN selected for project level
2025-02-07 09:36:31,209 [INFO] CADModel:114 - Register for checkConnection events
2025-02-07 09:36:31,209 [FATAL] Updater:351 - Updater called before beeing initialized
2025-02-07 09:36:31,209 [ERROR] CADModel:125 - Updater not yet initialized, retry later 
2025-02-07 09:36:31,212 [FATAL] Updater:351 - Updater called before beeing initialized
2025-02-07 09:36:31,310 [FATAL] Updater:351 - Updater called before beeing initialized
2025-02-07 09:36:31,313 [INFO] DbMcusAds:53 - JSON generation date=Wed Dec 18 00:01:15 GMT+08:00 2024 (1734451275111)
2025-02-07 09:36:31,314 [FATAL] Updater:351 - Updater called before beeing initialized
2025-02-07 09:36:31,351 [WARN] DetailPanel:346 - Failed to get advertising image, set to default
2025-02-07 09:36:31,577 [FATAL] Updater:351 - Updater called before beeing initialized
2025-02-07 09:36:31,581 [FATAL] Updater:351 - Updater called before beeing initialized
2025-02-07 09:36:31,581 [FATAL] Updater:351 - Updater called before beeing initialized
2025-02-07 09:36:31,581 [WARN] DetailPanel:346 - Failed to get advertising image, set to default
2025-02-07 09:36:31,583 [FATAL] Updater:351 - Updater called before beeing initialized
2025-02-07 09:36:31,639 [ERROR] Updater:1198 - MainUpdater not yet initialized. External WinMGr cannot be set.
2025-02-07 09:36:31,641 [INFO] Updater:1134 - Updater Version found : 6.13.0
2025-02-07 09:36:31,662 [INFO] ApplicationProperties:184 - Using Application install path: D:\STM32CubeIDE_1.17.0\STM32CubeIDE\plugins\com.st.stm32cube.common.mx_6.13.0.202411220809
2025-02-07 09:36:33,060 [INFO] ThirdPartyUpdaterWithRetryManager:70 - Updater plugin not ready yet. [2/15]
2025-02-07 09:36:33,251 [ERROR] LogOutputStream:75 - [STDERR_REDIRECT] Feb 07, 2025 9:36:33 AM java.util.prefs.WindowsPreferences <init>
2025-02-07 09:36:33,259 [ERROR] LogOutputStream:75 - [STDERR_REDIRECT] WARNING: Could not open/create prefs root node Software\JavaSoft\Prefs at root 0xffffffff80000002. Windows RegCreateKeyEx(...) returned error code 5.
2025-02-07 09:36:33,259 [ERROR] LogOutputStream:75 - [STDERR_REDIRECT] 
2025-02-07 09:36:33,889 [INFO] MainUpdater:2872 - connection check result : 10
2025-02-07 09:36:33,890 [INFO] MainUpdater:289 - Updater Check For Update Now.
2025-02-07 09:36:33,891 [INFO] MicroXplorer:498 - Change Database Version : DB.6.0.130
2025-02-07 09:36:33,901 [INFO] McuFinderGlobals:63 - Set McuFinder mode to 2 (CubeIDE integrated)
2025-02-07 09:36:33,913 [INFO] UserAuth:486 - Internet connection configuration mode: 1
2025-02-07 09:36:33,992 [INFO] JxBrowserEngine:152 - Initiate JxBrowser Engine with user profile folder
2025-02-07 09:36:34,103 [INFO] CheckServerUpdateThread:120 - End of CheckServer Thread
2025-02-07 09:36:34,114 [INFO] MainUpdater:2872 - connection check result : 10
2025-02-07 09:36:34,116 [INFO] McuFinderGlobals:76 - Set McuFinderConnectedMode to true
2025-02-07 09:36:34,456 [INFO] ServerAccessManage:473 - Download File mcusAds.json._tmp_
2025-02-07 09:36:34,571 [INFO] LoadUrlFilesThread:156 - End of LoadUrlFiles Thread
2025-02-07 09:36:34,731 [INFO] ServerAccessManage:473 - Download File cube-finder-db.zip
2025-02-07 09:36:34,926 [INFO] WebApp:168 - Instantiating new browser for Auth
2025-02-07 09:36:35,763 [INFO] WebApp:449 - Apply proxy settings
2025-02-07 09:36:35,764 [INFO] WebApp:534 - Chromium requires no authentication
2025-02-07 09:36:35,776 [INFO] WebApp:477 - Direct internet connection detected
2025-02-07 09:36:35,803 [INFO] WebApp:880 - Register for checkConnection events
2025-02-07 09:36:35,803 [INFO] WebApp:449 - Apply proxy settings
2025-02-07 09:36:35,803 [INFO] WebApp:534 - Chromium requires no authentication
2025-02-07 09:36:35,806 [INFO] WebApp:477 - Direct internet connection detected
2025-02-07 09:36:36,030 [INFO] WebApp:221 - Starting web application
2025-02-07 09:36:36,031 [INFO] WebApp:579 - Web application path used D:\STM32CubeIDE_1.17.0\STM32CubeIDE\plugins\com.st.stm32cube.common.mx_6.13.0.202411220809\db\plugins\mcufinder\reactClient1\index.html
2025-02-07 09:36:36,061 [WARN] MainUpdater:1193 - Updater busy. Cannot search thirdparties
2025-02-07 09:36:36,062 [INFO] ThirdPartyUpdaterWithRetryManager:96 - Updater plugin is busy. [1/15]
2025-02-07 09:36:36,129 [INFO] UserAuth:486 - Internet connection configuration mode: 1
2025-02-07 09:36:38,752 [INFO] FileExtend:240 - Unzip File : cube-finder-db.zip
2025-02-07 09:36:38,753 [INFO] FileExtend:255 - Standard Zip Deflate
2025-02-07 09:36:39,062 [WARN] MainUpdater:1193 - Updater busy. Cannot search thirdparties
2025-02-07 09:36:39,062 [INFO] ThirdPartyUpdaterWithRetryManager:96 - Updater plugin is busy. [2/15]
2025-02-07 09:36:39,708 [INFO] LoadUrlFilesThread:156 - End of LoadUrlFiles Thread
2025-02-07 09:36:41,262 [INFO] ServerAccessManage:473 - Download File crdb.zip
2025-02-07 09:36:42,064 [WARN] MainUpdater:1193 - Updater busy. Cannot search thirdparties
2025-02-07 09:36:42,064 [INFO] ThirdPartyUpdaterWithRetryManager:96 - Updater plugin is busy. [3/15]
2025-02-07 09:36:43,320 [INFO] FileExtend:240 - Unzip File : crdb.zip
2025-02-07 09:36:43,321 [INFO] FileExtend:255 - Standard Zip Deflate
2025-02-07 09:36:43,456 [INFO] LoadUrlFilesThread:156 - End of LoadUrlFiles Thread
2025-02-07 09:36:43,613 [INFO] ServerAccessManage:473 - Download File tutoVideoDB.zip
2025-02-07 09:36:43,629 [INFO] FileExtend:240 - Unzip File : tutoVideoDB.zip
2025-02-07 09:36:43,630 [INFO] FileExtend:255 - Standard Zip Deflate
2025-02-07 09:36:43,762 [INFO] LoadUrlFilesThread:156 - End of LoadUrlFiles Thread
2025-02-07 09:36:43,764 [WARN] DbFile:41 - Overriding database path with different value: C:\Users\lemon\.stmcufinder\plugins\mcufinder/ => C:\Users\lemon\.stmcufinder\plugins\mcufinder
2025-02-07 09:36:43,913 [INFO] ServerAccessManage:473 - Download File api_config.json
2025-02-07 09:36:44,030 [INFO] LoadUrlFilesThread:156 - End of LoadUrlFiles Thread
2025-02-07 09:36:44,031 [INFO] DbMcusAds:53 - JSON generation date=Wed Dec 18 00:01:15 GMT+08:00 2024 (1734451275111)
2025-02-07 09:36:44,049 [INFO] LoadUrlFilesThread:185 - End of LoadServerUrlFiles without Thread
2025-02-07 09:36:44,049 [INFO] TargetSelectorAdapter:259 - Refresh data is successful
2025-02-07 09:36:44,200 [INFO] ApiDb:581 - Connected to CubeFinder SQLite database (C:\Users\lemon\.stmcufinder\plugins\mcufinder\mcu\cube-finder-db.db)
2025-02-07 09:36:44,276 [INFO] ApiDb:668 - CubeFinder database Data Model version=2.1
2025-02-07 09:36:44,276 [INFO] ApiDb:669 - CubeFinder database Configuration version=3.0.39
2025-02-07 09:36:44,277 [INFO] ApiDb:670 - CubeFinder database generation date=2024-12-31 (1735638994)
2025-02-07 09:36:44,277 [INFO] ApiDb:671 - CubeFinder database FW Pack versions=[FP-ATR-ASTRA1_V2.0.0, FP-SNS-FLIGHT1_V5.0.2, FP-SNS-MOTENV1_V5.0.0, FP-SNS-MOTENVWB1_V1.4.0, FP-SNS-SMARTAG2_V1.2.0, FP-SNS-STBOX1_V2.0.0, STM32Cube_FW_C0_V1.3.0, STM32Cube_FW_F4_V1.28.1, STM32Cube_FW_F7_V1.17.2, STM32Cube_FW_G0_V1.6.2, STM32Cube_FW_G4_V1.6.1, STM32Cube_FW_H5_V1.4.0, STM32Cube_FW_H7RS_V1.1.0, STM32Cube_FW_H7_V1.12.0, STM32Cube_FW_L0_V1.12.2, STM32Cube_FW_L4_V1.18.1, STM32Cube_FW_L5_V1.5.1, STM32Cube_FW_N6_V1.0.0, STM32Cube_FW_U0_V1.2.0, STM32Cube_FW_U3_V1.0.0, STM32Cube_FW_U5_V1.7.0, STM32Cube_FW_WB0_V1.1.0, STM32Cube_FW_WBA_V1.5.0, STM32Cube_FW_WB_V1.21.0, STM32Cube_FW_WL3_V1.0.0, STM32Cube_FW_WL_V1.3.0, X-CUBE-ALGOBUILD_V1.4.0, X-CUBE-ALS_V1.0.2, X-CUBE-AZRTOS-F4_V1.1.0, X-CUBE-AZRTOS-F7_V1.1.0, X-CUBE-AZRTOS-G0_V1.1.0, X-CUBE-AZRTOS-G4_V2.0.0, X-CUBE-AZRTOS-H7RS_V1.0.0, X-CUBE-AZRTOS-H7_V3.3.0, X-CUBE-AZRTOS-L4_V2.0.0, X-CUBE-AZRTOS-L5_V2.0.0, X-CUBE-AZRTOS-WB_V2.0.0, X-CUBE-AZRTOS-WL_V2.0.0, X-CUBE-BLE1_V7.0.0, X-CUBE-BLE2_V3.3.0, X-CUBE-BLEMGR_V4.0.0, X-CUBE-EEPRMA1_V5.1.0, X-CUBE-FREERTOS_V1.2.0, X-CUBE-GNSS1_V6.0.0, X-CUBE-MEMS1_V11.1.0, X-CUBE-NFC4_V3.0.0, X-CUBE-NFC7_V1.0.1, X-CUBE-SFXS2LP1_V4.0.0, X-CUBE-SUBG2_V5.0.0, X-CUBE-TOF1_V3.4.2]
2025-02-07 09:36:45,219 [WARN] PackLoader:240 - Cannot read IP mode file for STMicroelectronics.FP-SNS-MOTENVWB1.1.4.0
2025-02-07 09:36:45,229 [WARN] PackLoader:240 - Cannot read IP mode file for STMicroelectronics.X-CUBE-SMBUS.2.1.0
2025-02-07 09:36:45,237 [WARN] PackLoader:240 - Cannot read IP mode file for STMicroelectronics.X-CUBE-WB05N.1.1.0
2025-02-07 09:36:45,270 [WARN] PackLoader:240 - Cannot read IP mode file for STMicroelectronics.X-CUBE-AZRTOS-F7.1.1.0
2025-02-07 09:36:45,283 [WARN] PackLoader:240 - Cannot read IP mode file for STMicroelectronics.FP-SNS-FLIGHT1.5.0.2
2025-02-07 09:36:45,294 [WARN] PackLoader:240 - Cannot read IP mode file for STMicroelectronics.X-CUBE-DISPLAY.3.0.0
2025-02-07 09:36:45,311 [WARN] PackLoader:240 - Cannot read IP mode file for STMicroelectronics.X-CUBE-BLE1.7.0.0
2025-02-07 09:36:45,319 [WARN] PackLoader:240 - Cannot read IP mode file for STMicroelectronics.X-CUBE-NFC10.1.0.0
2025-02-07 09:36:45,326 [WARN] PackLoader:240 - Cannot read IP mode file for STMicroelectronics.X-CUBE-AI.10.0.0
2025-02-07 09:36:45,332 [WARN] PackLoader:240 - Cannot read IP mode file for STMicroelectronics.FP-SNS-SMARTAG2.1.2.0
2025-02-07 09:36:45,340 [INFO] LogOutputStream:77 - [STDOUT_REDIRECT] 1 : Invalid condition id : UX_CORESTACK_Condition cause : null
2025-02-07 09:36:45,342 [INFO] LogOutputStream:77 - [STDOUT_REDIRECT] 1 : Invalid condition id : UX_CORESTACK_Condition cause : null
2025-02-07 09:36:45,344 [INFO] LogOutputStream:77 - [STDOUT_REDIRECT] 1 : Invalid condition id : UX_CORESTACK_Condition cause : null
2025-02-07 09:36:45,345 [INFO] LogOutputStream:77 - [STDOUT_REDIRECT] 1 : Invalid condition id : UX_CORESTACK_Condition cause : null
2025-02-07 09:36:45,346 [INFO] LogOutputStream:77 - [STDOUT_REDIRECT] 1 : Invalid condition id : UX_CORESTACK_Condition cause : null
2025-02-07 09:36:45,349 [WARN] PackLoader:240 - Cannot read IP mode file for STMicroelectronics.X-CUBE-AZRTOS-WL.2.0.0
2025-02-07 09:36:45,354 [WARN] PackLoader:240 - Cannot read IP mode file for STMicroelectronics.FP-SNS-MOTENV1.5.0.0
2025-02-07 09:36:45,359 [WARN] PackLoader:240 - Cannot read IP mode file for wolfSSL.I-CUBE-wolfMQTT.1.19.0
2025-02-07 09:36:45,363 [WARN] PackLoader:240 - Cannot read IP mode file for STMicroelectronics.X-CUBE-BLE2.3.3.0
2025-02-07 09:36:45,368 [WARN] PackLoader:240 - Cannot read IP mode file for STMicroelectronics.X-CUBE-NFC9.1.0.0
2025-02-07 09:36:45,383 [WARN] PackLoader:240 - Cannot read IP mode file for STMicroelectronics.X-CUBE-AZRTOS-G0.1.1.0
2025-02-07 09:36:45,389 [WARN] PackLoader:240 - Cannot read IP mode file for STMicroelectronics.X-CUBE-SAFEA1.1.2.2
2025-02-07 09:36:45,395 [WARN] PackLoader:240 - Cannot read IP mode file for STMicroelectronics.X-CUBE-NFC4.3.0.0
2025-02-07 09:36:45,404 [WARN] PackLoader:240 - Cannot read IP mode file for EmbeddedOffice.I-CUBE-FS-RTOS.1.0.1
2025-02-07 09:36:45,408 [WARN] PackLoader:240 - Cannot read IP mode file for RealThread.X-CUBE-RT-Thread_Nano.4.1.1
2025-02-07 09:36:45,412 [WARN] PackLoader:240 - Cannot read IP mode file for STMicroelectronics.FP-ATR-SIGFOX1.3.2.0
2025-02-07 09:36:45,416 [WARN] ConditionMgr:438 - getConditionDescription Invalid condition id : Cortex-A Device cause : null
2025-02-07 09:36:45,431 [WARN] ConditionMgr:1044 - genDependencies : Invalid condition id : Cortex-A Device cause : null
2025-02-07 09:36:45,431 [WARN] ConditionMgr:1044 - genDependencies : Invalid condition id : Cortex-A Device cause : null
2025-02-07 09:36:45,431 [WARN] ConditionMgr:1044 - genDependencies : Invalid condition id : Cortex-A Device cause : null
2025-02-07 09:36:45,437 [WARN] PackLoader:240 - Cannot read IP mode file for STMicroelectronics.X-CUBE-EEPRMA1.5.1.0
2025-02-07 09:36:45,462 [WARN] PackLoader:240 - Cannot read IP mode file for SEGGER.I-CUBE-embOS.1.3.1
2025-02-07 09:36:45,497 [WARN] PackLoader:240 - Cannot read IP mode file for STMicroelectronics.X-CUBE-ALGOBUILD.1.4.0
2025-02-07 09:36:45,501 [WARN] PackLoader:240 - Cannot read IP mode file for STMicroelectronics.X-CUBE-AI.9.1.0
2025-02-07 09:36:45,512 [WARN] PackLoader:240 - Cannot read IP mode file for STMicroelectronics.X-CUBE-AZRTOS-F4.1.1.0
2025-02-07 09:36:45,519 [WARN] PackLoader:240 - Cannot read IP mode file for STMicroelectronics.X-CUBE-ISPU.2.1.0
2025-02-07 09:36:45,531 [WARN] PackLoader:240 - Cannot read IP mode file for STMicroelectronics.X-CUBE-AZRTOS-L5.2.0.0
2025-02-07 09:36:45,538 [WARN] PackLoader:240 - Cannot read IP mode file for STMicroelectronics.X-CUBE-NFC6.3.1.0
2025-02-07 09:36:45,545 [WARN] PackLoader:240 - Cannot read IP mode file for STMicroelectronics.X-CUBE-DPower.1.2.0
2025-02-07 09:36:45,551 [WARN] PackLoader:240 - Cannot read IP mode file for STMicroelectronics.X-CUBE-NFC7.1.0.1
2025-02-07 09:36:45,564 [WARN] ConditionMgr:438 - getConditionDescription Invalid condition id : LAN8742 Phy interface Condition cause : null
2025-02-07 09:36:45,565 [WARN] PackLoader:240 - Cannot read IP mode file for STMicroelectronics.X-CUBE-AZRTOS-L4.2.0.0
2025-02-07 09:36:45,565 [WARN] ConditionMgr:1044 - genDependencies : Invalid condition id : LAN8742 Phy interface Condition cause : null
2025-02-07 09:36:45,566 [WARN] ConditionMgr:1044 - genDependencies : Invalid condition id : LAN8742 Phy interface Condition cause : null
2025-02-07 09:36:45,566 [WARN] ConditionMgr:1044 - genDependencies : Invalid condition id : LAN8742 Phy interface Condition cause : null
2025-02-07 09:36:45,572 [WARN] PackLoader:240 - Cannot read IP mode file for STMicroelectronics.X-CUBE-SFXS2LP1.4.0.0
2025-02-07 09:36:45,586 [WARN] PackLoader:240 - Cannot read IP mode file for STMicroelectronics.X-CUBE-AZRTOS-H7.3.3.0
2025-02-07 09:36:45,595 [WARN] ConditionMgr:438 - getConditionDescription Invalid condition id : UX DEVICE CLASS RTOS Condition cause : null
2025-02-07 09:36:45,595 [WARN] ConditionMgr:438 - getConditionDescription Invalid condition id : UX DEVICE CLASS RTOS Condition cause : null
2025-02-07 09:36:45,597 [WARN] PackLoader:240 - Cannot read IP mode file for STMicroelectronics.X-CUBE-AZRTOS-WB.2.0.0
2025-02-07 09:36:45,597 [WARN] ConditionMgr:1044 - genDependencies : Invalid condition id : UX DEVICE CLASS RTOS Condition cause : null
2025-02-07 09:36:45,597 [WARN] ConditionMgr:1044 - genDependencies : Invalid condition id : UX DEVICE CLASS RTOS Condition cause : null
2025-02-07 09:36:45,599 [WARN] ConditionMgr:1044 - genDependencies : Invalid condition id : UX DEVICE CLASS RTOS Condition cause : null
2025-02-07 09:36:45,599 [WARN] ConditionMgr:1044 - genDependencies : Invalid condition id : UX DEVICE CLASS RTOS Condition cause : null
2025-02-07 09:36:45,599 [WARN] ConditionMgr:1044 - genDependencies : Invalid condition id : UX DEVICE CLASS RTOS Condition cause : null
2025-02-07 09:36:45,604 [WARN] PackLoader:240 - Cannot read IP mode file for STMicroelectronics.FP-SNS-STBOX1.2.0.0
2025-02-07 09:36:45,618 [WARN] PackLoader:240 - Cannot read IP mode file for STMicroelectronics.X-CUBE-SUBG2.5.0.0
2025-02-07 09:36:45,627 [WARN] PackLoader:240 - Cannot read IP mode file for Cesanta.I-CUBE-Mongoose.7.13.0
2025-02-07 09:36:45,643 [WARN] PackLoader:240 - Cannot read IP mode file for STMicroelectronics.X-CUBE-AZRTOS-G4.2.0.0
2025-02-07 09:36:45,663 [WARN] PackLoader:240 - Cannot read IP mode file for STMicroelectronics.X-CUBE-ALS.1.0.2
2025-02-07 09:36:45,669 [WARN] PackLoader:240 - Cannot read IP mode file for portGmbH.I-Cube-SoM-uGOAL.1.1.0
2025-02-07 09:36:45,685 [WARN] PackLoader:240 - Cannot read IP mode file for STMicroelectronics.X-CUBE-AZRTOS-H7RS.1.0.0
2025-02-07 09:36:45,694 [WARN] PackLoader:240 - Cannot read IP mode file for STMicroelectronics.X-CUBE-TOF1.3.4.2
2025-02-07 09:36:45,704 [WARN] PackLoader:240 - Cannot read IP mode file for wolfSSL.I-CUBE-wolfSSH.1.4.17
2025-02-07 09:36:45,705 [INFO] ThirdParty:978 - Integrity check success = true
2025-02-07 09:36:45,705 [INFO] IntegrityCheckThread:100 - exiting critical section [integrity check]
2025-02-07 09:36:45,705 [INFO] IntegrityCheckThread:103 - End integrity checks thread
2025-02-07 09:36:47,106 [INFO] ApiDb:240 - Found 858 in-development CPN: [B-G473E-ZEST1S, B-WB1M-WPAN1, B-WBA5M-WPAN, B-WL5M-SUBG1, NUCLEO-C031C6, NUCLEO-C051C8, NUCLEO-C071RB, NUCLEO-C092RC, NUCLEO-H503RB, NUCLEO-H533RE, NUCLEO-H563ZI, NUCLEO-H7S3L8, NUCLEO-N657X0-Q, NUCLEO-U031R8, NUCLEO-U083RC, NUCLEO-U385RG-Q, NUCLEO-U545RE-Q, NUCLEO-U5A5ZJ-Q, NUCLEO-WB05KZ, NUCLEO-WB07CC, NUCLEO-WB09KE, NUCLEO-WBA52CG, NUCLEO-WBA55CG, NUCLEO-WL33CC1, NUCLEO-WL33CC2, STEVAL-PROTEUS1, STEVAL-SMARTAG2, STEVAL-STWINBX1, STM320518-EVAL, STM32C0116-DK, STM32C011D6Y3TR, STM32C011D6Y6TR, STM32C011F4P3, STM32C011F4P6, STM32C011F4U3, STM32C011F4U6TR, STM32C011F6P3, STM32C011F6P6, STM32C011F6U3, STM32C011F6U6TR, STM32C011J4M3, STM32C011J4M6, STM32C011J6M3, STM32C011J6M6, STM32C0316-DK, STM32C031C4T3, STM32C031C4T6, STM32C031C4U3, STM32C031C4U6, STM32C031C6T3, STM32C031C6T6, STM32C031C6U3, STM32C031C6U6, STM32C031F4P3, STM32C031F4P6, STM32C031F6P3, STM32C031F6P6, STM32C031G4U3, STM32C031G4U6, STM32C031G6U3, STM32C031G6U6, STM32C031K4T3, STM32C031K4T6, STM32C031K4U3, STM32C031K4U6, STM32C031K6T3, STM32C031K6T6, STM32C031K6U3, STM32C031K6U6, STM32C051C6T6, STM32C051C6U6, STM32C051C8T6, STM32C051C8U6, STM32C051D8Y6TR, STM32C051F6P6, STM32C051F8P6, STM32C051G6U6, STM32C051G8U6, STM32C051K6T6, STM32C051K6U6, STM32C051K8T6, STM32C071C8T6, STM32C071C8T6N, STM32C071C8U6, STM32C071C8U6N, STM32C071CBT6, STM32C071CBT6N, STM32C071CBU6, STM32C071CBU6N, STM32C071F8P6, STM32C071F8P6N, STM32C071FBP6, STM32C071FBP6N, STM32C071FBY6TR, STM32C071G8U6, STM32C071G8U6N, STM32C071GBU6, STM32C071GBU6N, STM32C071K8T6, STM32C071K8T6N, STM32C071K8U6, STM32C071K8U6N, STM32C071KBT6, STM32C071KBT6N, STM32C071KBU6, STM32C071KBU6N, STM32C071R8T6, STM32C071R8T6N, STM32C071RBI6N, STM32C071RBT6, STM32C071RBT6N, STM32C091CBT6, STM32C091CBU6, STM32C091CCT6, STM32C091CCU6, STM32C091ECY6TR, STM32C091FBP6, STM32C091FCP6, STM32C091GBU6, STM32C091GCU6, STM32C091KBT6, STM32C091KBU6, STM32C091KCT6, STM32C091KCU6, STM32C091RBT6, STM32C091RCI6, STM32C091RCT6, STM32C092CBT6, STM32C092CBU6, STM32C092CCT6, STM32C092CCU6, STM32C092ECY6TR, STM32C092FBP6, STM32C092FCP6, STM32C092GBU6, STM32C092GCU6, STM32C092KBT6, STM32C092KBU6, STM32C092KCT6, STM32C092KCU6, STM32C092RBT6, STM32C092RCI6, STM32C092RCT6, STM32G071K8TXN, STM32G071K8UXN, STM32G081GBU6N, STM32G081KBT6N, STM32G081KBUXN, STM32G0B1CCT6N, STM32G0B1KCT6, STM32G0B1NEY6TR, STM32G0B1RCT6N, STM32G0C1CCT6, STM32G0C1CCT6N, STM32G0C1CCU6N, STM32G0C1CET6N, STM32G0C1CEU6N, STM32G0C1KCT6, STM32G0C1NEY6TR, STM32G0C1RCI6N, STM32G0C1RCT6N, STM32G0C1REI6N, STM32G0C1RET6N, STM32G0C1VCI6, STM32G0C1VEI6, STM32G411C6T3, STM32G411C6T6, STM32G411C6U3, STM32G411C6U6, STM32G411C8T3, STM32G411C8T6, STM32G411C8U3, STM32G411C8U6, STM32G411CBT3, STM32G411CBT6, STM32G411CBU3, STM32G411CBU6, STM32G411CCT3, STM32G411CCT6, STM32G411CCU3, STM32G411CCU6, STM32G411K6T3, STM32G411K6T6, STM32G411K6U3, STM32G411K6U6, STM32G411K8T3, STM32G411K8T6, STM32G411K8U3, STM32G411K8U6, STM32G411KBT3, STM32G411KBT6, STM32G411KBU3, STM32G411KBU6, STM32G411M6T3, STM32G411M6T6, STM32G411M8T3, STM32G411M8T6, STM32G411MBT3, STM32G411MBT6, STM32G411MCT3, STM32G411MCT6, STM32G411R6T3, STM32G411R6T6, STM32G411R8T3, STM32G411R8T6, STM32G411RBT3, STM32G411RBT6, STM32G411RCT3, STM32G411RCT6, STM32G414CBT3, STM32G414CBT6, STM32G414CBU3, STM32G414CBU6, STM32G414CCT3, STM32G414CCT6, STM32G414CCU3, STM32G414CCU6, STM32G414MBT3, STM32G414MBT6, STM32G414MCT3, STM32G414MCT6, STM32G414RBT3, STM32G414RBT6, STM32G414RCT3, STM32G414RCT6, STM32G414VBT3, STM32G414VBT6, STM32G414VCT3, STM32G414VCT6, STM32G431CBT3Z, STM32G431RBT3Z, STM32G471CCT6, STM32G471CCU6, STM32G471CET3, STM32G471CET6, STM32G471CEU3, STM32G471CEU6, STM32G471MCT6, STM32G471MET3, STM32G471MET6, STM32G471MEY6TR, STM32G471QCT6, STM32G471QET3, STM32G471RCT6, STM32G471RET3, STM32G471RET6, STM32G471VCH6, STM32G471VCI6, STM32G471VCT6, STM32G471VEH3, STM32G471VEH6, STM32G471VEI3, STM32G471VEI6, STM32G471VET3, STM32G471VET6, STM32G473QET3Z, STM32G473RET3Z, STM32G474CCT6, STM32G491RET3Z, STM32H503CBT6, STM32H503CBU6, STM32H503EBY6TR, STM32H503KBU6, STM32H503RBT6, STM32H523CCT6, STM32H523CCU6, STM32H523CET6, STM32H523CEU6, STM32H523HEY6TR, STM32H523RCT6, STM32H523RET6, STM32H523VCI6, STM32H523VCT6, STM32H523VEI6, STM32H523VET6, STM32H523ZCJ6, STM32H523ZCT6, STM32H523ZEJ6, STM32H523ZET6, STM32H533CET6, STM32H533CEU6, STM32H533HEY6TR, STM32H533RET6, STM32H533VEI6, STM32H533VET6, STM32H533ZEJ6, STM32H533ZET6, STM32H562AGI6, STM32H562AII6, STM32H562IGK6, STM32H562IGT6, STM32H562IIK6, STM32H562IIT6, STM32H562RGT6, STM32H562RGV6, STM32H562RIT6, STM32H562RIV6, STM32H562VGT6, STM32H562VIT6, STM32H562ZGT6, STM32H562ZIT6, STM32H563AGI6, STM32H563AII3Q, STM32H563AII6, STM32H563IGK6, STM32H563IGT6, STM32H563IIK3Q, STM32H563IIK6, STM32H563IIT3Q, STM32H563IIT6, STM32H563MIY3QTR, STM32H563RGT6, STM32H563RGV6, STM32H563RIT6, STM32H563RIV6, STM32H563VGT6, STM32H563VIT3Q, STM32H563VIT6, STM32H563ZGT6, STM32H563ZIT3Q, STM32H563ZIT6, STM32H573AII3Q, STM32H573AII6, STM32H573I-DK, STM32H573IIK3Q, STM32H573IIK6, STM32H573IIT3Q, STM32H573IIT6, STM32H573MIY3QTR, STM32H573RIT6, STM32H573RIV6, STM32H573VIT3Q, STM32H573VIT6, STM32H573ZIT3Q, STM32H573ZIT6, STM32H7R3A8I6, STM32H7R3I8K6, STM32H7R3I8T6, STM32H7R3L8H6, STM32H7R3L8H6H, STM32H7R3R8V6, STM32H7R3V8H6, STM32H7R3V8T6, STM32H7R3V8Y6TR, STM32H7R3Z8J6, STM32H7R3Z8T6, STM32H7R7A8I6, STM32H7R7I8K6, STM32H7R7I8T6, STM32H7R7L8H6, STM32H7R7L8H6H, STM32H7R7Z8J6, STM32H7S3A8I6, STM32H7S3I8K6, STM32H7S3I8T6, STM32H7S3L8H6, STM32H7S3L8H6H, STM32H7S3R8V6, STM32H7S3V8H6, STM32H7S3V8T6, STM32H7S3V8Y6TR, STM32H7S3Z8J6, STM32H7S3Z8T6, STM32H7S78-DK, STM32H7S7A8I6, STM32H7S7I8K6, STM32H7S7I8T6, STM32H7S7L8H6, STM32H7S7L8H6H, STM32H7S7Z8J6, STM32L4R5QGI6STR, STM32MP131AAE3, STM32MP131AAF3, STM32MP131AAG3, STM32MP131CAE3, STM32MP131CAF3, STM32MP131CAG3, STM32MP131DAE7, STM32MP131DAF7, STM32MP131DAG7, STM32MP131FAE7, STM32MP131FAF7, STM32MP131FAG7, STM32MP133AAE3, STM32MP133AAF3, STM32MP133AAG3, STM32MP133CAE3, STM32MP133CAF3, STM32MP133CAG3, STM32MP133DAE7, STM32MP133DAF7, STM32MP133DAG7, STM32MP133FAE7, STM32MP133FAF7, STM32MP133FAG7, STM32MP135AAE3, STM32MP135AAF3, STM32MP135AAG3, STM32MP135CAE3, STM32MP135CAF3, STM32MP135CAG3, STM32MP135DAE7, STM32MP135DAF7, STM32MP135DAG7, STM32MP135F-DK, STM32MP135FAE7, STM32MP135FAF7, STM32MP135FAF7T, STM32MP135FAF7U, STM32MP135FAG7, STM32MP231AAJ3, STM32MP231AAK3, STM32MP231AAL3, STM32MP231CAJ3, STM32MP231CAK3, STM32MP231CAL3, STM32MP231DAJ3, STM32MP231DAK3, STM32MP231DAL3, STM32MP231FAJ3, STM32MP231FAK3, STM32MP231FAL3, STM32MP233AAJ3, STM32MP233AAK3, STM32MP233AAL3, STM32MP233CAJ3, STM32MP233CAK3, STM32MP233CAL3, STM32MP233DAJ3, STM32MP233DAK3, STM32MP233DAL3, STM32MP233FAJ3, STM32MP233FAK3, STM32MP233FAL3, STM32MP235AAJ3, STM32MP235AAK3, STM32MP235AAL3, STM32MP235CAJ3, STM32MP235CAK3, STM32MP235CAL3, STM32MP235DAJ3, STM32MP235DAK3, STM32MP235DAL3, STM32MP235FAJ3, STM32MP235FAK3, STM32MP235FAL3, STM32MP251AAI3, STM32MP251AAJ3, STM32MP251AAK3, STM32MP251AAL3, STM32MP251CAI3, STM32MP251CAJ3, STM32MP251CAK3, STM32MP251CAL3, STM32MP251DAI3, STM32MP251DAJ3, STM32MP251DAK3, STM32MP251DAL3, STM32MP251FAI3, STM32MP251FAJ3, STM32MP251FAK3, STM32MP251FAL3, STM32MP253AAI3, STM32MP253AAJ3, STM32MP253AAK3, STM32MP253AAL3, STM32MP253CAI3, STM32MP253CAJ3, STM32MP253CAK3, STM32MP253CAL3, STM32MP253DAI3, STM32MP253DAJ3, STM32MP253DAK3, STM32MP253DAL3, STM32MP253FAI3, STM32MP253FAJ3, STM32MP253FAK3, STM32MP253FAL3, STM32MP255AAI3, STM32MP255AAJ3, STM32MP255AAK3, STM32MP255AAL3, STM32MP255CAI3, STM32MP255CAJ3, STM32MP255CAK3, STM32MP255CAL3, STM32MP255DAI3, STM32MP255DAJ3, STM32MP255DAK3, STM32MP255DAL3, STM32MP255FAI3, STM32MP255FAJ3, STM32MP255FAK3, STM32MP255FAL3, STM32MP257AAI3, STM32MP257AAJ3, STM32MP257AAK3, STM32MP257AAL3, STM32MP257CAI3, STM32MP257CAJ3, STM32MP257CAK3, STM32MP257CAL3, STM32MP257DAI3, STM32MP257DAJ3, STM32MP257DAK3, STM32MP257DAL3, STM32MP257F-DK, STM32MP257F-EV1, STM32MP257FAI3, STM32MP257FAJ3, STM32MP257FAK3, STM32MP257FAL3, STM32N645A0H3Q, STM32N645B0H3Q, STM32N645I0H3Q, STM32N645L0H3Q, STM32N645X0H3Q, STM32N645Z0H3Q, STM32N647A0H3Q, STM32N647B0H3Q, STM32N647I0H3Q, STM32N647L0H3Q, STM32N647X0H3Q, STM32N647Z0H3Q, STM32N655A0H3Q, STM32N655B0H3Q, STM32N655I0H3Q, STM32N655L0H3Q, STM32N655X0H3Q, STM32N655Z0H3Q, STM32N6570-DK, STM32N657A0H3Q, STM32N657B0H3Q, STM32N657I0H3Q, STM32N657L0H3Q, STM32N657X0H3Q, STM32N657Z0H3Q, STM32U031C6T6, STM32U031C6U6, STM32U031C8T6, STM32U031C8U6, STM32U031F4P6, STM32U031F6P6, STM32U031F8P6, STM32U031G6Y6TR, STM32U031G8Y6TR, STM32U031K4U6, STM32U031K6U6, STM32U031K8U6, STM32U031R6I6, STM32U031R6T6, STM32U031R8I6, STM32U031R8T6, STM32U073C8T6, STM32U073C8U6, STM32U073CBT6, STM32U073CBU6, STM32U073CCT6, STM32U073CCU6, STM32U073H8Y6TR, STM32U073HBY6TR, STM32U073HCY6TR, STM32U073K8U6, STM32U073KBU6, STM32U073KCU6, STM32U073M8I6, STM32U073M8T6, STM32U073MBI6, STM32U073MBT6, STM32U073MCI6, STM32U073MCT6, STM32U073R8I6, STM32U073R8T6, STM32U073RBI6, STM32U073RBT6, STM32U073RCI6, STM32U073RCT6, STM32U083C-DK, STM32U083CCT6, STM32U083CCU6, STM32U083HCY6TR, STM32U083KCU6, STM32U083MCI6, STM32U083MCT6, STM32U083RCI6, STM32U083RCT6, STM32U375CET6, STM32U375CET6Q, STM32U375CEU6, STM32U375CEU6Q, STM32U375CEY6QTR, STM32U375CGT6, STM32U375CGT6Q, STM32U375CGU6, STM32U375CGU6Q, STM32U375CGY6QTR, STM32U375KEU6, STM32U375KGU6, STM32U375REI6, STM32U375REI6Q, STM32U375RET6, STM32U375RET6Q, STM32U375REY6GTR, STM32U375REY6QTR, STM32U375RGI6, STM32U375RGI6Q, STM32U375RGT6, STM32U375RGT6Q, STM32U375RGY6GTR, STM32U375RGY6QTR, STM32U375VEI6, STM32U375VEI6Q, STM32U375VET6, STM32U375VET6Q, STM32U375VGI6, STM32U375VGI6Q, STM32U375VGT6, STM32U375VGT6Q, STM32U385CGT6, STM32U385CGT6Q, STM32U385CGU6, STM32U385CGU6Q, STM32U385CGY6QTR, STM32U385KGU6, STM32U385RGI6, STM32U385RGI6Q, STM32U385RGT6, STM32U385RGT6Q, STM32U385RGY6GTR, STM32U385RGY6QTR, STM32U385VGI6, STM32U385VGI6Q, STM32U385VGT6, STM32U385VGT6Q, STM32U535CBT6, STM32U535CBT6Q, STM32U535CBU6, STM32U535CBU6Q, STM32U535CCT6, STM32U535CCT6Q, STM32U535CCU6, STM32U535CCU6Q, STM32U535CET6, STM32U535CET6Q, STM32U535CEU6, STM32U535CEU6Q, STM32U535JEY6QTR, STM32U535NCY6QTR, STM32U535NEY6QTR, STM32U535RBI6, STM32U535RBI6Q, STM32U535RBT6, STM32U535RBT6Q, STM32U535RCI6, STM32U535RCI6Q, STM32U535RCT6, STM32U535RCT6Q, STM32U535REI6, STM32U535REI6Q, STM32U535RET6, STM32U535RET6Q, STM32U535VCI6, STM32U535VCI6Q, STM32U535VCT6, STM32U535VCT6Q, STM32U535VEI6, STM32U535VEI6Q, STM32U535VET6, STM32U535VET6Q, STM32U545CET6, STM32U545CET6Q, STM32U545CEU6, STM32U545CEU6Q, STM32U545JEY6QTR, STM32U545NEY6QTR, STM32U545REI6, STM32U545REI6Q, STM32U545RET6, STM32U545RET6Q, STM32U545VEI6, STM32U545VEI6Q, STM32U545VET6, STM32U545VET6Q, STM32U595AIH6, STM32U595AIH6Q, STM32U595AJH6, STM32U595AJH6Q, STM32U595QII6, STM32U595QII6Q, STM32U595QJI6, STM32U595QJI6Q, STM32U595RIT6, STM32U595RIT6Q, STM32U595RJT6, STM32U595RJT6Q, STM32U595VIT6, STM32U595VIT6Q, STM32U595VJT6, STM32U595VJT6Q, STM32U595ZIT6, STM32U595ZIT6Q, STM32U595ZIY6QTR, STM32U595ZJT6, STM32U595ZJT6Q, STM32U595ZJY6QTR, STM32U599BJY6QTR, STM32U599NIH6Q, STM32U599NJH6Q, STM32U599VIT6Q, STM32U599VJT6, STM32U599VJT6Q, STM32U599ZIT6Q, STM32U599ZIY6QTR, STM32U599ZJT6Q, STM32U599ZJY6QTR, STM32U5A5AJH6, STM32U5A5AJH6Q, STM32U5A5QII3Q , STM32U5A5QJI6, STM32U5A5QJI6Q, STM32U5A5RJT6, STM32U5A5RJT6Q, STM32U5A5VJT6, STM32U5A5VJT6Q, STM32U5A5ZJT6, STM32U5A5ZJT6Q, STM32U5A5ZJY6QTR, STM32U5A9BJY6QTR, STM32U5A9J-DK, STM32U5A9NJH6Q, STM32U5A9VJT6Q, STM32U5A9ZJT6Q, STM32U5A9ZJY6QTR, STM32U5F7VIT6, STM32U5F7VIT6Q, STM32U5F7VJT6, STM32U5F7VJT6Q, STM32U5F9BJY6QTR, STM32U5F9NJH6Q, STM32U5F9VIT6Q, STM32U5F9VJT6Q, STM32U5F9ZIJ6QTR, STM32U5F9ZIT6Q, STM32U5F9ZJJ6QTR, STM32U5F9ZJT6Q, STM32U5G7VJT6, STM32U5G7VJT6Q, STM32U5G9BJY6QTR, STM32U5G9J-DK1, STM32U5G9J-DK2, STM32U5G9NJH6Q, STM32U5G9VJT6Q, STM32U5G9ZJJ6QTR, STM32U5G9ZJT6Q, STM32WB05KZV6TR, STM32WB05KZV7TR, STM32WB05TZF6TR, STM32WB05TZF7TR, STM32WB06CCF6TR, STM32WB06CCF7TR, STM32WB06CCV6TR, STM32WB06CCV7TR, STM32WB06KCV6TR, STM32WB06KCV7TR, STM32WB07CCF6TR, STM32WB07CCF7TR, STM32WB07CCV6TR, STM32WB07CCV7TR, STM32WB07KCV6TR, STM32WB07KCV7TR, STM32WB09KEV6TR, STM32WB09KEV7TR, STM32WB09TEF6TR, STM32WB09TEF7TR, STM32WB1MMCH6, STM32WBA50KGU6, STM32WBA50KGU6TR, STM32WBA52CEU6, STM32WBA52CEU6TR, STM32WBA52CEU7, STM32WBA52CEU7TR, STM32WBA52CGU6, STM32WBA52CGU6TR, STM32WBA52CGU6U, STM32WBA52CGU7, STM32WBA52CGU7TR, STM32WBA52KEU6, STM32WBA52KEU6TR, STM32WBA52KGU6, STM32WBA52KGU6TR, STM32WBA54CEU6, STM32WBA54CEU6TR, STM32WBA54CEU7, STM32WBA54CEU7TR, STM32WBA54CGU6, STM32WBA54CGU6TR, STM32WBA54CGU7, STM32WBA54CGU7TR, STM32WBA54KEU6, STM32WBA54KEU6TR, STM32WBA54KEU7, STM32WBA54KEU7TR, STM32WBA54KGU6, STM32WBA54KGU6TR, STM32WBA54KGU7, STM32WBA54KGU7TR, STM32WBA55CEU6, STM32WBA55CEU6TR, STM32WBA55CEU7, STM32WBA55CEU7TR, STM32WBA55CGU6, STM32WBA55CGU6TR, STM32WBA55CGU6U, STM32WBA55CGU7, STM32WBA55CGU7TR, STM32WBA55G-DK1, STM32WBA55HEF6, STM32WBA55HEF7, STM32WBA55HGF6, STM32WBA55HGF7, STM32WBA55UEI6, STM32WBA55UEI6TR, STM32WBA55UEI7, STM32WBA55UEI7TR, STM32WBA55UGI6, STM32WBA55UGI6TR, STM32WBA55UGI7, STM32WBA55UGI7TR, STM32WBA5MJGH6TR, STM32WBA5MJGH6U, STM32WL33C8V6, STM32WL33C8V6TR, STM32WL33C8V7, STM32WL33C8V7TR, STM32WL33CBV6, STM32WL33CBV6TR, STM32WL33CBV7, STM32WL33CBV7TR, STM32WL33CCV6, STM32WL33CCV6TR, STM32WL33CCV7, STM32WL33CCV7A, STM32WL33CCV7ATR, STM32WL33CCV7TR, STM32WL33K8V6, STM32WL33K8V6TR, STM32WL33K8V7, STM32WL33K8V7TR, STM32WL33KBV6, STM32WL33KBV6TR, STM32WL33KBV7, STM32WL33KBV7TR, STM32WL33KCV6, STM32WL33KCV6TR, STM32WL33KCV7, STM32WL33KCV7TR, STM32WL5MOCH6, STM32WL5MOCH6TR]
2025-02-07 09:36:47,115 [INFO] DbMcus:218 - Found 4545 MCUs, 4545 are supported
2025-02-07 09:36:47,116 [INFO] ApiDb:423 - Load user favorites file C:\Users\lemon/.stm32cubeide/favorites.mcus.txt: 0 item(s)
2025-02-07 09:36:47,116 [INFO] ApiDb:427 - User favorites MCUs=[]
2025-02-07 09:36:47,116 [INFO] DbMcus:224 - Set 0 / 0 favorites MCUs
2025-02-07 09:36:47,440 [INFO] ApiDb:668 - CubeFinder database Data Model version=2.1
2025-02-07 09:36:47,440 [INFO] ApiDb:669 - CubeFinder database Configuration version=3.0.39
2025-02-07 09:36:47,440 [INFO] ApiDb:670 - CubeFinder database generation date=2024-12-31 (1735638994)
2025-02-07 09:36:47,440 [INFO] ApiDb:671 - CubeFinder database FW Pack versions=[FP-ATR-ASTRA1_V2.0.0, FP-SNS-FLIGHT1_V5.0.2, FP-SNS-MOTENV1_V5.0.0, FP-SNS-MOTENVWB1_V1.4.0, FP-SNS-SMARTAG2_V1.2.0, FP-SNS-STBOX1_V2.0.0, STM32Cube_FW_C0_V1.3.0, STM32Cube_FW_F4_V1.28.1, STM32Cube_FW_F7_V1.17.2, STM32Cube_FW_G0_V1.6.2, STM32Cube_FW_G4_V1.6.1, STM32Cube_FW_H5_V1.4.0, STM32Cube_FW_H7RS_V1.1.0, STM32Cube_FW_H7_V1.12.0, STM32Cube_FW_L0_V1.12.2, STM32Cube_FW_L4_V1.18.1, STM32Cube_FW_L5_V1.5.1, STM32Cube_FW_N6_V1.0.0, STM32Cube_FW_U0_V1.2.0, STM32Cube_FW_U3_V1.0.0, STM32Cube_FW_U5_V1.7.0, STM32Cube_FW_WB0_V1.1.0, STM32Cube_FW_WBA_V1.5.0, STM32Cube_FW_WB_V1.21.0, STM32Cube_FW_WL3_V1.0.0, STM32Cube_FW_WL_V1.3.0, X-CUBE-ALGOBUILD_V1.4.0, X-CUBE-ALS_V1.0.2, X-CUBE-AZRTOS-F4_V1.1.0, X-CUBE-AZRTOS-F7_V1.1.0, X-CUBE-AZRTOS-G0_V1.1.0, X-CUBE-AZRTOS-G4_V2.0.0, X-CUBE-AZRTOS-H7RS_V1.0.0, X-CUBE-AZRTOS-H7_V3.3.0, X-CUBE-AZRTOS-L4_V2.0.0, X-CUBE-AZRTOS-L5_V2.0.0, X-CUBE-AZRTOS-WB_V2.0.0, X-CUBE-AZRTOS-WL_V2.0.0, X-CUBE-BLE1_V7.0.0, X-CUBE-BLE2_V3.3.0, X-CUBE-BLEMGR_V4.0.0, X-CUBE-EEPRMA1_V5.1.0, X-CUBE-FREERTOS_V1.2.0, X-CUBE-GNSS1_V6.0.0, X-CUBE-MEMS1_V11.1.0, X-CUBE-NFC4_V3.0.0, X-CUBE-NFC7_V1.0.1, X-CUBE-SFXS2LP1_V4.0.0, X-CUBE-SUBG2_V5.0.0, X-CUBE-TOF1_V3.4.2]
2025-02-07 09:36:47,503 [INFO] DbBoardsSqlite:226 - include board P-NUCLEO-WB55-NUCLEO as a kit item of type 'Nucleo-64'
2025-02-07 09:36:47,504 [INFO] DbBoardsSqlite:226 - include board P-NUCLEO-WB55-USBDONGLE as a kit item of type 'Nucleo USB Dongle'
2025-02-07 09:36:47,504 [INFO] DbBoardsSqlite:226 - include board STEVAL-IDP005V1 as a kit item of type 'Evaluation Board'
2025-02-07 09:36:47,504 [INFO] DbBoardsSqlite:226 - include board STEVAL-IDP005V2 as a kit item of type 'Evaluation Board'
2025-02-07 09:36:47,570 [INFO] ApiDb:240 - Found 858 in-development CPN: [B-G473E-ZEST1S, B-WB1M-WPAN1, B-WBA5M-WPAN, B-WL5M-SUBG1, NUCLEO-C031C6, NUCLEO-C051C8, NUCLEO-C071RB, NUCLEO-C092RC, NUCLEO-H503RB, NUCLEO-H533RE, NUCLEO-H563ZI, NUCLEO-H7S3L8, NUCLEO-N657X0-Q, NUCLEO-U031R8, NUCLEO-U083RC, NUCLEO-U385RG-Q, NUCLEO-U545RE-Q, NUCLEO-U5A5ZJ-Q, NUCLEO-WB05KZ, NUCLEO-WB07CC, NUCLEO-WB09KE, NUCLEO-WBA52CG, NUCLEO-WBA55CG, NUCLEO-WL33CC1, NUCLEO-WL33CC2, STEVAL-PROTEUS1, STEVAL-SMARTAG2, STEVAL-STWINBX1, STM320518-EVAL, STM32C0116-DK, STM32C011D6Y3TR, STM32C011D6Y6TR, STM32C011F4P3, STM32C011F4P6, STM32C011F4U3, STM32C011F4U6TR, STM32C011F6P3, STM32C011F6P6, STM32C011F6U3, STM32C011F6U6TR, STM32C011J4M3, STM32C011J4M6, STM32C011J6M3, STM32C011J6M6, STM32C0316-DK, STM32C031C4T3, STM32C031C4T6, STM32C031C4U3, STM32C031C4U6, STM32C031C6T3, STM32C031C6T6, STM32C031C6U3, STM32C031C6U6, STM32C031F4P3, STM32C031F4P6, STM32C031F6P3, STM32C031F6P6, STM32C031G4U3, STM32C031G4U6, STM32C031G6U3, STM32C031G6U6, STM32C031K4T3, STM32C031K4T6, STM32C031K4U3, STM32C031K4U6, STM32C031K6T3, STM32C031K6T6, STM32C031K6U3, STM32C031K6U6, STM32C051C6T6, STM32C051C6U6, STM32C051C8T6, STM32C051C8U6, STM32C051D8Y6TR, STM32C051F6P6, STM32C051F8P6, STM32C051G6U6, STM32C051G8U6, STM32C051K6T6, STM32C051K6U6, STM32C051K8T6, STM32C071C8T6, STM32C071C8T6N, STM32C071C8U6, STM32C071C8U6N, STM32C071CBT6, STM32C071CBT6N, STM32C071CBU6, STM32C071CBU6N, STM32C071F8P6, STM32C071F8P6N, STM32C071FBP6, STM32C071FBP6N, STM32C071FBY6TR, STM32C071G8U6, STM32C071G8U6N, STM32C071GBU6, STM32C071GBU6N, STM32C071K8T6, STM32C071K8T6N, STM32C071K8U6, STM32C071K8U6N, STM32C071KBT6, STM32C071KBT6N, STM32C071KBU6, STM32C071KBU6N, STM32C071R8T6, STM32C071R8T6N, STM32C071RBI6N, STM32C071RBT6, STM32C071RBT6N, STM32C091CBT6, STM32C091CBU6, STM32C091CCT6, STM32C091CCU6, STM32C091ECY6TR, STM32C091FBP6, STM32C091FCP6, STM32C091GBU6, STM32C091GCU6, STM32C091KBT6, STM32C091KBU6, STM32C091KCT6, STM32C091KCU6, STM32C091RBT6, STM32C091RCI6, STM32C091RCT6, STM32C092CBT6, STM32C092CBU6, STM32C092CCT6, STM32C092CCU6, STM32C092ECY6TR, STM32C092FBP6, STM32C092FCP6, STM32C092GBU6, STM32C092GCU6, STM32C092KBT6, STM32C092KBU6, STM32C092KCT6, STM32C092KCU6, STM32C092RBT6, STM32C092RCI6, STM32C092RCT6, STM32G071K8TXN, STM32G071K8UXN, STM32G081GBU6N, STM32G081KBT6N, STM32G081KBUXN, STM32G0B1CCT6N, STM32G0B1KCT6, STM32G0B1NEY6TR, STM32G0B1RCT6N, STM32G0C1CCT6, STM32G0C1CCT6N, STM32G0C1CCU6N, STM32G0C1CET6N, STM32G0C1CEU6N, STM32G0C1KCT6, STM32G0C1NEY6TR, STM32G0C1RCI6N, STM32G0C1RCT6N, STM32G0C1REI6N, STM32G0C1RET6N, STM32G0C1VCI6, STM32G0C1VEI6, STM32G411C6T3, STM32G411C6T6, STM32G411C6U3, STM32G411C6U6, STM32G411C8T3, STM32G411C8T6, STM32G411C8U3, STM32G411C8U6, STM32G411CBT3, STM32G411CBT6, STM32G411CBU3, STM32G411CBU6, STM32G411CCT3, STM32G411CCT6, STM32G411CCU3, STM32G411CCU6, STM32G411K6T3, STM32G411K6T6, STM32G411K6U3, STM32G411K6U6, STM32G411K8T3, STM32G411K8T6, STM32G411K8U3, STM32G411K8U6, STM32G411KBT3, STM32G411KBT6, STM32G411KBU3, STM32G411KBU6, STM32G411M6T3, STM32G411M6T6, STM32G411M8T3, STM32G411M8T6, STM32G411MBT3, STM32G411MBT6, STM32G411MCT3, STM32G411MCT6, STM32G411R6T3, STM32G411R6T6, STM32G411R8T3, STM32G411R8T6, STM32G411RBT3, STM32G411RBT6, STM32G411RCT3, STM32G411RCT6, STM32G414CBT3, STM32G414CBT6, STM32G414CBU3, STM32G414CBU6, STM32G414CCT3, STM32G414CCT6, STM32G414CCU3, STM32G414CCU6, STM32G414MBT3, STM32G414MBT6, STM32G414MCT3, STM32G414MCT6, STM32G414RBT3, STM32G414RBT6, STM32G414RCT3, STM32G414RCT6, STM32G414VBT3, STM32G414VBT6, STM32G414VCT3, STM32G414VCT6, STM32G431CBT3Z, STM32G431RBT3Z, STM32G471CCT6, STM32G471CCU6, STM32G471CET3, STM32G471CET6, STM32G471CEU3, STM32G471CEU6, STM32G471MCT6, STM32G471MET3, STM32G471MET6, STM32G471MEY6TR, STM32G471QCT6, STM32G471QET3, STM32G471RCT6, STM32G471RET3, STM32G471RET6, STM32G471VCH6, STM32G471VCI6, STM32G471VCT6, STM32G471VEH3, STM32G471VEH6, STM32G471VEI3, STM32G471VEI6, STM32G471VET3, STM32G471VET6, STM32G473QET3Z, STM32G473RET3Z, STM32G474CCT6, STM32G491RET3Z, STM32H503CBT6, STM32H503CBU6, STM32H503EBY6TR, STM32H503KBU6, STM32H503RBT6, STM32H523CCT6, STM32H523CCU6, STM32H523CET6, STM32H523CEU6, STM32H523HEY6TR, STM32H523RCT6, STM32H523RET6, STM32H523VCI6, STM32H523VCT6, STM32H523VEI6, STM32H523VET6, STM32H523ZCJ6, STM32H523ZCT6, STM32H523ZEJ6, STM32H523ZET6, STM32H533CET6, STM32H533CEU6, STM32H533HEY6TR, STM32H533RET6, STM32H533VEI6, STM32H533VET6, STM32H533ZEJ6, STM32H533ZET6, STM32H562AGI6, STM32H562AII6, STM32H562IGK6, STM32H562IGT6, STM32H562IIK6, STM32H562IIT6, STM32H562RGT6, STM32H562RGV6, STM32H562RIT6, STM32H562RIV6, STM32H562VGT6, STM32H562VIT6, STM32H562ZGT6, STM32H562ZIT6, STM32H563AGI6, STM32H563AII3Q, STM32H563AII6, STM32H563IGK6, STM32H563IGT6, STM32H563IIK3Q, STM32H563IIK6, STM32H563IIT3Q, STM32H563IIT6, STM32H563MIY3QTR, STM32H563RGT6, STM32H563RGV6, STM32H563RIT6, STM32H563RIV6, STM32H563VGT6, STM32H563VIT3Q, STM32H563VIT6, STM32H563ZGT6, STM32H563ZIT3Q, STM32H563ZIT6, STM32H573AII3Q, STM32H573AII6, STM32H573I-DK, STM32H573IIK3Q, STM32H573IIK6, STM32H573IIT3Q, STM32H573IIT6, STM32H573MIY3QTR, STM32H573RIT6, STM32H573RIV6, STM32H573VIT3Q, STM32H573VIT6, STM32H573ZIT3Q, STM32H573ZIT6, STM32H7R3A8I6, STM32H7R3I8K6, STM32H7R3I8T6, STM32H7R3L8H6, STM32H7R3L8H6H, STM32H7R3R8V6, STM32H7R3V8H6, STM32H7R3V8T6, STM32H7R3V8Y6TR, STM32H7R3Z8J6, STM32H7R3Z8T6, STM32H7R7A8I6, STM32H7R7I8K6, STM32H7R7I8T6, STM32H7R7L8H6, STM32H7R7L8H6H, STM32H7R7Z8J6, STM32H7S3A8I6, STM32H7S3I8K6, STM32H7S3I8T6, STM32H7S3L8H6, STM32H7S3L8H6H, STM32H7S3R8V6, STM32H7S3V8H6, STM32H7S3V8T6, STM32H7S3V8Y6TR, STM32H7S3Z8J6, STM32H7S3Z8T6, STM32H7S78-DK, STM32H7S7A8I6, STM32H7S7I8K6, STM32H7S7I8T6, STM32H7S7L8H6, STM32H7S7L8H6H, STM32H7S7Z8J6, STM32L4R5QGI6STR, STM32MP131AAE3, STM32MP131AAF3, STM32MP131AAG3, STM32MP131CAE3, STM32MP131CAF3, STM32MP131CAG3, STM32MP131DAE7, STM32MP131DAF7, STM32MP131DAG7, STM32MP131FAE7, STM32MP131FAF7, STM32MP131FAG7, STM32MP133AAE3, STM32MP133AAF3, STM32MP133AAG3, STM32MP133CAE3, STM32MP133CAF3, STM32MP133CAG3, STM32MP133DAE7, STM32MP133DAF7, STM32MP133DAG7, STM32MP133FAE7, STM32MP133FAF7, STM32MP133FAG7, STM32MP135AAE3, STM32MP135AAF3, STM32MP135AAG3, STM32MP135CAE3, STM32MP135CAF3, STM32MP135CAG3, STM32MP135DAE7, STM32MP135DAF7, STM32MP135DAG7, STM32MP135F-DK, STM32MP135FAE7, STM32MP135FAF7, STM32MP135FAF7T, STM32MP135FAF7U, STM32MP135FAG7, STM32MP231AAJ3, STM32MP231AAK3, STM32MP231AAL3, STM32MP231CAJ3, STM32MP231CAK3, STM32MP231CAL3, STM32MP231DAJ3, STM32MP231DAK3, STM32MP231DAL3, STM32MP231FAJ3, STM32MP231FAK3, STM32MP231FAL3, STM32MP233AAJ3, STM32MP233AAK3, STM32MP233AAL3, STM32MP233CAJ3, STM32MP233CAK3, STM32MP233CAL3, STM32MP233DAJ3, STM32MP233DAK3, STM32MP233DAL3, STM32MP233FAJ3, STM32MP233FAK3, STM32MP233FAL3, STM32MP235AAJ3, STM32MP235AAK3, STM32MP235AAL3, STM32MP235CAJ3, STM32MP235CAK3, STM32MP235CAL3, STM32MP235DAJ3, STM32MP235DAK3, STM32MP235DAL3, STM32MP235FAJ3, STM32MP235FAK3, STM32MP235FAL3, STM32MP251AAI3, STM32MP251AAJ3, STM32MP251AAK3, STM32MP251AAL3, STM32MP251CAI3, STM32MP251CAJ3, STM32MP251CAK3, STM32MP251CAL3, STM32MP251DAI3, STM32MP251DAJ3, STM32MP251DAK3, STM32MP251DAL3, STM32MP251FAI3, STM32MP251FAJ3, STM32MP251FAK3, STM32MP251FAL3, STM32MP253AAI3, STM32MP253AAJ3, STM32MP253AAK3, STM32MP253AAL3, STM32MP253CAI3, STM32MP253CAJ3, STM32MP253CAK3, STM32MP253CAL3, STM32MP253DAI3, STM32MP253DAJ3, STM32MP253DAK3, STM32MP253DAL3, STM32MP253FAI3, STM32MP253FAJ3, STM32MP253FAK3, STM32MP253FAL3, STM32MP255AAI3, STM32MP255AAJ3, STM32MP255AAK3, STM32MP255AAL3, STM32MP255CAI3, STM32MP255CAJ3, STM32MP255CAK3, STM32MP255CAL3, STM32MP255DAI3, STM32MP255DAJ3, STM32MP255DAK3, STM32MP255DAL3, STM32MP255FAI3, STM32MP255FAJ3, STM32MP255FAK3, STM32MP255FAL3, STM32MP257AAI3, STM32MP257AAJ3, STM32MP257AAK3, STM32MP257AAL3, STM32MP257CAI3, STM32MP257CAJ3, STM32MP257CAK3, STM32MP257CAL3, STM32MP257DAI3, STM32MP257DAJ3, STM32MP257DAK3, STM32MP257DAL3, STM32MP257F-DK, STM32MP257F-EV1, STM32MP257FAI3, STM32MP257FAJ3, STM32MP257FAK3, STM32MP257FAL3, STM32N645A0H3Q, STM32N645B0H3Q, STM32N645I0H3Q, STM32N645L0H3Q, STM32N645X0H3Q, STM32N645Z0H3Q, STM32N647A0H3Q, STM32N647B0H3Q, STM32N647I0H3Q, STM32N647L0H3Q, STM32N647X0H3Q, STM32N647Z0H3Q, STM32N655A0H3Q, STM32N655B0H3Q, STM32N655I0H3Q, STM32N655L0H3Q, STM32N655X0H3Q, STM32N655Z0H3Q, STM32N6570-DK, STM32N657A0H3Q, STM32N657B0H3Q, STM32N657I0H3Q, STM32N657L0H3Q, STM32N657X0H3Q, STM32N657Z0H3Q, STM32U031C6T6, STM32U031C6U6, STM32U031C8T6, STM32U031C8U6, STM32U031F4P6, STM32U031F6P6, STM32U031F8P6, STM32U031G6Y6TR, STM32U031G8Y6TR, STM32U031K4U6, STM32U031K6U6, STM32U031K8U6, STM32U031R6I6, STM32U031R6T6, STM32U031R8I6, STM32U031R8T6, STM32U073C8T6, STM32U073C8U6, STM32U073CBT6, STM32U073CBU6, STM32U073CCT6, STM32U073CCU6, STM32U073H8Y6TR, STM32U073HBY6TR, STM32U073HCY6TR, STM32U073K8U6, STM32U073KBU6, STM32U073KCU6, STM32U073M8I6, STM32U073M8T6, STM32U073MBI6, STM32U073MBT6, STM32U073MCI6, STM32U073MCT6, STM32U073R8I6, STM32U073R8T6, STM32U073RBI6, STM32U073RBT6, STM32U073RCI6, STM32U073RCT6, STM32U083C-DK, STM32U083CCT6, STM32U083CCU6, STM32U083HCY6TR, STM32U083KCU6, STM32U083MCI6, STM32U083MCT6, STM32U083RCI6, STM32U083RCT6, STM32U375CET6, STM32U375CET6Q, STM32U375CEU6, STM32U375CEU6Q, STM32U375CEY6QTR, STM32U375CGT6, STM32U375CGT6Q, STM32U375CGU6, STM32U375CGU6Q, STM32U375CGY6QTR, STM32U375KEU6, STM32U375KGU6, STM32U375REI6, STM32U375REI6Q, STM32U375RET6, STM32U375RET6Q, STM32U375REY6GTR, STM32U375REY6QTR, STM32U375RGI6, STM32U375RGI6Q, STM32U375RGT6, STM32U375RGT6Q, STM32U375RGY6GTR, STM32U375RGY6QTR, STM32U375VEI6, STM32U375VEI6Q, STM32U375VET6, STM32U375VET6Q, STM32U375VGI6, STM32U375VGI6Q, STM32U375VGT6, STM32U375VGT6Q, STM32U385CGT6, STM32U385CGT6Q, STM32U385CGU6, STM32U385CGU6Q, STM32U385CGY6QTR, STM32U385KGU6, STM32U385RGI6, STM32U385RGI6Q, STM32U385RGT6, STM32U385RGT6Q, STM32U385RGY6GTR, STM32U385RGY6QTR, STM32U385VGI6, STM32U385VGI6Q, STM32U385VGT6, STM32U385VGT6Q, STM32U535CBT6, STM32U535CBT6Q, STM32U535CBU6, STM32U535CBU6Q, STM32U535CCT6, STM32U535CCT6Q, STM32U535CCU6, STM32U535CCU6Q, STM32U535CET6, STM32U535CET6Q, STM32U535CEU6, STM32U535CEU6Q, STM32U535JEY6QTR, STM32U535NCY6QTR, STM32U535NEY6QTR, STM32U535RBI6, STM32U535RBI6Q, STM32U535RBT6, STM32U535RBT6Q, STM32U535RCI6, STM32U535RCI6Q, STM32U535RCT6, STM32U535RCT6Q, STM32U535REI6, STM32U535REI6Q, STM32U535RET6, STM32U535RET6Q, STM32U535VCI6, STM32U535VCI6Q, STM32U535VCT6, STM32U535VCT6Q, STM32U535VEI6, STM32U535VEI6Q, STM32U535VET6, STM32U535VET6Q, STM32U545CET6, STM32U545CET6Q, STM32U545CEU6, STM32U545CEU6Q, STM32U545JEY6QTR, STM32U545NEY6QTR, STM32U545REI6, STM32U545REI6Q, STM32U545RET6, STM32U545RET6Q, STM32U545VEI6, STM32U545VEI6Q, STM32U545VET6, STM32U545VET6Q, STM32U595AIH6, STM32U595AIH6Q, STM32U595AJH6, STM32U595AJH6Q, STM32U595QII6, STM32U595QII6Q, STM32U595QJI6, STM32U595QJI6Q, STM32U595RIT6, STM32U595RIT6Q, STM32U595RJT6, STM32U595RJT6Q, STM32U595VIT6, STM32U595VIT6Q, STM32U595VJT6, STM32U595VJT6Q, STM32U595ZIT6, STM32U595ZIT6Q, STM32U595ZIY6QTR, STM32U595ZJT6, STM32U595ZJT6Q, STM32U595ZJY6QTR, STM32U599BJY6QTR, STM32U599NIH6Q, STM32U599NJH6Q, STM32U599VIT6Q, STM32U599VJT6, STM32U599VJT6Q, STM32U599ZIT6Q, STM32U599ZIY6QTR, STM32U599ZJT6Q, STM32U599ZJY6QTR, STM32U5A5AJH6, STM32U5A5AJH6Q, STM32U5A5QII3Q , STM32U5A5QJI6, STM32U5A5QJI6Q, STM32U5A5RJT6, STM32U5A5RJT6Q, STM32U5A5VJT6, STM32U5A5VJT6Q, STM32U5A5ZJT6, STM32U5A5ZJT6Q, STM32U5A5ZJY6QTR, STM32U5A9BJY6QTR, STM32U5A9J-DK, STM32U5A9NJH6Q, STM32U5A9VJT6Q, STM32U5A9ZJT6Q, STM32U5A9ZJY6QTR, STM32U5F7VIT6, STM32U5F7VIT6Q, STM32U5F7VJT6, STM32U5F7VJT6Q, STM32U5F9BJY6QTR, STM32U5F9NJH6Q, STM32U5F9VIT6Q, STM32U5F9VJT6Q, STM32U5F9ZIJ6QTR, STM32U5F9ZIT6Q, STM32U5F9ZJJ6QTR, STM32U5F9ZJT6Q, STM32U5G7VJT6, STM32U5G7VJT6Q, STM32U5G9BJY6QTR, STM32U5G9J-DK1, STM32U5G9J-DK2, STM32U5G9NJH6Q, STM32U5G9VJT6Q, STM32U5G9ZJJ6QTR, STM32U5G9ZJT6Q, STM32WB05KZV6TR, STM32WB05KZV7TR, STM32WB05TZF6TR, STM32WB05TZF7TR, STM32WB06CCF6TR, STM32WB06CCF7TR, STM32WB06CCV6TR, STM32WB06CCV7TR, STM32WB06KCV6TR, STM32WB06KCV7TR, STM32WB07CCF6TR, STM32WB07CCF7TR, STM32WB07CCV6TR, STM32WB07CCV7TR, STM32WB07KCV6TR, STM32WB07KCV7TR, STM32WB09KEV6TR, STM32WB09KEV7TR, STM32WB09TEF6TR, STM32WB09TEF7TR, STM32WB1MMCH6, STM32WBA50KGU6, STM32WBA50KGU6TR, STM32WBA52CEU6, STM32WBA52CEU6TR, STM32WBA52CEU7, STM32WBA52CEU7TR, STM32WBA52CGU6, STM32WBA52CGU6TR, STM32WBA52CGU6U, STM32WBA52CGU7, STM32WBA52CGU7TR, STM32WBA52KEU6, STM32WBA52KEU6TR, STM32WBA52KGU6, STM32WBA52KGU6TR, STM32WBA54CEU6, STM32WBA54CEU6TR, STM32WBA54CEU7, STM32WBA54CEU7TR, STM32WBA54CGU6, STM32WBA54CGU6TR, STM32WBA54CGU7, STM32WBA54CGU7TR, STM32WBA54KEU6, STM32WBA54KEU6TR, STM32WBA54KEU7, STM32WBA54KEU7TR, STM32WBA54KGU6, STM32WBA54KGU6TR, STM32WBA54KGU7, STM32WBA54KGU7TR, STM32WBA55CEU6, STM32WBA55CEU6TR, STM32WBA55CEU7, STM32WBA55CEU7TR, STM32WBA55CGU6, STM32WBA55CGU6TR, STM32WBA55CGU6U, STM32WBA55CGU7, STM32WBA55CGU7TR, STM32WBA55G-DK1, STM32WBA55HEF6, STM32WBA55HEF7, STM32WBA55HGF6, STM32WBA55HGF7, STM32WBA55UEI6, STM32WBA55UEI6TR, STM32WBA55UEI7, STM32WBA55UEI7TR, STM32WBA55UGI6, STM32WBA55UGI6TR, STM32WBA55UGI7, STM32WBA55UGI7TR, STM32WBA5MJGH6TR, STM32WBA5MJGH6U, STM32WL33C8V6, STM32WL33C8V6TR, STM32WL33C8V7, STM32WL33C8V7TR, STM32WL33CBV6, STM32WL33CBV6TR, STM32WL33CBV7, STM32WL33CBV7TR, STM32WL33CCV6, STM32WL33CCV6TR, STM32WL33CCV7, STM32WL33CCV7A, STM32WL33CCV7ATR, STM32WL33CCV7TR, STM32WL33K8V6, STM32WL33K8V6TR, STM32WL33K8V7, STM32WL33K8V7TR, STM32WL33KBV6, STM32WL33KBV6TR, STM32WL33KBV7, STM32WL33KBV7TR, STM32WL33KCV6, STM32WL33KCV6TR, STM32WL33KCV7, STM32WL33KCV7TR, STM32WL5MOCH6, STM32WL5MOCH6TR]
2025-02-07 09:36:47,726 [INFO] BoardInfo:889 - No configuration file found for board P-NUCLEO-WB55
2025-02-07 09:36:47,726 [INFO] DbBoards:161 - Kit is not supported: P-NUCLEO-WB55
2025-02-07 09:36:47,731 [INFO] BoardInfo:889 - No configuration file found for board STEVAL-BFA001V1B
2025-02-07 09:36:47,731 [INFO] DbBoards:161 - Kit is not supported: STEVAL-BFA001V1B
2025-02-07 09:36:47,732 [INFO] BoardInfo:889 - No configuration file found for board STEVAL-BFA001V2B
2025-02-07 09:36:47,732 [INFO] DbBoards:161 - Kit is not supported: STEVAL-BFA001V2B
2025-02-07 09:36:47,836 [INFO] DbBoards:168 - Found 209 boards, 206 are supported
2025-02-07 09:36:47,836 [INFO] DbBoards:169 - Found 209 boards, 42 of them is supported for  Bsp
2025-02-07 09:36:47,840 [INFO] ApiDb:423 - Load user favorites file C:\Users\lemon/.stm32cubeide/favorites.boards.txt: 0 item(s)
2025-02-07 09:36:47,840 [INFO] ApiDb:427 - User favorites Boards=[]
2025-02-07 09:36:47,840 [INFO] DbBoards:198 - Set 0 / 0 favorites Boards
2025-02-07 09:36:47,842 [INFO] ApiDb:668 - CubeFinder database Data Model version=2.1
2025-02-07 09:36:47,842 [INFO] ApiDb:669 - CubeFinder database Configuration version=3.0.39
2025-02-07 09:36:47,842 [INFO] ApiDb:670 - CubeFinder database generation date=2024-12-31 (1735638994)
2025-02-07 09:36:47,842 [INFO] ApiDb:671 - CubeFinder database FW Pack versions=[FP-ATR-ASTRA1_V2.0.0, FP-SNS-FLIGHT1_V5.0.2, FP-SNS-MOTENV1_V5.0.0, FP-SNS-MOTENVWB1_V1.4.0, FP-SNS-SMARTAG2_V1.2.0, FP-SNS-STBOX1_V2.0.0, STM32Cube_FW_C0_V1.3.0, STM32Cube_FW_F4_V1.28.1, STM32Cube_FW_F7_V1.17.2, STM32Cube_FW_G0_V1.6.2, STM32Cube_FW_G4_V1.6.1, STM32Cube_FW_H5_V1.4.0, STM32Cube_FW_H7RS_V1.1.0, STM32Cube_FW_H7_V1.12.0, STM32Cube_FW_L0_V1.12.2, STM32Cube_FW_L4_V1.18.1, STM32Cube_FW_L5_V1.5.1, STM32Cube_FW_N6_V1.0.0, STM32Cube_FW_U0_V1.2.0, STM32Cube_FW_U3_V1.0.0, STM32Cube_FW_U5_V1.7.0, STM32Cube_FW_WB0_V1.1.0, STM32Cube_FW_WBA_V1.5.0, STM32Cube_FW_WB_V1.21.0, STM32Cube_FW_WL3_V1.0.0, STM32Cube_FW_WL_V1.3.0, X-CUBE-ALGOBUILD_V1.4.0, X-CUBE-ALS_V1.0.2, X-CUBE-AZRTOS-F4_V1.1.0, X-CUBE-AZRTOS-F7_V1.1.0, X-CUBE-AZRTOS-G0_V1.1.0, X-CUBE-AZRTOS-G4_V2.0.0, X-CUBE-AZRTOS-H7RS_V1.0.0, X-CUBE-AZRTOS-H7_V3.3.0, X-CUBE-AZRTOS-L4_V2.0.0, X-CUBE-AZRTOS-L5_V2.0.0, X-CUBE-AZRTOS-WB_V2.0.0, X-CUBE-AZRTOS-WL_V2.0.0, X-CUBE-BLE1_V7.0.0, X-CUBE-BLE2_V3.3.0, X-CUBE-BLEMGR_V4.0.0, X-CUBE-EEPRMA1_V5.1.0, X-CUBE-FREERTOS_V1.2.0, X-CUBE-GNSS1_V6.0.0, X-CUBE-MEMS1_V11.1.0, X-CUBE-NFC4_V3.0.0, X-CUBE-NFC7_V1.0.1, X-CUBE-SFXS2LP1_V4.0.0, X-CUBE-SUBG2_V5.0.0, X-CUBE-TOF1_V3.4.2]
2025-02-07 09:36:48,612 [ERROR] DbExamplesSqlite:437 - Missing JSON key: board_cpn
2025-02-07 09:36:48,612 [ERROR] DbExamplesSqlite:437 - Missing JSON key: board_cpn
2025-02-07 09:36:48,612 [ERROR] DbExamplesSqlite:437 - Missing JSON key: board_cpn
2025-02-07 09:36:48,613 [ERROR] DbExamplesSqlite:437 - Missing JSON key: board_cpn
2025-02-07 09:36:48,745 [ERROR] DbExamplesSqlite:437 - Missing JSON key: board_cpn
2025-02-07 09:36:48,746 [ERROR] DbExamplesSqlite:437 - Missing JSON key: board_cpn
2025-02-07 09:36:48,746 [ERROR] DbExamplesSqlite:437 - Missing JSON key: board_cpn
2025-02-07 09:36:48,746 [ERROR] DbExamplesSqlite:437 - Missing JSON key: board_cpn
2025-02-07 09:36:48,746 [ERROR] DbExamplesSqlite:437 - Missing JSON key: board_cpn
2025-02-07 09:36:48,746 [ERROR] DbExamplesSqlite:437 - Missing JSON key: board_cpn
2025-02-07 09:36:48,746 [ERROR] DbExamplesSqlite:437 - Missing JSON key: board_cpn
2025-02-07 09:36:48,746 [ERROR] DbExamplesSqlite:437 - Missing JSON key: board_cpn
2025-02-07 09:36:48,748 [ERROR] DbExamplesSqlite:437 - Missing JSON key: board_cpn
2025-02-07 09:36:48,887 [ERROR] DbExamplesSqlite:437 - Missing JSON key: board_cpn
2025-02-07 09:36:48,888 [INFO] DbExamplesSqlite:395 - Ignored 77 examples not supported by CubeIDE
2025-02-07 09:36:48,888 [INFO] DbExamplesSqlite:396 - Found 10475 examples active
2025-02-07 09:36:48,888 [INFO] DbExamplesSqlite:397 - Found 0 examples obsolete
2025-02-07 09:36:48,888 [INFO] DbExamplesSqlite:398 - Found 0 examples under development
2025-02-07 09:36:48,888 [INFO] DbExamplesSqlite:399 - Found 43 examples not building
2025-02-07 09:36:48,904 [INFO] DbExamples:125 - Found 10441 examples
2025-02-07 09:36:48,924 [ERROR] DbExamples:208 - Found 3 examples with invalid data (board or MCU)
2025-02-07 09:36:48,924 [INFO] DbExamples:222 - Found 132 boards with related examples
2025-02-07 09:36:48,926 [INFO] DbExamples:235 - Found 109 MCUs with related examples
2025-02-07 09:36:48,946 [INFO] ApiDb:423 - Load user favorites file C:\Users\lemon/.stm32cubeide/favorites.examples.txt: 0 item(s)
2025-02-07 09:36:48,946 [INFO] ApiDb:427 - User favorites Examples=[]
2025-02-07 09:36:48,946 [INFO] DbExamples:250 - Set 0 / 0 favorites Examples
2025-02-07 09:36:49,081 [INFO] McuFinderGlobals:76 - Set McuFinderConnectedMode to true
2025-02-07 09:36:49,086 [INFO] MultiScanPanel:200 - Auto-refresh data requested => check proxy status ongoing
2025-02-07 09:36:49,089 [INFO] FinderPluginLoader:95 - Searching for filters in installed packs
2025-02-07 09:36:50,401 [INFO] LoadUrlFilesThread:185 - End of LoadServerUrlFiles without Thread
2025-02-07 09:36:50,429 [INFO] DetailPanel:341 - Set advertising image to C:/Users/lemon/STM32Cube/Repository/\en.prom-stm32n6-mcu-finder.png
2025-02-07 09:37:14,231 [INFO] MainUpdater:2872 - connection check result : 10
2025-02-07 09:37:14,231 [INFO] MainUpdater:2872 - connection check result : 10
2025-02-07 09:37:14,247 [INFO] MicroXplorer:468 - Change Database Path : 
2025-02-07 09:37:14,247 [INFO] MicroXplorer:498 - Change Database Version : DB.6.0.130
2025-02-07 09:37:14,252 [WARN] ThirdParty:871 - waiting for thirdparty lock release [close project]
2025-02-07 09:37:14,252 [INFO] ThirdParty:873 - entering critical section [close project]
2025-02-07 09:37:14,252 [INFO] ThirdParty:883 - exiting critical section [close project]
2025-02-07 09:37:14,254 [INFO] PinOutPanel:1589 - setPackage(No Configuration,No Configuration)
2025-02-07 09:37:14,258 [INFO] UtilMem:75 - Begin LoadConfig() Used Memory: 353185912 Bytes (580911104)
2025-02-07 09:37:14,259 [INFO] MicroXplorer:468 - Change Database Path : 
2025-02-07 09:37:14,259 [INFO] MicroXplorer:498 - Change Database Version : DB.6.0.130
2025-02-07 09:37:14,260 [INFO] OpenFileManager:332 - Change cursor
2025-02-07 09:37:14,357 [INFO] Mcu:2035 - Initializing MCU STM32G474VETx STM32G474VETx STM32G474VET6
2025-02-07 09:37:18,953 [INFO] Context:748 - Trying to add GPIOservice into a context  which must be forbidden
2025-02-07 09:37:20,483 [INFO] ImportTextPane:218 - (OptionalMessage_ERROR) Unable to find key (Mcu.ThirdPartyNb) in loaded IOC file
2025-02-07 09:37:20,484 [INFO] ImportTextPane:218 - (OptionalMessage_ERROR) Unable to find key (Mcu.PinsNb) in loaded IOC file
2025-02-07 09:37:20,484 [INFO] ImportTextPane:218 - (OptionalMessage_ERROR) Unable to find key (Mcu.IPNb) in loaded IOC file
2025-02-07 09:37:20,596 [INFO] RtosManager:555 - Registered RTOS mode: class=CMSIS, group=RTOS, mode=CMSIS_V1, owner=FREERTOS
2025-02-07 09:37:20,596 [INFO] RtosManager:555 - Registered RTOS mode: class=CMSIS, group=RTOS2, mode=CMSIS_V2, owner=FREERTOS
2025-02-07 09:37:20,596 [INFO] RtosManager:555 - Registered RTOS mode: class=RTOS, group=Core, mode=CMSIS_V1, owner=FREERTOS
2025-02-07 09:37:20,596 [INFO] RtosManager:555 - Registered RTOS mode: class=RTOS, group=Core, mode=CMSIS_V2, owner=FREERTOS
2025-02-07 09:37:20,596 [WARN] ModelIntegratedComponent:184 - Missing modes for component STMicroelectronics:FreeRTOS:0.0.1:STMicroelectronics:RTOS:FreeRTOS:Core:::10.2.0:
2025-02-07 09:37:20,614 [WARN] ModelIntegratedComponent:63 - No mode defined for component null
2025-02-07 09:37:20,614 [WARN] ModelIntegratedComponent:63 - No mode defined for component null
2025-02-07 09:37:20,614 [WARN] ModelIntegratedComponent:63 - No mode defined for component null
2025-02-07 09:37:20,614 [WARN] ModelIntegratedComponent:63 - No mode defined for component null
2025-02-07 09:37:20,614 [WARN] ModelIntegratedComponent:63 - No mode defined for component null
2025-02-07 09:37:20,614 [WARN] ModelIntegratedComponent:63 - No mode defined for component null
2025-02-07 09:37:20,614 [WARN] ModelIntegratedComponent:63 - No mode defined for component null
2025-02-07 09:37:20,614 [WARN] ModelIntegratedComponent:63 - No mode defined for component null
2025-02-07 09:37:20,614 [WARN] ModelIntegratedComponent:63 - No mode defined for component null
2025-02-07 09:37:20,614 [WARN] ModelIntegratedComponent:63 - No mode defined for component null
2025-02-07 09:37:20,614 [WARN] ModelIntegratedComponent:63 - No mode defined for component null
2025-02-07 09:37:20,614 [WARN] ModelIntegratedComponent:63 - No mode defined for component null
2025-02-07 09:37:20,614 [WARN] ModelIntegratedComponent:63 - No mode defined for component null
2025-02-07 09:37:20,614 [WARN] ModelIntegratedComponent:63 - No mode defined for component null
2025-02-07 09:37:20,614 [WARN] ModelIntegratedComponent:63 - No mode defined for component null
2025-02-07 09:37:20,614 [WARN] ModelIntegratedComponent:63 - No mode defined for component null
2025-02-07 09:37:20,614 [WARN] ModelIntegratedComponent:63 - No mode defined for component null
2025-02-07 09:37:20,614 [WARN] ModelIntegratedComponent:63 - No mode defined for component null
2025-02-07 09:37:20,614 [WARN] ModelIntegratedComponent:63 - No mode defined for component null
2025-02-07 09:37:20,614 [WARN] ModelIntegratedComponent:63 - No mode defined for component null
2025-02-07 09:37:20,614 [WARN] ModelIntegratedComponent:63 - No mode defined for component null
2025-02-07 09:37:20,614 [WARN] ModelIntegratedComponent:63 - No mode defined for component null
2025-02-07 09:37:20,614 [WARN] ModelIntegratedComponent:63 - No mode defined for component null
2025-02-07 09:37:20,614 [WARN] ModelIntegratedComponent:63 - No mode defined for component null
2025-02-07 09:37:20,614 [WARN] ModelIntegratedComponent:63 - No mode defined for component null
2025-02-07 09:37:20,614 [WARN] ModelIntegratedComponent:63 - No mode defined for component null
2025-02-07 09:37:20,614 [WARN] ModelIntegratedComponent:63 - No mode defined for component null
2025-02-07 09:37:20,614 [WARN] ModelIntegratedComponent:63 - No mode defined for component null
2025-02-07 09:37:20,615 [WARN] ModelIntegratedComponent:63 - No mode defined for component null
2025-02-07 09:37:20,615 [WARN] ModelIntegratedComponent:63 - No mode defined for component null
2025-02-07 09:37:20,615 [WARN] ModelIntegratedComponent:63 - No mode defined for component null
2025-02-07 09:37:20,615 [WARN] ModelIntegratedComponent:63 - No mode defined for component null
2025-02-07 09:37:20,615 [WARN] ModelIntegratedComponent:63 - No mode defined for component null
2025-02-07 09:37:20,615 [WARN] ModelIntegratedComponent:63 - No mode defined for component null
2025-02-07 09:37:20,615 [WARN] ModelIntegratedComponent:63 - No mode defined for component null
2025-02-07 09:37:20,615 [WARN] ModelPack:524 - Component already loaded: STMicroelectronics:HAL Drivers:0.0.0:STMicroelectronics:Device:STMicro_Driver:XSPI:HAL::0.0.1:HAL_XSPI
2025-02-07 09:37:20,633 [INFO] ThirdPartyModel:298 - Start build external matchings
2025-02-07 09:37:20,724 [INFO] ThirdPartyModel:316 - End build external matchings
2025-02-07 09:37:21,165 [INFO] UtilMem:75 - End LoadConfig() Used Memory: 456037120 Bytes (905969664)
2025-02-07 09:37:21,272 [WARN] ThirdParty:833 - waiting for thirdparty lock release [change project]
2025-02-07 09:37:21,273 [INFO] ThirdParty:835 - entering critical section [change project]
2025-02-07 09:37:21,273 [INFO] ThirdParty:1030 - CMSIS Pack Vendor :STMicroelectronics USBPD 4.1
2025-02-07 09:37:21,273 [INFO] ThirdParty:1030 - CMSIS Pack Vendor :STMicroelectronics X-CUBE-AZRTOS-H7 3.3.0
2025-02-07 09:37:21,273 [INFO] ThirdParty:1030 - CMSIS Pack Vendor :STMicroelectronics X-CUBE-NFC9 1.0.0
2025-02-07 09:37:21,273 [INFO] ThirdParty:1030 - CMSIS Pack Vendor :STMicroelectronics USB_HOST 2.0.0
2025-02-07 09:37:21,273 [INFO] ThirdParty:1030 - CMSIS Pack Vendor :STMicroelectronics FP-SNS-MOTENVWB1 1.4.0
2025-02-07 09:37:21,273 [INFO] ThirdParty:1030 - CMSIS Pack Vendor :STMicroelectronics X-CUBE-AZRTOS-F4 1.1.0
2025-02-07 09:37:21,273 [INFO] ThirdParty:1030 - CMSIS Pack Vendor :STMicroelectronics LIBJPEG 8.0.0
2025-02-07 09:37:21,273 [INFO] ThirdParty:1030 - CMSIS Pack Vendor :STMicroelectronics X-CUBE-SMBUS 2.1.0
2025-02-07 09:37:21,273 [INFO] ThirdParty:1030 - CMSIS Pack Vendor :STMicroelectronics X-CUBE-WB05N 1.1.0
2025-02-07 09:37:21,273 [INFO] ThirdParty:1030 - CMSIS Pack Vendor :STMicroelectronics USB_DEVICE 3.0.0
2025-02-07 09:37:21,273 [INFO] ThirdParty:1030 - CMSIS Pack Vendor :STMicroelectronics X-CUBE-ISPU 2.1.0
2025-02-07 09:37:21,273 [INFO] ThirdParty:1030 - CMSIS Pack Vendor :STMicroelectronics X-CUBE-AZRTOS-WB 2.0.0
2025-02-07 09:37:21,273 [INFO] ThirdParty:1030 - CMSIS Pack Vendor :STMicroelectronics X-CUBE-AZRTOS-F7 1.1.0
2025-02-07 09:37:21,273 [INFO] ThirdParty:1030 - CMSIS Pack Vendor :STMicroelectronics X-CUBE-AZRTOS-L5 2.0.0
2025-02-07 09:37:21,273 [INFO] ThirdParty:1030 - CMSIS Pack Vendor :STMicroelectronics USB_DEVICE 2.0.0
2025-02-07 09:37:21,273 [INFO] ThirdParty:1030 - CMSIS Pack Vendor :STMicroelectronics X-CUBE-NFC6 3.1.0
2025-02-07 09:37:21,273 [INFO] ThirdParty:1030 - CMSIS Pack Vendor :STMicroelectronics FP-SNS-STBOX1 2.0.0
2025-02-07 09:37:21,273 [INFO] ThirdParty:1030 - CMSIS Pack Vendor :STMicroelectronics FreeRTOS 0.0.1
2025-02-07 09:37:21,273 [INFO] ThirdParty:1030 - CMSIS Pack Vendor :STMicroelectronics X-CUBE-AZRTOS-G0 1.1.0
2025-02-07 09:37:21,273 [INFO] ThirdParty:1030 - CMSIS Pack Vendor :STMicroelectronics X-CUBE-SAFEA1 1.2.2
2025-02-07 09:37:21,273 [INFO] ThirdParty:1030 - CMSIS Pack Vendor :STMicroelectronics X-CUBE-NFC4 3.0.0
2025-02-07 09:37:21,273 [INFO] ThirdParty:1030 - CMSIS Pack Vendor :STMicroelectronics X-CUBE-DPower 1.2.0
2025-02-07 09:37:21,273 [INFO] ThirdParty:1030 - CMSIS Pack Vendor :STMicroelectronics X-CUBE-SUBG2 5.0.0
2025-02-07 09:37:21,273 [INFO] ThirdParty:1030 - CMSIS Pack Vendor :STMicroelectronics STM32_WPAN 1.0.0
2025-02-07 09:37:21,273 [INFO] ThirdParty:1030 - CMSIS Pack Vendor :EmbeddedOffice I-CUBE-FS-RTOS 1.0.1
2025-02-07 09:37:21,273 [INFO] ThirdParty:1030 - CMSIS Pack Vendor :STMicroelectronics lwIP 2.0.3
2025-02-07 09:37:21,273 [INFO] ThirdParty:1030 - CMSIS Pack Vendor :STMicroelectronics FP-SNS-FLIGHT1 5.0.2
2025-02-07 09:37:21,273 [INFO] ThirdParty:1030 - CMSIS Pack Vendor :Cesanta I-CUBE-Mongoose 7.13.0
2025-02-07 09:37:21,273 [INFO] ThirdParty:1030 - CMSIS Pack Vendor :STMicroelectronics USB_HOST 1.0.0
2025-02-07 09:37:21,273 [INFO] ThirdParty:1030 - CMSIS Pack Vendor :STMicroelectronics X-CUBE-AZRTOS-G4 2.0.0
2025-02-07 09:37:21,273 [INFO] ThirdParty:1030 - CMSIS Pack Vendor :STMicroelectronics PDM2PCM 3.1.0
2025-02-07 09:37:21,274 [INFO] ThirdParty:1030 - CMSIS Pack Vendor :STMicroelectronics PDM2PCM 3.3.0
2025-02-07 09:37:21,274 [INFO] ThirdParty:1030 - CMSIS Pack Vendor :STMicroelectronics X-CUBE-DISPLAY 3.0.0
2025-02-07 09:37:21,274 [INFO] ThirdParty:1030 - CMSIS Pack Vendor :RealThread X-CUBE-RT-Thread_Nano 4.1.1
2025-02-07 09:37:21,274 [INFO] ThirdParty:1030 - CMSIS Pack Vendor :STMicroelectronics X-CUBE-BLE1 7.0.0
2025-02-07 09:37:21,274 [INFO] ThirdParty:1030 - CMSIS Pack Vendor :STMicroelectronics FP-ATR-SIGFOX1 3.2.0
2025-02-07 09:37:21,274 [INFO] ThirdParty:1030 - CMSIS Pack Vendor :STMicroelectronics X-CUBE-NFC10 1.0.0
2025-02-07 09:37:21,274 [INFO] ThirdParty:1030 - CMSIS Pack Vendor :quantropi X-CUBE-qispace-sdk-base 1.9.3
2025-02-07 09:37:21,274 [INFO] ThirdParty:1030 - CMSIS Pack Vendor :STMicroelectronics X-CUBE-EEPRMA1 5.1.0
2025-02-07 09:37:21,274 [INFO] ThirdParty:1030 - CMSIS Pack Vendor :STMicroelectronics HAL Drivers 0.0.0
2025-02-07 09:37:21,274 [INFO] ThirdParty:1030 - CMSIS Pack Vendor :STMicroelectronics MBEDTLS 2.16.2
2025-02-07 09:37:21,274 [INFO] ThirdParty:1030 - CMSIS Pack Vendor :STMicroelectronics X-CUBE-ALS 1.0.2
2025-02-07 09:37:21,274 [INFO] ThirdParty:1030 - CMSIS Pack Vendor :STMicroelectronics X-CUBE-NFC7 1.0.1
2025-02-07 09:37:21,274 [INFO] ThirdParty:1030 - CMSIS Pack Vendor :STMicroelectronics MBEDTLS 2.14.1
2025-02-07 09:37:21,274 [INFO] ThirdParty:1030 - CMSIS Pack Vendor :portGmbH I-Cube-SoM-uGOAL 1.1.0
2025-02-07 09:37:21,274 [INFO] ThirdParty:1030 - CMSIS Pack Vendor :STMicroelectronics X-CUBE-AI 10.0.0
2025-02-07 09:37:21,274 [INFO] ThirdParty:1030 - CMSIS Pack Vendor :STMicroelectronics ThreadX 1.0.0
2025-02-07 09:37:21,274 [INFO] ThirdParty:1030 - CMSIS Pack Vendor :STMicroelectronics FP-SNS-SMARTAG2 1.2.0
2025-02-07 09:37:21,274 [INFO] ThirdParty:1030 - CMSIS Pack Vendor :STMicroelectronics X-CUBE-AZRTOS-WL 2.0.0
2025-02-07 09:37:21,274 [INFO] ThirdParty:1030 - CMSIS Pack Vendor :SEGGER I-CUBE-embOS 1.3.1
2025-02-07 09:37:21,274 [INFO] ThirdParty:1030 - CMSIS Pack Vendor :STMicroelectronics X-CUBE-ALGOBUILD 1.4.0
2025-02-07 09:37:21,274 [INFO] ThirdParty:1030 - CMSIS Pack Vendor :STMicroelectronics FP-SNS-MOTENV1 5.0.0
2025-02-07 09:37:21,274 [INFO] ThirdParty:1030 - CMSIS Pack Vendor :STMicroelectronics USB_DEVICE 1.0.0
2025-02-07 09:37:21,274 [INFO] ThirdParty:1030 - CMSIS Pack Vendor :STMicroelectronics X-CUBE-AZRTOS-H7RS 1.0.0
2025-02-07 09:37:21,274 [INFO] ThirdParty:1030 - CMSIS Pack Vendor :wolfSSL I-CUBE-wolfMQTT 1.19.0
2025-02-07 09:37:21,274 [INFO] ThirdParty:1030 - CMSIS Pack Vendor :STMicroelectronics X-CUBE-AZRTOS-L4 2.0.0
2025-02-07 09:37:21,274 [INFO] ThirdParty:1030 - CMSIS Pack Vendor :STMicroelectronics ThreadX 0.0.2
2025-02-07 09:37:21,274 [INFO] ThirdParty:1030 - CMSIS Pack Vendor :STMicroelectronics lwIP 2.1.2
2025-02-07 09:37:21,274 [INFO] ThirdParty:1030 - CMSIS Pack Vendor :STMicroelectronics X-CUBE-SFXS2LP1 4.0.0
2025-02-07 09:37:21,274 [INFO] ThirdParty:1030 - CMSIS Pack Vendor :STMicroelectronics X-CUBE-BLE2 3.3.0
2025-02-07 09:37:21,274 [INFO] ThirdParty:1030 - CMSIS Pack Vendor :STMicroelectronics X-CUBE-TOF1 3.4.2
2025-02-07 09:37:21,274 [INFO] ThirdParty:1030 - CMSIS Pack Vendor :STMicroelectronics X-CUBE-AI 9.1.0
2025-02-07 09:37:21,274 [INFO] ThirdParty:1030 - CMSIS Pack Vendor :STMicroelectronics PDM2PCM 3.2.0
2025-02-07 09:37:21,274 [INFO] ThirdParty:1030 - CMSIS Pack Vendor :wolfSSL I-CUBE-wolfSSH 1.4.17
2025-02-07 09:37:21,274 [INFO] ThirdParty:841 - exiting critical section [change project]
2025-02-07 09:37:21,729 [INFO] PinOutPanel:1589 - setPackage(No Configuration,No Configuration)
2025-02-07 09:37:21,730 [INFO] PinOutPanel:1589 - setPackage(STM32G474VETx,LQFP100)
2025-02-07 09:37:22,196 [INFO] UtilMem:75 - Before build in PCC Used Memory: 758085128 Bytes (905969664)
2025-02-07 09:37:23,276 [INFO] UtilMem:75 - After build in PCC Used Memory: 441817576 Bytes (905969664)
2025-02-07 09:37:23,310 [INFO] IPUIPlugin:80 - create IPUIPlugin
2025-02-07 09:37:23,310 [INFO] IPUIPlugin:80 - create IPUIPlugin
2025-02-07 09:37:23,310 [INFO] IPUIPlugin:80 - create IPUIPlugin
2025-02-07 09:37:23,310 [INFO] IPUIPlugin:80 - create IPUIPlugin
2025-02-07 09:37:23,310 [INFO] IPUIPlugin:80 - create IPUIPlugin
2025-02-07 09:37:23,310 [INFO] IPUIPlugin:80 - create IPUIPlugin
2025-02-07 09:37:23,310 [INFO] IPUIPlugin:80 - create IPUIPlugin
2025-02-07 09:37:23,310 [INFO] IPUIPlugin:80 - create IPUIPlugin
2025-02-07 09:37:23,311 [INFO] IPUIPlugin:80 - create IPUIPlugin
2025-02-07 09:37:23,311 [INFO] IPUIPlugin:80 - create IPUIPlugin
2025-02-07 09:37:23,311 [INFO] IPUIPlugin:80 - create IPUIPlugin
2025-02-07 09:37:23,311 [INFO] IPUIPlugin:80 - create IPUIPlugin
2025-02-07 09:37:23,312 [INFO] IPUIPlugin:80 - create IPUIPlugin
2025-02-07 09:37:23,312 [INFO] IPUIPlugin:80 - create IPUIPlugin
2025-02-07 09:37:23,312 [INFO] IPUIPlugin:80 - create IPUIPlugin
2025-02-07 09:37:23,312 [INFO] IPUIPlugin:80 - create IPUIPlugin
2025-02-07 09:37:23,312 [INFO] IPUIPlugin:80 - create IPUIPlugin
2025-02-07 09:37:23,313 [INFO] IPUIPlugin:80 - create IPUIPlugin
2025-02-07 09:37:23,313 [INFO] IPUIPlugin:80 - create IPUIPlugin
2025-02-07 09:37:23,313 [INFO] IPUIPlugin:80 - create IPUIPlugin
2025-02-07 09:37:23,313 [INFO] IPUIPlugin:80 - create IPUIPlugin
2025-02-07 09:37:23,313 [INFO] IPUIPlugin:80 - create IPUIPlugin
2025-02-07 09:37:23,313 [INFO] IPUIPlugin:80 - create IPUIPlugin
2025-02-07 09:37:23,313 [INFO] IPUIPlugin:80 - create IPUIPlugin
2025-02-07 09:37:23,313 [INFO] IPUIPlugin:80 - create IPUIPlugin
2025-02-07 09:37:23,314 [INFO] IPUIPlugin:80 - create IPUIPlugin
2025-02-07 09:37:23,314 [INFO] IPUIPlugin:80 - create IPUIPlugin
2025-02-07 09:37:23,314 [INFO] IPUIPlugin:80 - create IPUIPlugin
2025-02-07 09:37:23,314 [INFO] IPUIPlugin:80 - create IPUIPlugin
2025-02-07 09:37:23,314 [INFO] IPUIPlugin:80 - create IPUIPlugin
2025-02-07 09:37:23,314 [INFO] IPUIPlugin:80 - create IPUIPlugin
2025-02-07 09:37:23,314 [INFO] IPUIPlugin:80 - create IPUIPlugin
2025-02-07 09:37:23,314 [INFO] IPUIPlugin:80 - create IPUIPlugin
2025-02-07 09:37:23,315 [INFO] IPUIPlugin:80 - create IPUIPlugin
2025-02-07 09:37:23,315 [INFO] IPUIPlugin:80 - create IPUIPlugin
2025-02-07 09:37:23,315 [INFO] IPUIPlugin:80 - create IPUIPlugin
2025-02-07 09:37:23,315 [INFO] IPUIPlugin:80 - create IPUIPlugin
2025-02-07 09:37:23,315 [INFO] IPUIPlugin:80 - create IPUIPlugin
2025-02-07 09:37:23,315 [INFO] IPUIPlugin:80 - create IPUIPlugin
2025-02-07 09:37:23,316 [INFO] IPUIPlugin:80 - create IPUIPlugin
2025-02-07 09:37:23,316 [INFO] IPUIPlugin:80 - create IPUIPlugin
2025-02-07 09:37:23,316 [INFO] IPUIPlugin:80 - create IPUIPlugin
2025-02-07 09:37:23,316 [INFO] IPUIPlugin:80 - create IPUIPlugin
2025-02-07 09:37:23,316 [INFO] IPUIPlugin:80 - create IPUIPlugin
2025-02-07 09:37:23,317 [INFO] IPUIPlugin:80 - create IPUIPlugin
2025-02-07 09:37:23,317 [INFO] IPUIPlugin:80 - create IPUIPlugin
2025-02-07 09:37:23,317 [INFO] IPUIPlugin:80 - create IPUIPlugin
2025-02-07 09:37:23,318 [INFO] IPUIPlugin:80 - create IPUIPlugin
2025-02-07 09:37:23,318 [INFO] IPUIPlugin:80 - create IPUIPlugin
2025-02-07 09:37:23,318 [INFO] IPUIPlugin:80 - create IPUIPlugin
2025-02-07 09:37:23,318 [INFO] IPUIPlugin:80 - create IPUIPlugin
2025-02-07 09:37:23,318 [INFO] IPUIPlugin:80 - create IPUIPlugin
2025-02-07 09:37:23,319 [INFO] IPUIPlugin:80 - create IPUIPlugin
2025-02-07 09:37:23,319 [INFO] IPUIPlugin:80 - create IPUIPlugin
2025-02-07 09:37:23,319 [INFO] IPUIPlugin:80 - create IPUIPlugin
2025-02-07 09:37:23,319 [INFO] IPUIPlugin:80 - create IPUIPlugin
2025-02-07 09:37:23,320 [INFO] IPUIPlugin:80 - create IPUIPlugin
2025-02-07 09:37:23,320 [INFO] IPUIPlugin:80 - create IPUIPlugin
2025-02-07 09:37:23,320 [INFO] IPUIPlugin:80 - create IPUIPlugin
2025-02-07 09:37:23,320 [INFO] IPUIPlugin:80 - create IPUIPlugin
2025-02-07 09:37:23,321 [INFO] IPUIPlugin:80 - create IPUIPlugin
2025-02-07 09:37:23,321 [INFO] IPUIPlugin:80 - create IPUIPlugin
2025-02-07 09:37:23,321 [INFO] IPUIPlugin:80 - create IPUIPlugin
2025-02-07 09:37:23,321 [INFO] IPUIPlugin:80 - create IPUIPlugin
2025-02-07 09:37:23,321 [INFO] IPUIPlugin:80 - create IPUIPlugin
2025-02-07 09:37:23,322 [INFO] IPUIPlugin:80 - create IPUIPlugin
2025-02-07 09:37:23,322 [INFO] IPUIPlugin:80 - create IPUIPlugin
2025-02-07 09:37:23,323 [INFO] IPUIPlugin:80 - create IPUIPlugin
2025-02-07 09:37:23,323 [INFO] IPUIPlugin:80 - create IPUIPlugin
2025-02-07 09:37:23,323 [INFO] IPUIPlugin:80 - create IPUIPlugin
2025-02-07 09:37:23,323 [INFO] IPUIPlugin:80 - create IPUIPlugin
2025-02-07 09:37:23,324 [INFO] IPUIPlugin:80 - create IPUIPlugin
2025-02-07 09:37:23,324 [INFO] IPUIPlugin:80 - create IPUIPlugin
2025-02-07 09:37:23,324 [INFO] IPUIPlugin:80 - create IPUIPlugin
2025-02-07 09:37:23,324 [INFO] IPUIPlugin:80 - create IPUIPlugin
2025-02-07 09:37:23,325 [INFO] IPUIPlugin:80 - create IPUIPlugin
2025-02-07 09:37:23,325 [INFO] IPUIPlugin:80 - create IPUIPlugin
2025-02-07 09:37:23,325 [INFO] IPUIPlugin:80 - create IPUIPlugin
2025-02-07 09:37:23,326 [INFO] IPUIPlugin:80 - create IPUIPlugin
2025-02-07 09:37:23,494 [INFO] CADModel:165 - CPN selected for project levelSTM32G474VET6
2025-02-07 09:37:23,494 [INFO] CADModel:114 - Register for checkConnection events
2025-02-07 09:37:23,536 [INFO] OpenFileManager:363 - Restore cursor
2025-02-07 09:37:24,218 [INFO] UtilMem:75 - End SaveConfig() Used Memory: 686206168 Bytes (905969664)
2025-02-07 09:37:24,286 [INFO] UtilMem:75 - End SaveConfig() Used Memory: 731044464 Bytes (905969664)
2025-02-07 09:37:24,783 [INFO] BlockDiagram:2766 - set Specific Code input for plugin: RCC
2025-02-07 09:37:24,783 [INFO] BlockDiagram:2766 - set Specific Code input for plugin: NVIC
2025-02-07 09:37:24,785 [INFO] CodeGenerator:896 - code generatio: config db path: D:\STM32CubeIDE_1.17.0\STM32CubeIDE\plugins\com.st.stm32cube.common.mx_6.13.0.202411220809\\db\
2025-02-07 09:37:24,917 [INFO] CodeEngine:255 - oldGeneratedFile, C:\Users\lemon\STM32CubeIDE\workspace_1.17.0\I2C\MXTmpFiles\license.tmp_save
2025-02-07 09:37:25,293 [INFO] CodeEngine:279 - Generated code: C:\Users\lemon\STM32CubeIDE\workspace_1.17.0\I2C\MXTmpFiles\license.tmp
2025-02-07 09:37:25,311 [INFO] CodeEngine:255 - oldGeneratedFile, C:\Users\lemon\STM32CubeIDE\workspace_1.17.0\I2C\Core\Src\stm32g4xx_it.c_save
2025-02-07 09:37:25,472 [INFO] CodeEngine:279 - Generated code: C:\Users\lemon\STM32CubeIDE\workspace_1.17.0\I2C\Core\Src\stm32g4xx_it.c
2025-02-07 09:37:25,476 [INFO] CodeEngine:255 - oldGeneratedFile, C:\Users\lemon\STM32CubeIDE\workspace_1.17.0\I2C\Core\Inc\stm32g4xx_it.h_save
2025-02-07 09:37:25,568 [INFO] CodeEngine:279 - Generated code: C:\Users\lemon\STM32CubeIDE\workspace_1.17.0\I2C\Core\Inc\stm32g4xx_it.h
2025-02-07 09:37:25,936 [INFO] CodeEngine:255 - oldGeneratedFile, C:\Users\lemon\STM32CubeIDE\workspace_1.17.0\I2C\Core\Src\stm32g4xx_hal_msp.c_save
2025-02-07 09:37:26,072 [INFO] CodeEngine:279 - Generated code: C:\Users\lemon\STM32CubeIDE\workspace_1.17.0\I2C\Core\Src\stm32g4xx_hal_msp.c
2025-02-07 09:37:26,076 [INFO] CodeEngine:255 - oldGeneratedFile, C:\Users\lemon\STM32CubeIDE\workspace_1.17.0\I2C\MXTmpFiles\system.tmp_save
2025-02-07 09:37:26,141 [INFO] CodeEngine:279 - Generated code: C:\Users\lemon\STM32CubeIDE\workspace_1.17.0\I2C\MXTmpFiles\system.tmp
2025-02-07 09:37:26,154 [INFO] CodeEngine:311 - oldGeneratedFile, C:\Users\lemon\STM32CubeIDE\workspace_1.17.0\I2C\Core\Inc\stm32g4xx_hal_conf.h_save
2025-02-07 09:37:26,237 [INFO] CodeEngine:335 - Generated code: C:\Users\lemon\STM32CubeIDE\workspace_1.17.0\I2C\Core\Inc\stm32g4xx_hal_conf.h
2025-02-07 09:37:26,268 [WARN] IPConfigManager:3034 - Warning: the RefConfig RCC_CommonPeriphClockConfig is not available in your config.xml file
2025-02-07 09:37:26,277 [INFO] ApiDbMcu:508 - Load IP Config File for RCC
2025-02-07 09:37:26,290 [INFO] CodeEngine:255 - oldGeneratedFile, C:\Users\lemon\STM32CubeIDE\workspace_1.17.0\I2C\Core\Inc\main.h_save
2025-02-07 09:37:26,393 [INFO] CodeEngine:279 - Generated code: C:\Users\lemon\STM32CubeIDE\workspace_1.17.0\I2C\Core\Inc\main.h
2025-02-07 09:37:26,397 [INFO] CodeEngine:255 - oldGeneratedFile, C:\Users\lemon\STM32CubeIDE\workspace_1.17.0\I2C\Core\Src\main.c_save
2025-02-07 09:37:26,548 [INFO] CodeEngine:279 - Generated code: C:\Users\lemon\STM32CubeIDE\workspace_1.17.0\I2C\Core\Src\main.c
2025-02-07 09:37:26,870 [INFO] ProjectBuilder:3289 - Time for Copy HAL[1] : 152mS.
2025-02-07 09:37:26,876 [INFO] ProjectBuilder:4876 - Project Generator version: 4.5.0-RC5
2025-02-07 09:37:26,963 [INFO] ConfigFileManager:1579 - The Die is : DIE469
2025-02-07 09:37:26,972 [INFO] ApiDbMcu:508 - Load IP Config File for FATFS
2025-02-07 09:37:26,979 [INFO] ApiDbMcu:508 - Load IP Config File for FREERTOS
2025-02-07 09:37:26,994 [INFO] ApiDbMcu:508 - Load IP Config File for USBPD
2025-02-07 09:37:27,011 [INFO] ApiDbMcu:508 - Load IP Config File for USB_DEVICE
2025-02-07 09:37:27,368 [INFO] LogOutputStream:77 - [STDOUT_REDIRECT] 
2025-02-07 09:37:29,407 [INFO] ProjectBuilder:5154 - Time for Generating toolchain IDE Files: 2530mS.
2025-02-07 09:37:29,408 [INFO] ProjectBuilder:3146 - Time for Copy CMSIS : 1mS.
2025-02-07 09:37:29,411 [INFO] ProjectBuilder:3146 - Time for Copy CMSIS : 0mS.
2025-02-07 09:37:30,887 [INFO] McuFinderGlobals:76 - Set McuFinderConnectedMode to true
2025-02-07 09:37:30,890 [INFO] ApiDb:448 - Save user favorites file C:\Users\lemon/.stm32cubeide/favorites.mcus.txt: 0 item(s)
2025-02-07 09:37:30,890 [INFO] ApiDb:452 - User favorites MCUs=[]
2025-02-07 09:42:38,166 [INFO] I2cTimingTraitement:330 - 0x00503D58
2025-02-07 09:42:38,618 [INFO] I2cTimingTraitement:330 - 0x00503D58
2025-02-07 09:42:38,863 [INFO] I2cTimingTraitement:330 - 0x00503D58
2025-02-07 09:42:39,150 [INFO] I2cTimingTraitement:330 - 0x00503D58
2025-02-07 09:46:51,988 [INFO] UtilMem:75 - End SaveConfig() Used Memory: 850284280 Bytes (1073741824)
2025-02-07 09:46:52,715 [INFO] UtilMem:75 - End SaveConfig() Used Memory: 883637560 Bytes (1073741824)
2025-02-07 09:46:56,748 [INFO] UtilMem:75 - End SaveConfig() Used Memory: 711464152 Bytes (1073741824)
2025-02-07 09:46:57,264 [INFO] BlockDiagram:2766 - set Specific Code input for plugin: SYS
2025-02-07 09:46:57,264 [INFO] BlockDiagram:2766 - set Specific Code input for plugin: RCC
2025-02-07 09:46:57,264 [INFO] BlockDiagram:2766 - set Specific Code input for plugin: I2C
2025-02-07 09:46:57,264 [INFO] BlockDiagram:2766 - set Specific Code input for plugin: NVIC
2025-02-07 09:46:57,265 [INFO] BlockDiagram:2766 - set Specific Code input for plugin: GPIO
2025-02-07 09:46:57,266 [INFO] CodeGenerator:896 - code generatio: config db path: D:\STM32CubeIDE_1.17.0\STM32CubeIDE\plugins\com.st.stm32cube.common.mx_6.13.0.202411220809\\db\
2025-02-07 09:46:57,332 [INFO] CodeEngine:255 - oldGeneratedFile, C:\Users\lemon\STM32CubeIDE\workspace_1.17.0\I2C\MXTmpFiles\license.tmp_save
2025-02-07 09:46:57,575 [INFO] CodeEngine:279 - Generated code: C:\Users\lemon\STM32CubeIDE\workspace_1.17.0\I2C\MXTmpFiles\license.tmp
2025-02-07 09:46:57,643 [INFO] CodeEngine:255 - oldGeneratedFile, C:\Users\lemon\STM32CubeIDE\workspace_1.17.0\I2C\MXTmpFiles\gpio.tmp_save
2025-02-07 09:46:57,761 [INFO] CodeEngine:279 - Generated code: C:\Users\lemon\STM32CubeIDE\workspace_1.17.0\I2C\MXTmpFiles\gpio.tmp
2025-02-07 09:46:57,843 [INFO] CodeEngine:255 - oldGeneratedFile, C:\Users\lemon\STM32CubeIDE\workspace_1.17.0\I2C\Core\Src\stm32g4xx_it.c_save
2025-02-07 09:46:58,054 [INFO] CodeEngine:279 - Generated code: C:\Users\lemon\STM32CubeIDE\workspace_1.17.0\I2C\Core\Src\stm32g4xx_it.c
2025-02-07 09:46:58,060 [INFO] CodeEngine:255 - oldGeneratedFile, C:\Users\lemon\STM32CubeIDE\workspace_1.17.0\I2C\Core\Inc\stm32g4xx_it.h_save
2025-02-07 09:46:58,138 [INFO] CodeEngine:279 - Generated code: C:\Users\lemon\STM32CubeIDE\workspace_1.17.0\I2C\Core\Inc\stm32g4xx_it.h
2025-02-07 09:46:58,151 [INFO] CodeEngine:255 - oldGeneratedFile, C:\Users\lemon\STM32CubeIDE\workspace_1.17.0\I2C\Core\Src\stm32g4xx_hal_msp.c_save
2025-02-07 09:46:58,290 [INFO] CodeEngine:279 - Generated code: C:\Users\lemon\STM32CubeIDE\workspace_1.17.0\I2C\Core\Src\stm32g4xx_hal_msp.c
2025-02-07 09:46:58,295 [INFO] CodeEngine:255 - oldGeneratedFile, C:\Users\lemon\STM32CubeIDE\workspace_1.17.0\I2C\MXTmpFiles\system.tmp_save
2025-02-07 09:46:58,349 [INFO] CodeEngine:279 - Generated code: C:\Users\lemon\STM32CubeIDE\workspace_1.17.0\I2C\MXTmpFiles\system.tmp
2025-02-07 09:46:58,362 [INFO] CodeEngine:311 - oldGeneratedFile, C:\Users\lemon\STM32CubeIDE\workspace_1.17.0\I2C\Core\Inc\stm32g4xx_hal_conf.h_save
2025-02-07 09:46:58,426 [INFO] CodeEngine:335 - Generated code: C:\Users\lemon\STM32CubeIDE\workspace_1.17.0\I2C\Core\Inc\stm32g4xx_hal_conf.h
2025-02-07 09:46:58,449 [WARN] IPConfigManager:3034 - Warning: the RefConfig RCC_CommonPeriphClockConfig is not available in your config.xml file
2025-02-07 09:46:58,453 [INFO] ApiDbMcu:508 - Load IP Config File for I2C1
2025-02-07 09:46:58,465 [INFO] CodeEngine:255 - oldGeneratedFile, C:\Users\lemon\STM32CubeIDE\workspace_1.17.0\I2C\Core\Inc\main.h_save
2025-02-07 09:46:58,561 [INFO] CodeEngine:279 - Generated code: C:\Users\lemon\STM32CubeIDE\workspace_1.17.0\I2C\Core\Inc\main.h
2025-02-07 09:46:58,567 [INFO] CodeEngine:255 - oldGeneratedFile, C:\Users\lemon\STM32CubeIDE\workspace_1.17.0\I2C\Core\Src\main.c_save
2025-02-07 09:46:58,670 [INFO] CodeEngine:279 - Generated code: C:\Users\lemon\STM32CubeIDE\workspace_1.17.0\I2C\Core\Src\main.c
2025-02-07 09:46:58,918 [INFO] ProjectBuilder:3289 - Time for Copy HAL[1] : 131mS.
2025-02-07 09:46:58,923 [INFO] ProjectBuilder:4876 - Project Generator version: 4.5.0-RC5
2025-02-07 09:46:58,984 [INFO] ConfigFileManager:1579 - The Die is : DIE469
2025-02-07 09:46:59,887 [INFO] ProjectBuilder:5154 - Time for Generating toolchain IDE Files: 964mS.
2025-02-07 09:46:59,888 [INFO] ProjectBuilder:3146 - Time for Copy CMSIS : 0mS.
2025-02-07 09:46:59,890 [INFO] ProjectBuilder:3146 - Time for Copy CMSIS : 0mS.
2025-02-07 11:16:45,563 [ERROR] LogOutputStream:75 - [STDERR_REDIRECT] 
